<?xml version="1.0" encoding="UTF-8" ?>
<testsuite errors="0" failures="1" hostname="iono-VirtualBox" name="xss_injection.xss_index_php_30" skipped="0" tests="1" time="32.301" timestamp="2014-05-14T20:20:44">
  <properties>
[...]
</properties>
  <testcase classname="xss_injection.xss_index_php_30" name="Attack" time="27.914">
    <failure message="Link with text [evil link] found in response." type="junit.framework.AssertionFailedError">junit.framework.AssertionFailedError: Link with text [evil link] found in response.
	at net.sourceforge.jwebunit.junit.WebTester.assertLinkNotPresentWithText(WebTester.java:1973)
	at xss_injection.xss_index_php_30.Attack(xss_index_php_30.java:59)
</failure>
  </testcase>
  <system-out><![CDATA[22:20:56.082 [main] DEBUG c.g.htmlunit.WebClient - Get page for window named '', using WebRequest[<url="http://localhost/schoolmate/index.php", GET, EncodingType[name=application/x-www-form-urlencoded], [], {Accept=text/html,application/xhtml+xml,application/xml;q=0.9,*/*;q=0.8, Accept-Encoding=gzip, deflate}, null>]
22:20:56.197 [main] DEBUG c.g.htmlunit.WebClient - Load response for GET http://localhost/schoolmate/index.php
22:20:58.838 [main] DEBUG o.a.h.c.protocol.RequestAddCookies - CookieSpec selected: mine
22:20:58.897 [main] DEBUG o.a.h.c.protocol.RequestAuthCache - Auth cache not set in the context
22:20:58.917 [main] DEBUG o.a.h.i.c.PoolingHttpClientConnectionManager - Connection request: [route: {}->http://localhost:80][total kept alive: 0; route allocated: 0 of 6; total allocated: 0 of 20]
22:20:59.207 [main] DEBUG o.a.h.i.c.PoolingHttpClientConnectionManager - Connection leased: [id: 0][route: {}->http://localhost:80][total kept alive: 0; route allocated: 1 of 6; total allocated: 1 of 20]
22:20:59.341 [main] DEBUG o.a.h.impl.execchain.MainClientExec - Opening connection {}->http://localhost:80
22:20:59.406 [main] DEBUG o.a.h.c.HttpClientConnectionManager - Connecting to localhost/127.0.0.1:80
22:20:59.458 [main] DEBUG o.a.h.impl.execchain.MainClientExec - Executing request GET /schoolmate/index.php HTTP/1.1
22:20:59.459 [main] DEBUG o.a.h.impl.execchain.MainClientExec - Target auth state: UNCHALLENGED
22:20:59.466 [main] DEBUG o.a.h.impl.execchain.MainClientExec - Proxy auth state: UNCHALLENGED
22:20:59.500 [main] DEBUG org.apache.http.headers - http-outgoing-0 >> GET /schoolmate/index.php HTTP/1.1
22:20:59.501 [main] DEBUG org.apache.http.headers - http-outgoing-0 >> Host: localhost
22:20:59.501 [main] DEBUG org.apache.http.headers - http-outgoing-0 >> User-Agent: Mozilla/5.0 (Windows NT 6.1; rv:24.0) Gecko/20100101 Firefox/24.0
22:20:59.502 [main] DEBUG org.apache.http.headers - http-outgoing-0 >> Accept: text/html,application/xhtml+xml,application/xml;q=0.9,*/*;q=0.8
22:20:59.502 [main] DEBUG org.apache.http.headers - http-outgoing-0 >> Accept-Encoding: gzip, deflate
22:20:59.507 [main] DEBUG org.apache.http.headers - http-outgoing-0 >> Accept-Language: en-US
22:20:59.507 [main] DEBUG org.apache.http.headers - http-outgoing-0 >> Connection: Keep-Alive
22:20:59.509 [main] DEBUG org.apache.http.wire - http-outgoing-0 >> "GET /schoolmate/index.php HTTP/1.1[\r][\n]"
22:20:59.510 [main] DEBUG org.apache.http.wire - http-outgoing-0 >> "Host: localhost[\r][\n]"
22:20:59.510 [main] DEBUG org.apache.http.wire - http-outgoing-0 >> "User-Agent: Mozilla/5.0 (Windows NT 6.1; rv:24.0) Gecko/20100101 Firefox/24.0[\r][\n]"
22:20:59.511 [main] DEBUG org.apache.http.wire - http-outgoing-0 >> "Accept: text/html,application/xhtml+xml,application/xml;q=0.9,*/*;q=0.8[\r][\n]"
22:20:59.511 [main] DEBUG org.apache.http.wire - http-outgoing-0 >> "Accept-Encoding: gzip, deflate[\r][\n]"
22:20:59.511 [main] DEBUG org.apache.http.wire - http-outgoing-0 >> "Accept-Language: en-US[\r][\n]"
22:20:59.512 [main] DEBUG org.apache.http.wire - http-outgoing-0 >> "Connection: Keep-Alive[\r][\n]"
22:20:59.512 [main] DEBUG org.apache.http.wire - http-outgoing-0 >> "[\r][\n]"
22:20:59.530 [main] DEBUG org.apache.http.wire - http-outgoing-0 << "HTTP/1.1 200 OK[\r][\n]"
22:20:59.530 [main] DEBUG org.apache.http.wire - http-outgoing-0 << "Date: Wed, 14 May 2014 20:20:59 GMT[\r][\n]"
22:20:59.530 [main] DEBUG org.apache.http.wire - http-outgoing-0 << "Server: Apache/2.4.6 (Ubuntu)[\r][\n]"
22:20:59.531 [main] DEBUG org.apache.http.wire - http-outgoing-0 << "X-Powered-By: PHP/5.5.3-1ubuntu2.2[\r][\n]"
22:20:59.534 [main] DEBUG org.apache.http.wire - http-outgoing-0 << "Set-Cookie: PHPSESSID=fofgkavg201t8tct7lnqd4nr94; path=/[\r][\n]"
22:20:59.538 [main] DEBUG org.apache.http.wire - http-outgoing-0 << "Expires: Thu, 19 Nov 1981 08:52:00 GMT[\r][\n]"
22:20:59.538 [main] DEBUG org.apache.http.wire - http-outgoing-0 << "Cache-Control: no-store, no-cache, must-revalidate, post-check=0, pre-check=0[\r][\n]"
22:20:59.538 [main] DEBUG org.apache.http.wire - http-outgoing-0 << "Pragma: no-cache[\r][\n]"
22:20:59.548 [main] DEBUG org.apache.http.wire - http-outgoing-0 << "Vary: Accept-Encoding[\r][\n]"
22:20:59.548 [main] DEBUG org.apache.http.wire - http-outgoing-0 << "Content-Encoding: gzip[\r][\n]"
22:20:59.548 [main] DEBUG org.apache.http.wire - http-outgoing-0 << "Content-Length: 1753[\r][\n]"
22:20:59.548 [main] DEBUG org.apache.http.wire - http-outgoing-0 << "Keep-Alive: timeout=5, max=100[\r][\n]"
22:20:59.556 [main] DEBUG org.apache.http.wire - http-outgoing-0 << "Connection: Keep-Alive[\r][\n]"
22:20:59.557 [main] DEBUG org.apache.http.wire - http-outgoing-0 << "Content-Type: text/html[\r][\n]"
22:20:59.557 [main] DEBUG org.apache.http.wire - http-outgoing-0 << "[\r][\n]"
22:20:59.558 [main] DEBUG org.apache.http.wire - http-outgoing-0 << "[0x1f][0x8b][0x8][0x0][0x0][0x0][0x0][0x0][0x0][0x3][0xd5]Y[o[0xdb]6[0x14]~[0x96][0x80][0xfe][0x7][0xa2][0xc3][0xa6][0xad][0xa8]e[0xd9][0xae][0xd3][0xd4][0xb1][0x5]$i[0x82][\r]M[0xda]bI1[0xec]i[0xd0][0x85][0xb6][0xd4]J[0xa2] [0xd2]q[0xbc]a[0xff]}[0x87]7YR[0xe8]K[0x82]u[0x17]+[0xb0]$[0xf2][0xf0][0xf0];[0xf7]Cg[0x9a][0xb0]<[0xf3]m4Mp[0x10][0xf3];KY[0x86][0xfd][0x9b](!$[0xbb][0xe][0x18]F=$_[0xd0][0xfb] [0xc7][0xd3][0xbe][0x9c][0x7]B[0xca][0xd6][0x19]Fl][0xe2][0xd9]s[0x86][0xef]Y?[0xa2][0xf4][0xb9]o[0xdb][0xa8][0xff][0x2][0x9d]}x[0xfb]+z[0xd1][0xb7]QH[0xe2][0xb5][0x8d][0xfe][0xb0][0x11][\n]"
22:20:59.558 [main] DEBUG org.apache.http.wire - http-outgoing-0 << "[0x83][0xe8][0xcb][0xa2]"[0xcb]"[0xee]E$#[0xd5][0x4]}3[0x1a][0x1d][0x1d][0xbd]ysb[0xa3]?[0xe5][0xaa][0xab][0x9f][0xde][0xbf][0xbb][0x11][0xcb][0xd0][0xa9];'[0x84][0xe1][\n]"
22:20:59.567 [main] DEBUG org.apache.http.wire - http-outgoing-0 << "[0x1e][0xf9]b[0x84][0xe6][0xa4]`[0xbd]y[0x90][0xa7][0xd9]z[0x82][0x82]*[\r][0xb2][0x93][0xcd]8M[0xc7][0x13]4[0xf0]J[0xd6][0x18]\[0xe1]t[0x91][0xb0][0x9]*H[0x95]kj[0xb5]3M[0xb3];\[0xc9]![0xe][0xbd][0x17][0xe3][0x88]T[0x1]KI1A[0x80][0x10]WYZ`>[0xcf][0x91][0xd5]`&[0x9][0xb9][0xfb]Z[0x90][0xc2][0xc][0xf4]sb[[0x7][0xc1][0xc9]q[0xb1][0x14]0,[0x13][0x6][0xab][0x9]`[0xc8][0x1]X[0xad][0xdd]C[0x92][0xc5]0[0xa6][0xad][0x80][0x8f][0xa2]`[0x14][0x9b][0xb6].[0xc8][0x83]][0x1b]*0[0xee][0xdd][0x95][0xd8][0x96][0xdf][0x8][0xe0][0x12]>gg[[0xac][0xd1][0xc1]P[0x6][0xb]@[0x91]k[0x1b]l[0x81]`[0xb2][0xc0]6[0x3]h[0x14][0xc7][0x1e][0xbf][0xc4][0xd0][0x81] [0xda][0xee][0xf0]7B9=[0xe7][0xd7]AP([0xce]p[0xc4]p[0xfc][0xf5][0xf4][0xe2][0x89][0x8f][0x19][0x8c][0xc9]7;[0x88][0xfe][0x15]%[0x99]p[0xa5][0xc][0xe7][0xf4]?[0xa0][0x1f][0x81][0xe3][0xab]ie|[0xc9][0xaf]C[0xd1]@[0xce][0xbd]==[0xbb][0xba]PI[0x97][0x5]a[0x86]el[0x1b][0xb2][0xf5][0xa5][0xf8][0xd4]k[0x5][0xb1][0xbb][0xde]I.[0xa3][0xba]A[0x1e][0xaf][0xb][0x10]3[0xca]R[0xca][0xb4][0xf0]![0xa9][0x0]V[0xbd]l|[0xcc][0xaf][0x93][0xc6][0xcc]*[0x8d]Y2A[0xae][0xf7]z|q[0xdd][0x9c][0x10][0x5][0x8][0x92]9[0xc9][0xd2]X[0x8c][0x97]A[0x1c][0xa7][0xc5][0xa2]WI[0xf5][0xc][0xca][0xfb][0xd6]pH[0x18]#[0xf9][0xc3][0xf1][0xc][0xcf][0x81][0xda][0xeb][0x8c]2R[0xd6][0x83]R[0x82][0xd8][\r]k[0xd0];[0x8a][0xd9][0x86][0xfa][0xee] [0xf2][0xe6]l[0x85]K[0x1c][0x0][0x18]y[0xef][0xad][0x9b][0xec]V;[0xb8]um[0x13][0xbb]AQ[0x0]E[0x84]!i[0xd7][0xaa][0x16][0x1e][0x11]d[0xe9][0x2][0x9c][0xe1][0xf3][0x92][0xb2]t[0xbe]6(b[0xd8][0xd5][0x84]R[0xe7][0xb0][0xa9][0xc][0x97][0xc4][0xf1][0xe]<[0xdd][0xe0]T[0x9b]F[0x0]F[0xd6]][0xc9][0x4][0xdf][0xe1]b[0x7][0x97][0xb][0x8f]_{[0xb9][0xf0][0xce]e[0x13]L{][0x11][0x9c][0xfe][0xc7][0x8b][0xd3][0xb7][0x17]?+[0xaf]O[0x6]zi[0xbb][0xa2][0xb1]4[0xc7][0xf4]AE[0x1b][0xe][0x8d][0x15]][0x96]4d[0xce][0xb][0xdb][0xb3][0xf8]N[0xc1][0x92]![0x94]\J![0x8f][0x1a][0xea][0xad][0x19][0xdd][0xe0]h[0xf][0xba]'![0x1][0x8d][0x9d][0xba][0xb9][0xfd]p[0x8d][0xce][0xaf]Nont[0xba][0xd0][0xe8]Br[0xbf]7[0xb]X[0xc6][0x98][0xb5][0xcc]!nurB[0xdd][0xa1]([0x8f][0x14][0xf9][0xf0][0xbe][0xf3][0x5][0xd3]yZhV[0x83][0xf1]f(QZ[0xd0]c[0x8a]d[0xc4][0xad]c[0xe9][0xc9][0xa1]x[0xdb][0xdb]N[0x89]<l5U[0xc5][0x83][0x6][0x86]x>[0x9f]gd[0xd5][0xa9][0xd0][\r][0x1d]I[0x9d][0xfe]/4[0xf5]DE[0x99]<[0xc8][0x2][0xbd][0xb0]4[\n]"
22:20:59.568 [main] DEBUG org.apache.http.wire - http-outgoing-0 << "2=[0x91][0xa7]q[0x9c][0xe1][0x96][0xc6][0x82]%#[0x1b][0x8d][0xfd]3[0x8d][0xbf][0xdc]k[0x8d]3@[0xc0]qo[0xf][0xb1][0xa6][0xfd][0x87][0xe3][0x87][0xed][0xb4][0xde][0xe6]q[\r][0xb5]=[0xed][0xb][0xb][0xfb][0xf0][0xa0][0x8e]^p[0xa6][0xe2][0xc7]%D[0x8a]+[0x12][0xc4]3'&[0xd1][0x92][0xa7]o7#[0x8b][0xb4]p[0x97][0x14]WP=1((Z[0xd2][0xef]8q[0xc4]q[0x8d][0xd7]U[0xd0]v[0x96])[0x93][0xcf]<[0xf1]F[0xcb] [0x92]o[0xd2]E[0xe0]A[0x98]s[0xe6][0xc]<[0xef][[0x7]Is[0xce][0x9c]cO[0xb2][0xa9][0xc4]w[0x8c][0xa2],[0xa0]t[0xe6][0x84][0x8e]&[0x7][0xeb]s[\n]"
22:20:59.569 [main] DEBUG org.apache.http.wire - http-outgoing-0 << "4M[0xf3][0x5][0xa2]U4s[0xdc]~[0x9a][0x83]KSy[0x14]t[0x17][0xe9]|[0xc3][0xee][0xf5][0xb8][0xb5][0x10][0xf5]9[0xdb]>[0x8b][0xbb][0xdc][0x5][0xc7][0xc7]c?[0x6][0xe8]ri%o[0x1d][0x96]h[0x1a][0xa7]wzhc\[0x7][0x9][0xe7][0x9b]9[0xd2]+[0x1d][0xbf]u[0xa2][0x85]%[0x82][0x99][0x84][0xc9][0xef][0x95][0xba]s|[0xb5][0x0]r[0xbc][0x1e][0xad]uoV[0xeb]1[0xbc][0xd4][0xe8][0xdb]B[0xb5][0x5][0xee] [0xb3][0x8d][0xb2][0xd5][0x9b][0x8c][0xbc]z[0x8f][0x81][0xe7]Oq^[0xb2][0xb5]_#7,[0x19]x[0x8d][0x8a][0xd8][0xb4][0x1d])y[0xe6][0x12][0xd6][0xdb][0xcd][0xa7][0xde]n+[0xa3][0x3][0x98][0xec][0x5]#[0x9a][0xc][0x13]#[0xa9]v{[0x8b][0xd1]5[0xe3][0x91][0x87][0xee][0x94]&[0x81][0x99][0xf2][0x85][0xb0]j[0xd9][0xb5][0xb1][0xee]n[0x1f][0xa2][0x8d]n[0xbe]+BZ[0x9e][0x18][0x98][0xac][0x1c][0xc3][0x96][0xd2]%[0xe]0[0xfc]plv[0x1c][0xf1][0xe6][0xdb][0x96][0x10][0xd6][0x12][0xfb][0xb5]w[0xb1][0x94]`[0x16][0xea]:[0xe0][0xd8]k[0xb8]\[0xdb][0xad]v[0x0][0x19]+V\[0xc9][0x16][0x92][0x12]*[0x8e]c[0xe]L1[0xe2][\n]"
22:20:59.569 [main] DEBUG org.apache.http.wire - http-outgoing-0 << "[0xe9][\n]"
22:20:59.570 [main] DEBUG org.apache.http.wire - http-outgoing-0 << "lY[0xcd]p[0xdb]T:1[0x85][0xd0][0x7][0xb0]iZ[0x4][0x99][0xe8],8[0xb1][0x8c]4[0xb1][0x89]P[0xa7][0x92][0xcf][0xb0][0x9b][0xf0][0x86][0xc7]m'[0x95][0x2][0xf7]9[0xe4]c[0x14]D<[0xe3][\n]"
22:20:59.571 [main] DEBUG org.apache.http.wire - http-outgoing-0 << "[0x83][0xc2][0xa9][0xe7][0xde]-[0x93][0xd2]A9f[0x9][0x1]+[0x97][0x84][0x2]s[0x9e]KA.[0x9e][[0x1d]w0[0x8f][0x9f][0x16][0xcc]u"R[\n]"
22:20:59.573 [main] DEBUG org.apache.http.wire - http-outgoing-0 << "[0x91]6[0xd5]Jn[0x8b][0xaa][0xf6][0x1a]o[0xfc]X[0x16]J[0x8][0x87][0xd0][0xff][0xa4]R[0xff]D;c[0xa8][0xa2]C3[0xf3][0xa7]iQ.[0x99][0xfc]5[0x8e][0xab][I[0xa7]k[0x6][0xc8][0x1e][0xdc]g[0xb8]Xp[0x97][0xd7][0x9e]78np[0x91]av [0xca]Wc[0x13][0xca][0x8f] [0xec][\n]"
22:20:59.573 [main] DEBUG org.apache.http.wire - http-outgoing-0 << "[0xb4]t[0x18][0xca]RQ+[0xa4][0xfa][0xf5][0xc9]H[[0x81][0xda][0x85][0xaf][\r]R[0xe3]oA[0xa1][0xcb]0O[0x19][0x17]i[0x9]H[0xae][0x84]G@[0x15]>[0xcf][0xd2][0xe8][0xcb][0x83]2,[0xbf]%[0xed][0x0]j[0xb0]v[0xe5]&[0xb2][0xba]H[0x8][0x18][0x8d][0x9d][0x9c][0x4][0xd4][0x85][0xb][0xa7][0x16]z[0x81][0x1d][0xbd][0xaf][0xe7][0xec][0xa5]W[0xce]*[0x2][0xb6][0xcf][0xfd]\[0xa4][0x8][0x15]V[\n]"
22:20:59.573 [main] DEBUG org.apache.http.wire - http-outgoing-0 << "[0x8][0xda]T0[0x15][0xd5][0xdb][0x83][0xda][0x1c]f[0xe6]([0xab][0xb][0x94]e[0xcc]r[0xdb]*x3[0x4][0x94][0xc1][0x8c][0x96][0xe9][0xfa][0x13][0x8f]v[0x19][0xd1][0x86][0xc6][0x83][0x8a][0xf2][0xed]~.[0x17][0xe][0x12]][0x14]We[0xf3][0xc];[0xe2][\r]l[0xfb](/[0x8e][0xaf]u![0x1d][0x8e]F[0x8d][0x9c];[0x18]t;[0x84].[0x1e][0xde][0xc8]X:oY[0xda][0xd2][\r]C[0xd7]mD[0x9d][0xdb][0x1e][0x93]H[0xd1]^[0x9d][0xa3]i2[0xec][0x10]8[0xfe]-[0x89][0x83][0xb5]C[0xd1][0xb5][0x1c][0x80]Nr[0xe8][0xd7][0xd5][0x1][0xdd]&)E[0xf0][0xc7][0x12][0xac])[0x10][0x99][0x8b]WX6[0xe9]=[0xb3][0xf9][0xf5][0xb][0x86][0x91][0xb4][0xf8][0x82][0xc8][0xb2]B[0xf3][0x0]f+[\n]"
22:20:59.574 [main] DEBUG org.apache.http.wire - http-outgoing-0 << "}4[0xc9][0xe8]K8|[0x80][0x4][0x14][0xc8][0xe1][0x8e][0x11][0x14][0xc9][0xd5][0xcb]gvA[0xe0]}[0x19]2[0xb1][0x80]OS[0x6][0x84][0x5]E+[0xb2][0xcc]b[0xc5]lI[0x9f][0xd9][0x94][0xb8];[0xdd][0xb3][0xdb]`mz[0xaf]zF[0x97][0xdd][0xc7][0x15][0xef]F/![0x93][0x82]N[\r][0xbc]oo[0xf7][0x15][0xfb][0x9a][0x8a]MY>[0xb4][0xc1]i.1[0xc3][0x93][0xbf]C=[0xae][0xfb][0xda][0xc7][0xed]1-[0xd8][0xa1]<[0xf7][0xb4]d-[0xd5][0x11][0x1e][0xf2][0xc5][0xec][0x15][\n]"
22:20:59.574 [main] DEBUG org.apache.http.wire - http-outgoing-0 << "[0x17][0xe7][0xfc][0x18]4s[0xd4]/\[0x1b][0x9][0x86][0x9e][0xea][0x91][0xa4]W[0x8b]g4[0xe5][0xcb]4Hy[0xf2]s[0xfc][0x8f]d[0x85]+[0x1c][0xa3][0xb3]5[0xea][0xc1]f[0x9c][0xc4][0x9f][0x6][0x88][0x5][0xd5][0x2][0x3][0xa3][0xdf][0xce][0xae]N[0xdf][0xbf][0x3][0xc6][0x15][0x9e]C[0x86]d[0xac][0x9c][0xf4][0xfb][0xab][0xd5][0xca][0x85]&2[0xf][0x18][0xe][0xca][0x12]2[0xb7]8rQ7"[0xb9][0xd3][0xe5][0xbf][0xf9][0xe7][0xd6][0xb4][0x1f]t1udl[0xf8](?[0x9c][0x89][0x7][0xf1]/[0xb3][0xbf][0x0][0x8]peE9[0x1b][0x0][0x0]"
22:20:59.615 [main] DEBUG org.apache.http.headers - http-outgoing-0 << HTTP/1.1 200 OK
22:20:59.616 [main] DEBUG org.apache.http.headers - http-outgoing-0 << Date: Wed, 14 May 2014 20:20:59 GMT
22:20:59.617 [main] DEBUG org.apache.http.headers - http-outgoing-0 << Server: Apache/2.4.6 (Ubuntu)
22:20:59.617 [main] DEBUG org.apache.http.headers - http-outgoing-0 << X-Powered-By: PHP/5.5.3-1ubuntu2.2
22:20:59.617 [main] DEBUG org.apache.http.headers - http-outgoing-0 << Set-Cookie: PHPSESSID=fofgkavg201t8tct7lnqd4nr94; path=/
22:20:59.617 [main] DEBUG org.apache.http.headers - http-outgoing-0 << Expires: Thu, 19 Nov 1981 08:52:00 GMT
22:20:59.617 [main] DEBUG org.apache.http.headers - http-outgoing-0 << Cache-Control: no-store, no-cache, must-revalidate, post-check=0, pre-check=0
22:20:59.617 [main] DEBUG org.apache.http.headers - http-outgoing-0 << Pragma: no-cache
22:20:59.619 [main] DEBUG org.apache.http.headers - http-outgoing-0 << Vary: Accept-Encoding
22:20:59.622 [main] DEBUG org.apache.http.headers - http-outgoing-0 << Content-Encoding: gzip
22:20:59.625 [main] DEBUG org.apache.http.headers - http-outgoing-0 << Content-Length: 1753
22:20:59.625 [main] DEBUG org.apache.http.headers - http-outgoing-0 << Keep-Alive: timeout=5, max=100
22:20:59.625 [main] DEBUG org.apache.http.headers - http-outgoing-0 << Connection: Keep-Alive
22:20:59.626 [main] DEBUG org.apache.http.headers - http-outgoing-0 << Content-Type: text/html
22:20:59.697 [main] DEBUG o.a.h.impl.execchain.MainClientExec - Connection can be kept alive for 5000 MILLISECONDS
22:20:59.873 [main] DEBUG o.a.h.c.p.ResponseProcessCookies - Cookie accepted [PHPSESSID="fofgkavg201t8tct7lnqd4nr94", version:0, domain:localhost, path:/, expiry:null]
22:21:00.038 [main] DEBUG o.a.h.i.c.PoolingHttpClientConnectionManager - Connection [id: 0][route: {}->http://localhost:80] can be kept alive for 5.0 seconds
22:21:00.039 [main] DEBUG o.a.h.i.c.PoolingHttpClientConnectionManager - Connection released: [id: 0][route: {}->http://localhost:80][total kept alive: 1; route allocated: 1 of 6; total allocated: 1 of 20]
22:21:00.490 [main] DEBUG c.g.htmlunit.WebWindowImpl - setEnclosedPage: HtmlPage(http://localhost/schoolmate/index.php)@15181490
22:21:00.491 [main] DEBUG c.g.htmlunit.WebWindowImpl - destroyChildren
22:21:02.879 [main] DEBUG c.g.h.j.c.AbstractJavaScriptConfiguration - Mapping com.gargoylesoftware.htmlunit.svg.SvgForeignObject to SVGForeignObjectElement
22:21:02.882 [main] DEBUG c.g.h.j.c.AbstractJavaScriptConfiguration - Mapping com.gargoylesoftware.htmlunit.html.HtmlInput to HTMLInputElement
22:21:02.882 [main] DEBUG c.g.h.j.c.AbstractJavaScriptConfiguration - Mapping com.gargoylesoftware.htmlunit.svg.SvgFeSpecularLighting to SVGFESpecularLightingElement
22:21:02.883 [main] DEBUG c.g.h.j.c.AbstractJavaScriptConfiguration - Mapping com.gargoylesoftware.htmlunit.html.DomAttr to Attr
22:21:02.883 [main] DEBUG c.g.h.j.c.AbstractJavaScriptConfiguration - Mapping com.gargoylesoftware.htmlunit.svg.SvgFeDiffuseLighting to SVGFEDiffuseLightingElement
22:21:02.883 [main] DEBUG c.g.h.j.c.AbstractJavaScriptConfiguration - Mapping com.gargoylesoftware.htmlunit.html.HtmlSpan to HTMLSpanElement
22:21:02.883 [main] DEBUG c.g.h.j.c.AbstractJavaScriptConfiguration - Mapping com.gargoylesoftware.htmlunit.svg.SvgFeColorMatrix to SVGFEColorMatrixElement
22:21:02.883 [main] DEBUG c.g.h.j.c.AbstractJavaScriptConfiguration - Mapping com.gargoylesoftware.htmlunit.html.HtmlTableColumn to HTMLTableColElement
22:21:02.884 [main] DEBUG c.g.h.j.c.AbstractJavaScriptConfiguration - Mapping com.gargoylesoftware.htmlunit.html.HtmlTableColumnGroup to HTMLTableColElement
22:21:02.913 [main] DEBUG c.g.h.j.c.AbstractJavaScriptConfiguration - Mapping com.gargoylesoftware.htmlunit.html.HtmlMarquee to HTMLDivElement
22:21:02.949 [main] DEBUG c.g.h.j.c.AbstractJavaScriptConfiguration - Mapping com.gargoylesoftware.htmlunit.html.HtmlDivision to HTMLDivElement
22:21:02.949 [main] DEBUG c.g.h.j.c.AbstractJavaScriptConfiguration - Mapping com.gargoylesoftware.htmlunit.html.HtmlCaption to HTMLTableCaptionElement
22:21:02.949 [main] DEBUG c.g.h.j.c.AbstractJavaScriptConfiguration - Mapping com.gargoylesoftware.htmlunit.html.HtmlUnknownElement to HTMLUnknownElement
22:21:02.949 [main] DEBUG c.g.h.j.c.AbstractJavaScriptConfiguration - Mapping com.gargoylesoftware.htmlunit.html.HtmlMenu to HTMLMenuElement
22:21:02.950 [main] DEBUG c.g.h.j.c.AbstractJavaScriptConfiguration - Mapping com.gargoylesoftware.htmlunit.html.HtmlInsertedText to HTMLModElement
22:21:02.950 [main] DEBUG c.g.h.j.c.AbstractJavaScriptConfiguration - Mapping com.gargoylesoftware.htmlunit.html.HtmlDeletedText to HTMLModElement
22:21:02.950 [main] DEBUG c.g.h.j.c.AbstractJavaScriptConfiguration - Mapping com.gargoylesoftware.htmlunit.html.HtmlTime to HTMLTimeElement
22:21:02.963 [main] DEBUG c.g.h.j.c.AbstractJavaScriptConfiguration - Mapping com.gargoylesoftware.htmlunit.html.HtmlListItem to HTMLLIElement
22:21:02.965 [main] DEBUG c.g.h.j.c.AbstractJavaScriptConfiguration - Mapping com.gargoylesoftware.htmlunit.svg.SvgFeDistantLight to SVGFEDistantLightElement
22:21:02.966 [main] DEBUG c.g.h.j.c.AbstractJavaScriptConfiguration - Mapping com.gargoylesoftware.htmlunit.html.HtmlKeygen to HTMLKeygenElement
22:21:02.967 [main] DEBUG c.g.h.j.c.AbstractJavaScriptConfiguration - Mapping com.gargoylesoftware.htmlunit.html.HtmlStyle to HTMLStyleElement
22:21:02.971 [main] DEBUG c.g.h.j.c.AbstractJavaScriptConfiguration - Mapping com.gargoylesoftware.htmlunit.html.HtmlFrameSet to HTMLFrameSetElement
22:21:02.977 [main] DEBUG c.g.h.j.c.AbstractJavaScriptConfiguration - Mapping com.gargoylesoftware.htmlunit.html.HtmlOption to HTMLOptionElement
22:21:02.977 [main] DEBUG c.g.h.j.c.AbstractJavaScriptConfiguration - Mapping com.gargoylesoftware.htmlunit.html.HtmlEmbed to HTMLEmbedElement
22:21:02.977 [main] DEBUG c.g.h.j.c.AbstractJavaScriptConfiguration - Mapping com.gargoylesoftware.htmlunit.svg.SvgElement to SVGElement
22:21:02.978 [main] DEBUG c.g.h.j.c.AbstractJavaScriptConfiguration - Mapping com.gargoylesoftware.htmlunit.svg.SvgFeFlood to SVGFEFloodElement
22:21:02.978 [main] DEBUG c.g.h.j.c.AbstractJavaScriptConfiguration - Mapping com.gargoylesoftware.htmlunit.svg.SvgMask to SVGMaskElement
22:21:02.978 [main] DEBUG c.g.h.j.c.AbstractJavaScriptConfiguration - Mapping com.gargoylesoftware.htmlunit.html.HtmlAudio to HTMLAudioElement
22:21:02.979 [main] DEBUG c.g.h.j.c.AbstractJavaScriptConfiguration - Mapping com.gargoylesoftware.htmlunit.svg.SvgSymbol to SVGSymbolElement
22:21:02.984 [main] DEBUG c.g.h.j.c.AbstractJavaScriptConfiguration - Mapping com.gargoylesoftware.htmlunit.html.HtmlBase to HTMLBaseElement
22:21:02.986 [main] DEBUG c.g.h.j.c.AbstractJavaScriptConfiguration - Mapping com.gargoylesoftware.htmlunit.html.HtmlMap to HTMLMapElement
22:21:02.986 [main] DEBUG c.g.h.j.c.AbstractJavaScriptConfiguration - Mapping com.gargoylesoftware.htmlunit.html.HtmlHtml to HTMLHtmlElement
22:21:02.986 [main] DEBUG c.g.h.j.c.AbstractJavaScriptConfiguration - Mapping com.gargoylesoftware.htmlunit.html.HtmlInlineQuotation to HTMLInlineQuotationElement
22:21:02.987 [main] DEBUG c.g.h.j.c.AbstractJavaScriptConfiguration - Mapping com.gargoylesoftware.htmlunit.html.HtmlSelect to HTMLSelectElement
22:21:02.990 [main] DEBUG c.g.h.j.c.AbstractJavaScriptConfiguration - Mapping com.gargoylesoftware.htmlunit.svg.SvgMetadata to SVGMetadataElement
22:21:02.990 [main] DEBUG c.g.h.j.c.AbstractJavaScriptConfiguration - Mapping com.gargoylesoftware.htmlunit.svg.SvgUse to SVGUseElement
22:21:02.997 [main] DEBUG c.g.h.j.c.AbstractJavaScriptConfiguration - Mapping com.gargoylesoftware.htmlunit.html.HtmlHorizontalRule to HTMLHRElement
22:21:02.997 [main] DEBUG c.g.h.j.c.AbstractJavaScriptConfiguration - Mapping com.gargoylesoftware.htmlunit.svg.SvgRadialGradient to SVGRadialGradientElement
22:21:02.997 [main] DEBUG c.g.h.j.c.AbstractJavaScriptConfiguration - Mapping com.gargoylesoftware.htmlunit.html.HtmlProgress to HTMLProgressElement
22:21:02.998 [main] DEBUG c.g.h.j.c.AbstractJavaScriptConfiguration - Mapping com.gargoylesoftware.htmlunit.svg.SvgFeMergeNode to SVGFEMergeNodeElement
22:21:02.998 [main] DEBUG c.g.h.j.c.AbstractJavaScriptConfiguration - Mapping com.gargoylesoftware.htmlunit.html.HtmlTableRow to HTMLTableRowElement
22:21:02.998 [main] DEBUG c.g.h.j.c.AbstractJavaScriptConfiguration - Mapping com.gargoylesoftware.htmlunit.html.HtmlDirectory to HTMLDirectoryElement
22:21:02.998 [main] DEBUG c.g.h.j.c.AbstractJavaScriptConfiguration - Mapping com.gargoylesoftware.htmlunit.html.HtmlWordBreak to HTMLWBRElement
22:21:02.999 [main] DEBUG c.g.h.j.c.AbstractJavaScriptConfiguration - Mapping com.gargoylesoftware.htmlunit.html.HtmlMeter to HTMLMeterElement
22:21:02.999 [main] DEBUG c.g.h.j.c.AbstractJavaScriptConfiguration - Mapping com.gargoylesoftware.htmlunit.html.DomCharacterData to CharacterDataImpl
22:21:02.999 [main] DEBUG c.g.h.j.c.AbstractJavaScriptConfiguration - Mapping com.gargoylesoftware.htmlunit.html.HtmlBlockQuote to HTMLBlockQuoteElement
22:21:02.999 [main] DEBUG c.g.h.j.c.AbstractJavaScriptConfiguration - Mapping com.gargoylesoftware.htmlunit.html.HtmlForm to HTMLFormElement
22:21:02.999 [main] DEBUG c.g.h.j.c.AbstractJavaScriptConfiguration - Mapping com.gargoylesoftware.htmlunit.html.HtmlOutput to HTMLOutputElement
22:21:03.000 [main] DEBUG c.g.h.j.c.AbstractJavaScriptConfiguration - Mapping com.gargoylesoftware.htmlunit.html.HtmlUnorderedList to HTMLUListElement
22:21:03.034 [main] DEBUG c.g.h.j.c.AbstractJavaScriptConfiguration - Mapping com.gargoylesoftware.htmlunit.html.HtmlButton to HTMLButtonElement
22:21:03.034 [main] DEBUG c.g.h.j.c.AbstractJavaScriptConfiguration - Mapping com.gargoylesoftware.htmlunit.html.HtmlHeading1 to HTMLHeadingElement
22:21:03.035 [main] DEBUG c.g.h.j.c.AbstractJavaScriptConfiguration - Mapping com.gargoylesoftware.htmlunit.html.HtmlHeading4 to HTMLHeadingElement
22:21:03.039 [main] DEBUG c.g.h.j.c.AbstractJavaScriptConfiguration - Mapping com.gargoylesoftware.htmlunit.html.HtmlHeading5 to HTMLHeadingElement
22:21:03.039 [main] DEBUG c.g.h.j.c.AbstractJavaScriptConfiguration - Mapping com.gargoylesoftware.htmlunit.html.HtmlHeading2 to HTMLHeadingElement
22:21:03.077 [main] DEBUG c.g.h.j.c.AbstractJavaScriptConfiguration - Mapping com.gargoylesoftware.htmlunit.html.HtmlHeading6 to HTMLHeadingElement
22:21:03.077 [main] DEBUG c.g.h.j.c.AbstractJavaScriptConfiguration - Mapping com.gargoylesoftware.htmlunit.html.HtmlHeading3 to HTMLHeadingElement
22:21:03.078 [main] DEBUG c.g.h.j.c.AbstractJavaScriptConfiguration - Mapping com.gargoylesoftware.htmlunit.html.HtmlLegend to HTMLLegendElement
22:21:03.078 [main] DEBUG c.g.h.j.c.AbstractJavaScriptConfiguration - Mapping com.gargoylesoftware.htmlunit.svg.SvgFeFuncA to SVGFEFuncAElement
22:21:03.078 [main] DEBUG c.g.h.j.c.AbstractJavaScriptConfiguration - Mapping com.gargoylesoftware.htmlunit.svg.SvgFeOffset to SVGFEOffsetElement
22:21:03.079 [main] DEBUG c.g.h.j.c.AbstractJavaScriptConfiguration - Mapping com.gargoylesoftware.htmlunit.svg.SvgSvg to SVGSVGElement
22:21:03.081 [main] DEBUG c.g.h.j.c.AbstractJavaScriptConfiguration - Mapping com.gargoylesoftware.htmlunit.html.HtmlDefinitionDescription to HTMLDefinitionDescriptionElement
22:21:03.086 [main] DEBUG c.g.h.j.c.AbstractJavaScriptConfiguration - Mapping com.gargoylesoftware.htmlunit.html.HtmlFieldSet to HTMLFieldSetElement
22:21:03.087 [main] DEBUG c.g.h.j.c.AbstractJavaScriptConfiguration - Mapping com.gargoylesoftware.htmlunit.svg.SvgTitle to SVGTitleElement
22:21:03.087 [main] DEBUG c.g.h.j.c.AbstractJavaScriptConfiguration - Mapping com.gargoylesoftware.htmlunit.html.HtmlVideo to HTMLVideoElement
22:21:03.087 [main] DEBUG c.g.h.j.c.AbstractJavaScriptConfiguration - Mapping com.gargoylesoftware.htmlunit.html.HtmlInlineFrame to HTMLIFrameElement
22:21:03.087 [main] DEBUG c.g.h.j.c.AbstractJavaScriptConfiguration - Mapping com.gargoylesoftware.htmlunit.html.DomElement to Element
22:21:03.087 [main] DEBUG c.g.h.j.c.AbstractJavaScriptConfiguration - Mapping com.gargoylesoftware.htmlunit.svg.SvgStyle to SVGStyleElement
22:21:03.088 [main] DEBUG c.g.h.j.c.AbstractJavaScriptConfiguration - Mapping com.gargoylesoftware.htmlunit.svg.SvgImage to SVGImageElement
22:21:03.088 [main] DEBUG c.g.h.j.c.AbstractJavaScriptConfiguration - Mapping com.gargoylesoftware.htmlunit.svg.SvgTextPath to SVGTextPathElement
22:21:03.088 [main] DEBUG c.g.h.j.c.AbstractJavaScriptConfiguration - Mapping com.gargoylesoftware.htmlunit.html.HtmlBreak to HTMLBRElement
22:21:03.088 [main] DEBUG c.g.h.j.c.AbstractJavaScriptConfiguration - Mapping com.gargoylesoftware.htmlunit.html.DomDocumentFragment to DocumentFragment
22:21:03.088 [main] DEBUG c.g.h.j.c.AbstractJavaScriptConfiguration - Mapping com.gargoylesoftware.htmlunit.svg.SvgFeConvolveMatrix to SVGFEConvolveMatrixElement
22:21:03.089 [main] DEBUG c.g.h.j.c.AbstractJavaScriptConfiguration - Mapping com.gargoylesoftware.htmlunit.html.DomDocumentType to DocumentType
22:21:03.089 [main] DEBUG c.g.h.j.c.AbstractJavaScriptConfiguration - Mapping com.gargoylesoftware.htmlunit.html.HtmlSource to HTMLSourceElement
22:21:03.089 [main] DEBUG c.g.h.j.c.AbstractJavaScriptConfiguration - Mapping com.gargoylesoftware.htmlunit.svg.SvgPolygon to SVGPolygonElement
22:21:03.089 [main] DEBUG c.g.h.j.c.AbstractJavaScriptConfiguration - Mapping com.gargoylesoftware.htmlunit.html.HtmlFrame to HTMLFrameElement
22:21:03.089 [main] DEBUG c.g.h.j.c.AbstractJavaScriptConfiguration - Mapping com.gargoylesoftware.htmlunit.html.HtmlParagraph to HTMLParagraphElement
22:21:03.089 [main] DEBUG c.g.h.j.c.AbstractJavaScriptConfiguration - Mapping com.gargoylesoftware.htmlunit.html.HtmlApplet to HTMLAppletElement
22:21:03.090 [main] DEBUG c.g.h.j.c.AbstractJavaScriptConfiguration - Mapping com.gargoylesoftware.htmlunit.html.HtmlAnchor to HTMLAnchorElement
22:21:03.090 [main] DEBUG c.g.h.j.c.AbstractJavaScriptConfiguration - Mapping com.gargoylesoftware.htmlunit.svg.SvgSwitch to SVGSwitchElement
22:21:03.090 [main] DEBUG c.g.h.j.c.AbstractJavaScriptConfiguration - Mapping com.gargoylesoftware.htmlunit.svg.SvgFeImage to SVGFEImageElement
22:21:03.090 [main] DEBUG c.g.h.j.c.AbstractJavaScriptConfiguration - Mapping com.gargoylesoftware.htmlunit.svg.SvgLinearGradient to SVGLinearGradientElement
22:21:03.090 [main] DEBUG c.g.h.j.c.AbstractJavaScriptConfiguration - Mapping com.gargoylesoftware.htmlunit.svg.SvgFeComponentTransfer to SVGFEComponentTransferElement
22:21:03.091 [main] DEBUG c.g.h.j.c.AbstractJavaScriptConfiguration - Mapping com.gargoylesoftware.htmlunit.svg.SvgLine to SVGLineElement
22:21:03.094 [main] DEBUG c.g.h.j.c.AbstractJavaScriptConfiguration - Mapping com.gargoylesoftware.htmlunit.svg.SvgMpath to SVGMpathElement
22:21:03.095 [main] DEBUG c.g.h.j.c.AbstractJavaScriptConfiguration - Mapping com.gargoylesoftware.htmlunit.html.HtmlDefinitionTerm to HTMLDefinitionTermElement
22:21:03.095 [main] DEBUG c.g.h.j.c.AbstractJavaScriptConfiguration - Mapping com.gargoylesoftware.htmlunit.svg.SvgFeGaussianBlur to SVGFEGaussianBlurElement
22:21:03.096 [main] DEBUG c.g.h.j.c.AbstractJavaScriptConfiguration - Mapping com.gargoylesoftware.htmlunit.svg.SvgSet to SVGSetElement
22:21:03.096 [main] DEBUG c.g.h.j.c.AbstractJavaScriptConfiguration - Mapping com.gargoylesoftware.htmlunit.html.HtmlTable to HTMLTableElement
22:21:03.096 [main] DEBUG c.g.h.j.c.AbstractJavaScriptConfiguration - Mapping com.gargoylesoftware.htmlunit.html.HtmlTitle to HTMLTitleElement
22:21:03.096 [main] DEBUG c.g.h.j.c.AbstractJavaScriptConfiguration - Mapping com.gargoylesoftware.htmlunit.html.HtmlWordBreak to HTMLElement
22:21:03.096 [main] DEBUG c.g.h.j.c.AbstractJavaScriptConfiguration - Mapping com.gargoylesoftware.htmlunit.html.HtmlNoBreak to HTMLElement
22:21:03.096 [main] DEBUG c.g.h.j.c.AbstractJavaScriptConfiguration - Mapping com.gargoylesoftware.htmlunit.html.HtmlFigure to HTMLElement
22:21:03.097 [main] DEBUG c.g.h.j.c.AbstractJavaScriptConfiguration - Mapping com.gargoylesoftware.htmlunit.html.HtmlNoScript to HTMLElement
22:21:03.097 [main] DEBUG c.g.h.j.c.AbstractJavaScriptConfiguration - Mapping com.gargoylesoftware.htmlunit.html.HtmlElement to HTMLElement
22:21:03.097 [main] DEBUG c.g.h.j.c.AbstractJavaScriptConfiguration - Mapping com.gargoylesoftware.htmlunit.html.HtmlFooter to HTMLElement
22:21:03.097 [main] DEBUG c.g.h.j.c.AbstractJavaScriptConfiguration - Mapping com.gargoylesoftware.htmlunit.html.HtmlHeader to HTMLElement
22:21:03.097 [main] DEBUG c.g.h.j.c.AbstractJavaScriptConfiguration - Mapping com.gargoylesoftware.htmlunit.html.HtmlAside to HTMLElement
22:21:03.097 [main] DEBUG c.g.h.j.c.AbstractJavaScriptConfiguration - Mapping com.gargoylesoftware.htmlunit.html.HtmlMark to HTMLElement
22:21:03.098 [main] DEBUG c.g.h.j.c.AbstractJavaScriptConfiguration - Mapping com.gargoylesoftware.htmlunit.html.HtmlNoEmbed to HTMLElement
22:21:03.098 [main] DEBUG c.g.h.j.c.AbstractJavaScriptConfiguration - Mapping com.gargoylesoftware.htmlunit.html.HtmlFigureCaption to HTMLElement
22:21:03.098 [main] DEBUG c.g.h.j.c.AbstractJavaScriptConfiguration - Mapping com.gargoylesoftware.htmlunit.html.HtmlSection to HTMLElement
22:21:03.098 [main] DEBUG c.g.h.j.c.AbstractJavaScriptConfiguration - Mapping com.gargoylesoftware.htmlunit.html.HtmlNoFrames to HTMLElement
22:21:03.098 [main] DEBUG c.g.h.j.c.AbstractJavaScriptConfiguration - Mapping com.gargoylesoftware.htmlunit.html.HtmlArticle to HTMLElement
22:21:03.098 [main] DEBUG c.g.h.j.c.AbstractJavaScriptConfiguration - Mapping com.gargoylesoftware.htmlunit.html.HtmlNav to HTMLElement
22:21:03.099 [main] DEBUG c.g.h.j.c.AbstractJavaScriptConfiguration - Mapping com.gargoylesoftware.htmlunit.html.HtmlBackgroundSound to HTMLBGSoundElement
22:21:03.103 [main] DEBUG c.g.h.j.c.AbstractJavaScriptConfiguration - Mapping com.gargoylesoftware.htmlunit.svg.SvgPath to SVGPathElement
22:21:03.106 [main] DEBUG c.g.h.j.c.AbstractJavaScriptConfiguration - Mapping com.gargoylesoftware.htmlunit.svg.SvgEllipse to SVGEllipseElement
22:21:03.107 [main] DEBUG c.g.h.j.c.AbstractJavaScriptConfiguration - Mapping com.gargoylesoftware.htmlunit.html.DomProcessingInstruction to ProcessingInstruction
22:21:03.110 [main] DEBUG c.g.h.j.c.AbstractJavaScriptConfiguration - Mapping com.gargoylesoftware.htmlunit.svg.SvgText to SVGTextElement
22:21:03.110 [main] DEBUG c.g.h.j.c.AbstractJavaScriptConfiguration - Mapping com.gargoylesoftware.htmlunit.svg.SvgFeComposite to SVGFECompositeElement
22:21:03.110 [main] DEBUG c.g.h.j.c.AbstractJavaScriptConfiguration - Mapping com.gargoylesoftware.htmlunit.html.HtmlMeta to HTMLMetaElement
22:21:03.110 [main] DEBUG c.g.h.j.c.AbstractJavaScriptConfiguration - Mapping com.gargoylesoftware.htmlunit.svg.SvgMarker to SVGMarkerElement
22:21:03.110 [main] DEBUG c.g.h.j.c.AbstractJavaScriptConfiguration - Mapping com.gargoylesoftware.htmlunit.svg.SvgDefs to SVGDefsElement
22:21:03.112 [main] DEBUG c.g.h.j.c.AbstractJavaScriptConfiguration - Mapping com.gargoylesoftware.htmlunit.html.HtmlDataList to HTMLDataListElement
22:21:03.112 [main] DEBUG c.g.h.j.c.AbstractJavaScriptConfiguration - Mapping com.gargoylesoftware.htmlunit.svg.SvgStop to SVGStopElement
22:21:03.112 [main] DEBUG c.g.h.j.c.AbstractJavaScriptConfiguration - Mapping com.gargoylesoftware.htmlunit.svg.SvgFeTile to SVGFETileElement
22:21:03.113 [main] DEBUG c.g.h.j.c.AbstractJavaScriptConfiguration - Mapping com.gargoylesoftware.htmlunit.svg.SvgView to SVGViewElement
22:21:03.113 [main] DEBUG c.g.h.j.c.AbstractJavaScriptConfiguration - Mapping com.gargoylesoftware.htmlunit.html.DomText to Text
22:21:03.113 [main] DEBUG c.g.h.j.c.AbstractJavaScriptConfiguration - Mapping com.gargoylesoftware.htmlunit.svg.SvgScript to SVGScriptElement
22:21:03.113 [main] DEBUG c.g.h.j.c.AbstractJavaScriptConfiguration - Mapping com.gargoylesoftware.htmlunit.html.HtmlDefinitionList to HTMLDListElement
22:21:03.114 [main] DEBUG c.g.h.j.c.AbstractJavaScriptConfiguration - Mapping com.gargoylesoftware.htmlunit.html.HtmlScript to HTMLScriptElement
22:21:03.114 [main] DEBUG c.g.h.j.c.AbstractJavaScriptConfiguration - Mapping com.gargoylesoftware.htmlunit.svg.SvgFePointLight to SVGFEPointLightElement
22:21:03.114 [main] DEBUG c.g.h.j.c.AbstractJavaScriptConfiguration - Mapping com.gargoylesoftware.htmlunit.html.HtmlOrderedList to HTMLOListElement
22:21:03.114 [main] DEBUG c.g.h.j.c.AbstractJavaScriptConfiguration - Mapping com.gargoylesoftware.htmlunit.html.HtmlOptionGroup to HTMLOptGroupElement
22:21:03.114 [main] DEBUG c.g.h.j.c.AbstractJavaScriptConfiguration - Mapping com.gargoylesoftware.htmlunit.svg.SvgPolyline to SVGPolylineElement
22:21:03.115 [main] DEBUG c.g.h.j.c.AbstractJavaScriptConfiguration - Mapping com.gargoylesoftware.htmlunit.html.HtmlCenter to HTMLBlockElement
22:21:03.115 [main] DEBUG c.g.h.j.c.AbstractJavaScriptConfiguration - Mapping com.gargoylesoftware.htmlunit.html.HtmlListing to HTMLBlockElement
22:21:03.117 [main] DEBUG c.g.h.j.c.AbstractJavaScriptConfiguration - Mapping com.gargoylesoftware.htmlunit.html.HtmlPlainText to HTMLBlockElement
22:21:03.118 [main] DEBUG c.g.h.j.c.AbstractJavaScriptConfiguration - Mapping com.gargoylesoftware.htmlunit.html.HtmlAddress to HTMLBlockElement
22:21:03.118 [main] DEBUG c.g.h.j.c.AbstractJavaScriptConfiguration - Mapping com.gargoylesoftware.htmlunit.html.HtmlExample to HTMLBlockElement
22:21:03.118 [main] DEBUG c.g.h.j.c.AbstractJavaScriptConfiguration - Mapping com.gargoylesoftware.htmlunit.html.HtmlFont to HTMLFontElement
22:21:03.118 [main] DEBUG c.g.h.j.c.AbstractJavaScriptConfiguration - Mapping com.gargoylesoftware.htmlunit.svg.SvgFeFuncG to SVGFEFuncGElement
22:21:03.118 [main] DEBUG c.g.h.j.c.AbstractJavaScriptConfiguration - Mapping com.gargoylesoftware.htmlunit.html.HtmlLabel to HTMLLabelElement
22:21:03.119 [main] DEBUG c.g.h.j.c.AbstractJavaScriptConfiguration - Mapping com.gargoylesoftware.htmlunit.svg.SvgFeFuncR to SVGFEFuncRElement
22:21:03.119 [main] DEBUG c.g.h.j.c.AbstractJavaScriptConfiguration - Mapping com.gargoylesoftware.htmlunit.html.HtmlParameter to HTMLParamElement
22:21:03.119 [main] DEBUG c.g.h.j.c.AbstractJavaScriptConfiguration - Mapping com.gargoylesoftware.htmlunit.svg.SvgFeBlend to SVGFEBlendElement
22:21:03.119 [main] DEBUG c.g.h.j.c.AbstractJavaScriptConfiguration - Mapping com.gargoylesoftware.htmlunit.svg.SvgCircle to SVGCircleElement
22:21:03.120 [main] DEBUG c.g.h.j.c.AbstractJavaScriptConfiguration - Mapping com.gargoylesoftware.htmlunit.svg.SvgRect to SVGRectElement
22:21:03.120 [main] DEBUG c.g.h.j.c.AbstractJavaScriptConfiguration - Mapping com.gargoylesoftware.htmlunit.html.DomCDataSection to CDATASection
22:21:03.120 [main] DEBUG c.g.h.j.c.AbstractJavaScriptConfiguration - Mapping com.gargoylesoftware.htmlunit.html.HtmlImage to HTMLImageElement
22:21:03.120 [main] DEBUG c.g.h.j.c.AbstractJavaScriptConfiguration - Mapping com.gargoylesoftware.htmlunit.html.HtmlTableCell to HTMLTableCellElement
22:21:03.120 [main] DEBUG c.g.h.j.c.AbstractJavaScriptConfiguration - Mapping com.gargoylesoftware.htmlunit.svg.SvgDesc to SVGDescElement
22:21:03.120 [main] DEBUG c.g.h.j.c.AbstractJavaScriptConfiguration - Mapping com.gargoylesoftware.htmlunit.svg.SvgGroup to SVGGElement
22:21:03.121 [main] DEBUG c.g.h.j.c.AbstractJavaScriptConfiguration - Mapping com.gargoylesoftware.htmlunit.svg.SvgAnimateMotion to SVGAnimateMotionElement
22:21:03.121 [main] DEBUG c.g.h.j.c.AbstractJavaScriptConfiguration - Mapping com.gargoylesoftware.htmlunit.svg.SvgAnchor to SVGAElement
22:21:03.121 [main] DEBUG c.g.h.j.c.AbstractJavaScriptConfiguration - Mapping com.gargoylesoftware.htmlunit.svg.SvgAnimateTransform to SVGAnimateTransformElement
22:21:03.121 [main] DEBUG c.g.h.j.c.AbstractJavaScriptConfiguration - Mapping com.gargoylesoftware.htmlunit.svg.SvgAnimate to SVGAnimateElement
22:21:03.121 [main] DEBUG c.g.h.j.c.AbstractJavaScriptConfiguration - Mapping com.gargoylesoftware.htmlunit.html.HtmlLink to HTMLLinkElement
22:21:03.122 [main] DEBUG c.g.h.j.c.AbstractJavaScriptConfiguration - Mapping com.gargoylesoftware.htmlunit.svg.SvgFeTurbulence to SVGFETurbulenceElement
22:21:03.122 [main] DEBUG c.g.h.j.c.AbstractJavaScriptConfiguration - Mapping com.gargoylesoftware.htmlunit.svg.SvgFeMorphology to SVGFEMorphologyElement
22:21:03.122 [main] DEBUG c.g.h.j.c.AbstractJavaScriptConfiguration - Mapping com.gargoylesoftware.htmlunit.html.HtmlHead to HTMLHeadElement
22:21:03.122 [main] DEBUG c.g.h.j.c.AbstractJavaScriptConfiguration - Mapping com.gargoylesoftware.htmlunit.svg.SvgFeDisplacementMap to SVGFEDisplacementMapElement
22:21:03.122 [main] DEBUG c.g.h.j.c.AbstractJavaScriptConfiguration - Mapping com.gargoylesoftware.htmlunit.html.HtmlArea to HTMLAreaElement
22:21:03.122 [main] DEBUG c.g.h.j.c.AbstractJavaScriptConfiguration - Mapping com.gargoylesoftware.htmlunit.html.HtmlTableHeader to HTMLTableSectionElement
22:21:03.123 [main] DEBUG c.g.h.j.c.AbstractJavaScriptConfiguration - Mapping com.gargoylesoftware.htmlunit.html.HtmlTableFooter to HTMLTableSectionElement
22:21:03.125 [main] DEBUG c.g.h.j.c.AbstractJavaScriptConfiguration - Mapping com.gargoylesoftware.htmlunit.html.HtmlTableBody to HTMLTableSectionElement
22:21:03.125 [main] DEBUG c.g.h.j.c.AbstractJavaScriptConfiguration - Mapping com.gargoylesoftware.htmlunit.svg.SvgFilter to SVGFilterElement
22:21:03.126 [main] DEBUG c.g.h.j.c.AbstractJavaScriptConfiguration - Mapping com.gargoylesoftware.htmlunit.html.HtmlTextArea to HTMLTextAreaElement
22:21:03.126 [main] DEBUG c.g.h.j.c.AbstractJavaScriptConfiguration - Mapping com.gargoylesoftware.htmlunit.html.DomComment to Comment
22:21:03.126 [main] DEBUG c.g.h.j.c.AbstractJavaScriptConfiguration - Mapping com.gargoylesoftware.htmlunit.svg.SvgAltGlyph to SVGAltGlyphElement
22:21:03.126 [main] DEBUG c.g.h.j.c.AbstractJavaScriptConfiguration - Mapping com.gargoylesoftware.htmlunit.html.HtmlObject to HTMLObjectElement
22:21:03.126 [main] DEBUG c.g.h.j.c.AbstractJavaScriptConfiguration - Mapping com.gargoylesoftware.htmlunit.svg.SvgPattern to SVGPatternElement
22:21:03.127 [main] DEBUG c.g.h.j.c.AbstractJavaScriptConfiguration - Mapping com.gargoylesoftware.htmlunit.svg.SvgClipPath to SVGClipPathElement
22:21:03.127 [main] DEBUG c.g.h.j.c.AbstractJavaScriptConfiguration - Mapping com.gargoylesoftware.htmlunit.svg.SvgFeFuncB to SVGFEFuncBElement
22:21:03.127 [main] DEBUG c.g.h.j.c.AbstractJavaScriptConfiguration - Mapping com.gargoylesoftware.htmlunit.html.HtmlEmphasis to HTMLPhraseElement
22:21:03.127 [main] DEBUG c.g.h.j.c.AbstractJavaScriptConfiguration - Mapping com.gargoylesoftware.htmlunit.html.HtmlCode to HTMLPhraseElement
22:21:03.127 [main] DEBUG c.g.h.j.c.AbstractJavaScriptConfiguration - Mapping com.gargoylesoftware.htmlunit.html.HtmlRuby to HTMLPhraseElement
22:21:03.127 [main] DEBUG c.g.h.j.c.AbstractJavaScriptConfiguration - Mapping com.gargoylesoftware.htmlunit.html.HtmlStrong to HTMLPhraseElement
22:21:03.128 [main] DEBUG c.g.h.j.c.AbstractJavaScriptConfiguration - Mapping com.gargoylesoftware.htmlunit.html.HtmlTeletype to HTMLPhraseElement
22:21:03.128 [main] DEBUG c.g.h.j.c.AbstractJavaScriptConfiguration - Mapping com.gargoylesoftware.htmlunit.html.HtmlAcronym to HTMLPhraseElement
22:21:03.129 [main] DEBUG c.g.h.j.c.AbstractJavaScriptConfiguration - Mapping com.gargoylesoftware.htmlunit.html.HtmlRp to HTMLPhraseElement
22:21:03.129 [main] DEBUG c.g.h.j.c.AbstractJavaScriptConfiguration - Mapping com.gargoylesoftware.htmlunit.html.HtmlDefinition to HTMLPhraseElement
22:21:03.129 [main] DEBUG c.g.h.j.c.AbstractJavaScriptConfiguration - Mapping com.gargoylesoftware.htmlunit.html.HtmlKeyboard to HTMLPhraseElement
22:21:03.129 [main] DEBUG c.g.h.j.c.AbstractJavaScriptConfiguration - Mapping com.gargoylesoftware.htmlunit.html.HtmlS to HTMLPhraseElement
22:21:03.130 [main] DEBUG c.g.h.j.c.AbstractJavaScriptConfiguration - Mapping com.gargoylesoftware.htmlunit.html.HtmlBold to HTMLPhraseElement
22:21:03.130 [main] DEBUG c.g.h.j.c.AbstractJavaScriptConfiguration - Mapping com.gargoylesoftware.htmlunit.html.HtmlAbbreviated to HTMLPhraseElement
22:21:03.130 [main] DEBUG c.g.h.j.c.AbstractJavaScriptConfiguration - Mapping com.gargoylesoftware.htmlunit.html.HtmlBidirectionalOverride to HTMLPhraseElement
22:21:03.130 [main] DEBUG c.g.h.j.c.AbstractJavaScriptConfiguration - Mapping com.gargoylesoftware.htmlunit.html.HtmlSuperscript to HTMLPhraseElement
22:21:03.130 [main] DEBUG c.g.h.j.c.AbstractJavaScriptConfiguration - Mapping com.gargoylesoftware.htmlunit.html.HtmlVariable to HTMLPhraseElement
22:21:03.131 [main] DEBUG c.g.h.j.c.AbstractJavaScriptConfiguration - Mapping com.gargoylesoftware.htmlunit.html.HtmlBig to HTMLPhraseElement
22:21:03.131 [main] DEBUG c.g.h.j.c.AbstractJavaScriptConfiguration - Mapping com.gargoylesoftware.htmlunit.html.HtmlSubscript to HTMLPhraseElement
22:21:03.131 [main] DEBUG c.g.h.j.c.AbstractJavaScriptConfiguration - Mapping com.gargoylesoftware.htmlunit.html.HtmlCitation to HTMLPhraseElement
22:21:03.132 [main] DEBUG c.g.h.j.c.AbstractJavaScriptConfiguration - Mapping com.gargoylesoftware.htmlunit.html.HtmlRt to HTMLPhraseElement
22:21:03.132 [main] DEBUG c.g.h.j.c.AbstractJavaScriptConfiguration - Mapping com.gargoylesoftware.htmlunit.html.HtmlSample to HTMLPhraseElement
22:21:03.132 [main] DEBUG c.g.h.j.c.AbstractJavaScriptConfiguration - Mapping com.gargoylesoftware.htmlunit.html.HtmlSmall to HTMLPhraseElement
22:21:03.132 [main] DEBUG c.g.h.j.c.AbstractJavaScriptConfiguration - Mapping com.gargoylesoftware.htmlunit.html.HtmlStrike to HTMLPhraseElement
22:21:03.133 [main] DEBUG c.g.h.j.c.AbstractJavaScriptConfiguration - Mapping com.gargoylesoftware.htmlunit.html.HtmlItalic to HTMLPhraseElement
22:21:03.134 [main] DEBUG c.g.h.j.c.AbstractJavaScriptConfiguration - Mapping com.gargoylesoftware.htmlunit.html.HtmlUnderlined to HTMLPhraseElement
22:21:03.134 [main] DEBUG c.g.h.j.c.AbstractJavaScriptConfiguration - Mapping com.gargoylesoftware.htmlunit.html.HtmlPreformattedText to HTMLPreElement
22:21:03.134 [main] DEBUG c.g.h.j.c.AbstractJavaScriptConfiguration - Mapping com.gargoylesoftware.htmlunit.svg.SvgFeSpotLight to SVGFESpotLightElement
22:21:03.134 [main] DEBUG c.g.h.j.c.AbstractJavaScriptConfiguration - Mapping com.gargoylesoftware.htmlunit.html.HtmlBody to HTMLBodyElement
22:21:03.134 [main] DEBUG c.g.h.j.c.AbstractJavaScriptConfiguration - Mapping com.gargoylesoftware.htmlunit.svg.SvgTSpan to SVGTSpanElement
22:21:03.135 [main] DEBUG c.g.h.j.c.AbstractJavaScriptConfiguration - Mapping com.gargoylesoftware.htmlunit.svg.SvgFeMerge to SVGFEMergeElement
22:21:03.156 [main] DEBUG c.g.h.j.c.AbstractJavaScriptConfiguration - Mapping com.gargoylesoftware.htmlunit.html.HtmlCanvas to HTMLCanvasElement
22:21:03.842 [main] DEBUG n.s.j.h.HtmlUnitTestingEngineImpl - Window "" changed : "no_html" became "SchoolMate - School Name
22:21:03.884 [main] DEBUG c.g.htmlunit.html.HtmlElement - Firing Event DOMContentLoaded (Current Target: HTMLElement for HtmlHtml[<html>]);
22:21:03.917 [main] DEBUG c.g.htmlunit.html.HtmlElement - Firing Event load (Current Target: HTMLElement for HtmlHtml[<html>]);
22:21:03.918 [main] DEBUG c.g.h.j.host.EventListenersContainer - Executing load handler for HtmlPage(http://localhost/schoolmate/index.php)@15181490
22:21:04.819 [main] DEBUG c.g.htmlunit.html.HtmlElement - Firing Event focusin (Current Target: HTMLElement for HtmlTextInput[<input type="text" name="username" maxlength="15" width="18">]);
22:21:04.821 [main] DEBUG c.g.htmlunit.html.HtmlElement - Firing Event focus (Current Target: HTMLElement for HtmlTextInput[<input type="text" name="username" maxlength="15" width="18">]);
22:21:04.852 [main] DEBUG c.g.htmlunit.html.HtmlElement - Firing Event change (Current Target: HTMLElement for HtmlTextInput[<input type="text" name="username" maxlength="15" width="18" value="1234">]);
22:21:04.858 [main] DEBUG c.g.htmlunit.html.HtmlElement - Firing Event change (Current Target: HTMLElement for HtmlPasswordInput[<input type="password" name="password" maxlength="15" width="18" value="1234">]);
22:21:06.582 [main] DEBUG c.g.htmlunit.html.HtmlElement - Firing Event mousedown (Current Target: HTMLElement for HtmlSubmitInput[<input type="submit" value="Login" onclick="document.login.login.value=1;">]);
22:21:06.584 [main] DEBUG c.g.htmlunit.html.HtmlElement - Firing Event focusout (Current Target: HTMLElement for HtmlTextInput[<input type="text" name="username" maxlength="15" width="18" value="1234">]);
22:21:06.585 [main] DEBUG c.g.htmlunit.html.HtmlElement - Firing Event focusin (Current Target: HTMLElement for HtmlSubmitInput[<input type="submit" value="Login" onclick="document.login.login.value=1;">]);
22:21:06.586 [main] DEBUG c.g.htmlunit.html.HtmlElement - Firing Event blur (Current Target: HTMLElement for HtmlTextInput[<input type="text" name="username" maxlength="15" width="18" value="1234">]);
22:21:06.588 [main] DEBUG c.g.htmlunit.html.HtmlElement - Firing Event focus (Current Target: HTMLElement for HtmlSubmitInput[<input type="submit" value="Login" onclick="document.login.login.value=1;">]);
22:21:06.589 [main] DEBUG c.g.htmlunit.html.HtmlElement - Firing Event mouseup (Current Target: HTMLElement for HtmlSubmitInput[<input type="submit" value="Login" onclick="document.login.login.value=1;">]);
22:21:06.590 [main] DEBUG c.g.htmlunit.html.HtmlElement - Firing Event click (Current Target: HTMLElement for HtmlSubmitInput[<input type="submit" value="Login" onclick="document.login.login.value=1;">]);
22:21:06.592 [main] DEBUG c.g.h.j.host.EventListenersContainer - Executing click handler for HtmlSubmitInput[<input type="submit" value="Login" onclick="document.login.login.value=1;">]
22:21:06.691 [main] DEBUG c.g.htmlunit.html.HtmlElement - Firing Event submit (Current Target: HTMLElement for HtmlForm[<form action="./index.php" method="post" name="login">]);
22:21:06.711 [main] DEBUG c.g.htmlunit.WebClient - Load response for POST http://localhost/schoolmate/index.php
22:21:06.753 [main] DEBUG o.a.h.c.protocol.RequestAddCookies - CookieSpec selected: mine
22:21:06.758 [main] DEBUG o.a.h.c.protocol.RequestAddCookies - Cookie [version: 0][name: PHPSESSID][value: fofgkavg201t8tct7lnqd4nr94][domain: localhost][path: /][expiry: null] match [localhost:80/schoolmate/index.php]
22:21:06.759 [main] DEBUG o.a.h.c.protocol.RequestAuthCache - Auth cache not set in the context
22:21:06.760 [main] DEBUG o.a.h.i.c.PoolingHttpClientConnectionManager - Connection request: [route: {}->http://localhost:80][total kept alive: 0; route allocated: 0 of 6; total allocated: 0 of 20]
22:21:06.762 [main] DEBUG o.a.h.i.c.PoolingHttpClientConnectionManager - Connection leased: [id: 1][route: {}->http://localhost:80][total kept alive: 0; route allocated: 1 of 6; total allocated: 1 of 20]
22:21:06.762 [main] DEBUG o.a.h.impl.execchain.MainClientExec - Opening connection {}->http://localhost:80
22:21:06.763 [main] DEBUG o.a.h.c.HttpClientConnectionManager - Connecting to localhost/127.0.0.1:80
22:21:06.764 [main] DEBUG o.a.h.impl.execchain.MainClientExec - Executing request POST /schoolmate/index.php HTTP/1.1
22:21:06.764 [main] DEBUG o.a.h.impl.execchain.MainClientExec - Target auth state: UNCHALLENGED
22:21:06.764 [main] DEBUG o.a.h.impl.execchain.MainClientExec - Proxy auth state: UNCHALLENGED
22:21:06.765 [main] DEBUG org.apache.http.headers - http-outgoing-1 >> POST /schoolmate/index.php HTTP/1.1
22:21:06.765 [main] DEBUG org.apache.http.headers - http-outgoing-1 >> Host: localhost
22:21:06.765 [main] DEBUG org.apache.http.headers - http-outgoing-1 >> User-Agent: Mozilla/5.0 (Windows NT 6.1; rv:24.0) Gecko/20100101 Firefox/24.0
22:21:06.765 [main] DEBUG org.apache.http.headers - http-outgoing-1 >> Accept: */*
22:21:06.766 [main] DEBUG org.apache.http.headers - http-outgoing-1 >> Referer: http://localhost/schoolmate/index.php
22:21:06.767 [main] DEBUG org.apache.http.headers - http-outgoing-1 >> Accept-Encoding: gzip, deflate
22:21:06.769 [main] DEBUG org.apache.http.headers - http-outgoing-1 >> Accept-Language: en-US
22:21:06.769 [main] DEBUG org.apache.http.headers - http-outgoing-1 >> Content-Length: 42
22:21:06.769 [main] DEBUG org.apache.http.headers - http-outgoing-1 >> Content-Type: application/x-www-form-urlencoded
22:21:06.770 [main] DEBUG org.apache.http.headers - http-outgoing-1 >> Connection: Keep-Alive
22:21:06.770 [main] DEBUG org.apache.http.headers - http-outgoing-1 >> Cookie: PHPSESSID=fofgkavg201t8tct7lnqd4nr94
22:21:06.772 [main] DEBUG org.apache.http.wire - http-outgoing-1 >> "POST /schoolmate/index.php HTTP/1.1[\r][\n]"
22:21:06.773 [main] DEBUG org.apache.http.wire - http-outgoing-1 >> "Host: localhost[\r][\n]"
22:21:06.773 [main] DEBUG org.apache.http.wire - http-outgoing-1 >> "User-Agent: Mozilla/5.0 (Windows NT 6.1; rv:24.0) Gecko/20100101 Firefox/24.0[\r][\n]"
22:21:06.773 [main] DEBUG org.apache.http.wire - http-outgoing-1 >> "Accept: */*[\r][\n]"
22:21:06.773 [main] DEBUG org.apache.http.wire - http-outgoing-1 >> "Referer: http://localhost/schoolmate/index.php[\r][\n]"
22:21:06.774 [main] DEBUG org.apache.http.wire - http-outgoing-1 >> "Accept-Encoding: gzip, deflate[\r][\n]"
22:21:06.774 [main] DEBUG org.apache.http.wire - http-outgoing-1 >> "Accept-Language: en-US[\r][\n]"
22:21:06.774 [main] DEBUG org.apache.http.wire - http-outgoing-1 >> "Content-Length: 42[\r][\n]"
22:21:06.774 [main] DEBUG org.apache.http.wire - http-outgoing-1 >> "Content-Type: application/x-www-form-urlencoded[\r][\n]"
22:21:06.774 [main] DEBUG org.apache.http.wire - http-outgoing-1 >> "Connection: Keep-Alive[\r][\n]"
22:21:06.775 [main] DEBUG org.apache.http.wire - http-outgoing-1 >> "Cookie: PHPSESSID=fofgkavg201t8tct7lnqd4nr94[\r][\n]"
22:21:06.775 [main] DEBUG org.apache.http.wire - http-outgoing-1 >> "[\r][\n]"
22:21:06.777 [main] DEBUG org.apache.http.wire - http-outgoing-1 >> "username=1234&password=1234&page=0&login=1"
22:21:06.802 [main] DEBUG org.apache.http.wire - http-outgoing-1 << "HTTP/1.1 200 OK[\r][\n]"
22:21:06.807 [main] DEBUG org.apache.http.wire - http-outgoing-1 << "Date: Wed, 14 May 2014 20:21:06 GMT[\r][\n]"
22:21:06.807 [main] DEBUG org.apache.http.wire - http-outgoing-1 << "Server: Apache/2.4.6 (Ubuntu)[\r][\n]"
22:21:06.808 [main] DEBUG org.apache.http.wire - http-outgoing-1 << "X-Powered-By: PHP/5.5.3-1ubuntu2.2[\r][\n]"
22:21:06.808 [main] DEBUG org.apache.http.wire - http-outgoing-1 << "Expires: Thu, 19 Nov 1981 08:52:00 GMT[\r][\n]"
22:21:06.808 [main] DEBUG org.apache.http.wire - http-outgoing-1 << "Cache-Control: no-store, no-cache, must-revalidate, post-check=0, pre-check=0[\r][\n]"
22:21:06.808 [main] DEBUG org.apache.http.wire - http-outgoing-1 << "Pragma: no-cache[\r][\n]"
22:21:06.808 [main] DEBUG org.apache.http.wire - http-outgoing-1 << "Vary: Accept-Encoding[\r][\n]"
22:21:06.808 [main] DEBUG org.apache.http.wire - http-outgoing-1 << "Content-Encoding: gzip[\r][\n]"
22:21:06.809 [main] DEBUG org.apache.http.wire - http-outgoing-1 << "Content-Length: 1879[\r][\n]"
22:21:06.809 [main] DEBUG org.apache.http.wire - http-outgoing-1 << "Keep-Alive: timeout=5, max=100[\r][\n]"
22:21:06.809 [main] DEBUG org.apache.http.wire - http-outgoing-1 << "Connection: Keep-Alive[\r][\n]"
22:21:06.809 [main] DEBUG org.apache.http.wire - http-outgoing-1 << "Content-Type: text/html[\r][\n]"
22:21:06.809 [main] DEBUG org.apache.http.wire - http-outgoing-1 << "[\r][\n]"
22:21:06.815 [main] DEBUG org.apache.http.wire - http-outgoing-1 << "[0x1f][0x8b][0x8][0x0][0x0][0x0][0x0][0x0][0x0][0x3][0xd5]Y[0xeb]o[0xdb]6[0x10][0xff]l[0xff][0x15]D[0x86][0x8d]m[0x81][0xf8][0x95]GS?[0x4]$[0xa9][0x83]vM[0x9a]b[0xce][0x6][0xec][0xd3][0xa0][0x7]m[0xa9][0x93]DA[0xa2][0xec]x[0xc3][0xfe][0xf7][0x1d][0x1f][0x92](Y[0xb6][0xe4]n[0xdd][0xc3]F,[0x89]<[0x1e]<[0xde][0xfd][0xee][0xc4]L][0x16][0xf8]F[0x17]M]b:[0xfc][0xca]<[0xe6][0x13]ca[0xbb][0x94][0xfa][0xf]&#[0xe8][0x14][0xc9][0x7][0xf4][0xd1][0xc][0xc8][0xb4]/[0xfb]A0a[[0x9f] [0xb6][0x8d][0xc8][0xec][0x84][0x91]g[0xd6][0xb7][0x93][0xe4][0xc4][0xe8]vQ[0xff][0x15][0xba]y|[0xfb]3z[0xd5][0xef]"[0x8b]:[0xdb].[0xfa][0xbd][0x8b][0x90]e[0xda][0xbf][0xae]b[0x9a][0x86][0xce][0xa9]M}[0x1a][0x8f][0xd1]7gg[0x97][0x97]o[0xde]L[0xba][0xe8][0xf]9[0xea][0xfe][0xfd][0xc7][0xf][0xb]1[0xc]][0xf7][0x96][0x94]2[0x12][0xc3]-[0x1f][0x8c][0xd0][0x92][0x86][0xec]ti[0x6][0x9e][0xbf][0x1d]#3[0xf6]LR[0xb4]'[0xde]od[0x8c][0x86][0x83][0x88]i[0x8d][0x1b][0xe2][0xad]\6F![0x8d][0x83]LZ[0xcd][0x9c]x[0xfe][0x9a][0xc4][0xb2][0x89]C?u[0x88]Mc[0x93]y4[0x1c]#@Hb[0xdf][0xb][0x9][0xef][0xe7][0xc8]r0c[0x97][0xae][0xbf][0x16]$[0xcb][0x7][0xfb]L[0xba][0x9d]Vp[0x2][0x12][0xa6][0x2]F[0xa7][0xe]CG[0x7]0[0xe2][0x0]:[0xa5][0xd9]-[0xea];[0xd0][0x96][0xed][0x2][0xb9][0xb4][0xcd]3[0xa7]n[0xea][0x90][0xee][0xcc][0xaa][0x99][0xa0]v[0xee][0xea][0xfa]G[0xe5][0xf5][0xd7][0x2][0xb8][0x83][0xcf][0xcd][0xcd][0x9e][0xdd][0xa8]`[0x88][0xcc][0x15][0xa0][0x8][0xb2]=[0xd8][0x3][0xa1]n[0x7][0xf6]m@[0x86][0xe2]j[0xc0][0xbf][0xa2][0xa9]%[0x88][0xb2];[0xfc][0x8d]P[0xae]o[0xf9][0xb7][0x15][0x94][0x84][0xf8][0xc4]f[0xc4][0xf9]zv[0x19][0x88]O=[0x98]:[0xdf][0xac] [0xfa]W[0x8c]T[0x87][0xcb]c$H[0xfe][0x3][0xf6][0x11]8[0xbe][0x9a]U.[0xee][0xf8][0xb7]-[0x1a][0xe0][0xdc][0xa7][0xeb][0x9b][0xfb][0xb9]"]fZ>[0x91][0xb1]][0xc3][0xd6]w[0xe2][0x93][0x8f][0x15][0xc2][0xbd][0xed]Aq[0x19][0xd5][0x9a][0xb8][0xb3][\r]a[0x99][0xb6][0xef]%,[[0xbc]Ec[0x80][0x95][0xf][0xbb][0xb8][0xe2][0xdf][0x89][0xd6][0xb3][0xf1][0x1c][0xe6][0x8e]Qo[0xf0][0xfa]b[0xfe][0xa0]w[0x88][0x4][0x4]dN}[0xcf][0x11][0xed][0x91][0xe9]8^[0xb8]:[0x8d][0xa5]y[0x86][0xd1]s[0xa9][0xd9][0xa2][0x8c][0xd1]`[0xb7][0xdd]'K[0x90][0x1e]TZ[0x19][0x8d][0xf2]F[0xb9][0x2][0xa7]g[0xe5][0xa0][0xf]$[0xb3]Bz[0xdd]J\[0xef][0x8d]IDL[0x0]#[0xaf][0xa7][][0xdd][0xe6][0x80][0xb6][0xea][0xde]8=3[0xc]A[0xc2]&@[0xda][0xb9][0xa9][0x85]G[0x98][0xbe][0xb7][0x2]g[0xf8][0x9c]&[0xcc][nk[0xc]1[0xaa]ZB[0x99]s[0xa4][0x1b][0xa3]G[0x1d][0xe7][0x0][0x9e]jp[0xaa]Im[0x0]#[0xf3][0xae]TB[0xd6]$<[0xa0]e>[0xe0][0xdf]F-[0xbc]r)[0x82][0xa9][0xd1][0x15][0xc1][0xe9][0xdf][0xcd][0xaf][0xdf][0xce]P^[0xef][0xe][0xb3][0xa1][0xe5][0x8c][0xc6][0xbc][0x80]$;[0x19]m4[0xaa][0xcd][0xe8]2[0xa5][0xa1]z^[0xd8][0xcf][0xe2][0x7][0x17][0xe6][0x8e] [0xe5]&[0x9][0xf0]hM[0xbe][0xad]G7[0xbc]l@[0xf7]EH[0xc0]b[0xb7]?.[0x9e][0x1e][0x1f][0xd0][0xed][0xfd][0xf5]b[0x91][0xd1]E[0x86][0xce][0xa2][0xcf][0x8d],[0xd0][0xa9][0x8d][0xd9]N}[0x88]w*[0x9c][0x90]W([0xca]#[0x5][0x1f]>W~[0xa0];[0xf0][0xc2]L[0xd5][0xf0][0xa2]hr[0x95][0x15][0xb2]6%r[0xc6]w[0xa7][0x93]u[0x8e][0xc4]Sc9%x[0xb8][0xa3][0x9b][0x8a][0x7][\r]4q>_[0xfa]tS[0xc9][0xd0][0x9a][0x8d][0xa4]M[0xff][0x17][0x96][0xfa]BC[0xd5]yP[0x7][0xec][0xc2]<[0xdb][0xf4][0xb3][0x8e][0xc0]s[0x1c][0x9f][0x94],f[0xa6][0x8c][0x16][0x16][0xfb]g[\n]"
22:21:06.815 [main] DEBUG org.apache.http.wire - http-outgoing-1 << "9[0xd7][0x96][0xf8][0x80][0x80][0xe3][0xde][0x1f]b[0xfa][0xfe][0x8f].v[0xcb][0xe9]l[0x9a][0xe3][\n]"
22:21:06.816 [main] DEBUG org.apache.http.wire - http-outgoing-1 << "[0xea][0xee][0xb4]/v[0xd8][0x80][0x9b][0xec][0xd5]+[0xb1]c/b[0xc8]7[0xc3]U[\n]"
22:21:06.816 [main] DEBUG org.apache.http.wire - http-outgoing-1 << ">3[0xc3][0xdf][0x9b]ks![0x1a]1[0xb1]BK`t[0xae][0x9][0xd9][0xbe][0x99]$$y[0xf1]R[0xc2]v[0xa8][0x9d]r[0xa2][0xef]%,u[0xf8][0x95][0x17]_[0xa3][0xde][0xda][0xf4]S2[0xe3][0xdb][0xb5]#[0x90][0xa4]V[0xe0][0xb1][0x17]/sS[0xe4][0xaa][0x13][0xc2][0x18]xN;[0xdd][0xc3][0xe3]t[0x3]h[0xf0][0x1].[0xdc]N[0xfd][0xe8]8[0xf5][0xab][0x18][0x12]A[0xa6][0x19]6[0xfd][0xa0][0xee][0xb3]I[0xad][0xc8][0x1][0xf0]ZFm[0x7][0xff][0xfc]8[0xf8]>][0xd1][0x94])[0xb9][0xbd][0x13]H[0xa9][0xf6][0xf6]G[0xe0]h[0xc2][0x85][0xb8][0x7]M[0xf9][0xfb][0xb8]1[0x15][0xc5][0x18][0x84][0xa8][0xef]+[0x9e][0x98][\r][0xc4]S[0x12][0x99][0xb6]|[0x92][0xbc][0x2]7[0x82][0x3]fx8[0x18]|[0x8b][0x91][0xe4][0x80][0x19][0xbe][0x1a]`qT[0x10][0x8b]_G[0xba][0xe3][0xc][8[0x13][0x7][0xca][0xe0][0x12]h[0xea][0x5]+[0x94][0xc4][0xf6][0xc][0xf7][0xfa]^[0x0][0xa6]I[0xe4][0xf9]Ao[0xe5]-[0xb]u[0xaf]/J[0x3]Q[0x9f][0xab][0xed]3[0xa7][0xaa]]h<[0x1e][0xfb][0x15]@[0x97]Ccy[0xa9][0xa8]DS[0xc7][gM[0x5]#`$[0x18]k[0x86]%[0x95]a[0xa3]t[0xc][0x2]C[0x84]2[0x9][0x93]_cu[0xe5][0xf8][0xf2][0x5][0xc8][0xf6][0xbc][0xb5][0x9b][0xe1][0xaf]7[0xeb][0x15]<[0xe4][0xe8][0xcb][0x8b]*/[0xb8][0x82][0xac][[0xbb][0xb6]|[0x92][0xb3]A>[0xc7]p`LI[0x10]1p[0x82][0xc]y[0xcd][0x90][0xe1]@+[0xa3][0xf4][0xbd][0xa3][0x11]Owb[0xf7][0xe][0xeb][0xc9][0xa7][0xdb][0xab][0xa8][0x85][0x92]F0[0xa2]2[0xad]S$[0xcd][0xde]=h[0x17]0[0xb]Z+C[0x82].[0xe5][\n]"
22:21:06.817 [main] DEBUG org.apache.http.wire - http-outgoing-1 << "V,[0xaf]K`u[0x4]/+[0xc0][0xc2]*[0xae][0xc0][0x1f]D[0x9c][\n]"
22:21:06.817 [main] DEBUG org.apache.http.wire - http-outgoing-1 << "[0x8][0xf0]*[0xf5][0xdc][0x8b][0xdc][0x8][0xa3][0x80]0[0x97][0x2][0xae]O[0x8f][0x8b]'[0xc9][0xd2]hjf[0x93][0xf1]#[0x13]0FL[0x96]3[0xfc][0x19][0xc8]\F[0xe2][0xb8][0xe0][0xef][0x9]F4|[0xa0]iBx:[0x9c][0x9d]l@3[0xdd]@([0x9b],[0x85][0xf1]?yd[0x83]n[0xa5]0[0x9e][0xc0]k[0x1]K[0xe3][0x10][0xb1]8%[0x93][0x93]|`[0xca]v[0xc6]Ue[\r][0xa5]c[0xda]7[0xf3]e[0xf2][0xbf]V`+[0xbc][0xd4][0x0][0xf9][0x9e][0xae][0xd0]c[0xca][0xf0][0xe4][0x8][0xb0]e[0xac]J[0x83][0xc0]*[0xc0]za[0x94]2y[0xd2][0x88]]([0x1f]H[0x88][0xd5][0xd6][0x8][0xb6][0xc5]H[0x92]!V[[0xb8]_\[0xae][0xa4]Q[0x8c]k[0xcd][0x95][0x9e]7[0x8a][0xcb][0x13][0xf]a[0xc4][0x2][0x8a]"1[0xee]F%[0x9e][0xa8][\r]P[0x88][0xcf]Z[0x17][0xd7][0x82][0x8d]S[0x94]([0x18]`[0x15][0x90][0xa1]y[0x81]([0xb9][0x81][0xbf][0xcf][0xb2][0x9]6[0xbe][0xb][0xad]$[0x9a]Hb[0xaa][0x99]m[0x83]k[0x9c]]rQ[0xb][0xc6][0x19][0xee]I[0x4][0xe2][0xc9][0xe8]vD[0x98]u[0xc4]|[0xa5]Y[0xd0][0xd4][0x1d][0x1a][0xc3][0xd1][0xd9]9[0xe2]?8A[0xb9][0x1f]B{7w[0xc3][0x9c][0x16][0xcb][0xbc]VJ[\n]"
22:21:06.817 [main] DEBUG org.apache.http.wire - http-outgoing-1 << ":8[0xac][0x9e]3x[0xfc]Y[0xad][0x2][0x97]S[0x13][0xff][0xd5]BY[0xc5]][0xbb]P[0x6]x[0xc6][0x2][0xd2]}[0xc2][0x8f]~a[0x7]-X[0x8e][0xdc][0xeb]|[0xe3]e'[0xf][0x88][[0x17][0xaa]6h[0xcb][0xb3][0xb1][0x9a][0xaa][0xc8][0xc6][0xa0]qJ#[0x91][0xe9][0x95][0x93][0xc]1Z[0xcc][0xef][0xe7][0xb7]O[0xf3][0xb7][0xc6][0x10][0x94]M[0xfb][0xb2]_[0x98][0xb2]/[0xa7][0x12][0xf7][0xb9][0x99]P[0x89][0xdf]J[0xcb][0xd4]3[0xa3]n[0xa7][0xaa][\r]s[0x9b]A[0xd2]U[0xbe][0xa1][0x9d][0xca][0xec]$=[0xe9]'q&*[0xdf][0xb5][0xe5][0x96][0xbb][0x92]U[0xb2][0xff][0xb][0xb8]RV%B}[0x10]u[0x9c]L[0x91]c[0x14]|#N[0xc2][0x14][0xe1][0x9c][0x14][0xa5][0xee]x[0xd7][0x84]E[0x80][0xe5][0x85][0xe1][0x8e]P[0xb9],[0xdd][0xbf][\r]'[0xcd][0x84][0xfb]>[0xe4].#jvtGc[0x14]q[$[0x85][0xd2][0x94][0x6]NiYlJK[0x15][0xf5][0xc2]1<'[0xc8][0xa5][\r][0xd3]5[0xb]V[0xb8][0xae]y@[0x89][0xed][0x9a][0xa5]e[0xd6][0xf0][0x1c][0xac]9[0xbd]^[0xdf])G[0xd6][0xca]&I[0x99][0x85]C+[0x7][0xbe][0x18][\r]Z[0x16]GY[0xed][0xa1][0xd5]|[0xbb][0xcc]$[0x1a]e[0xcd][0xa0]6C[0xaf][0xe3]2<H|dg[0xa7]p[0xed][0xa2][0x9c]C[0xc5]vj[0xcc][0xbe]n[0xaa]][0xb4][0xc2]E[0xf2]v[0xc6][0xde][0xfc][0xcd][0xd2][0xa8][0xb][0xf2][0xbd]%LA[0xc5]m[0xab])}H=<yRz\[0xa9][0xd7][0xa4][0xed][0x98]z[0xaf][0xad][0xce][0x86][0xfa][0xaf]d:[0xca][0xfd]%[0x9c][0x9d]#ku[0xcb]_[0xd4]gX[0x9d][0xc1][0x16]+[0x18][\r][0x94]_H[0xf2][0x13][0xf7]@[0xf9]0,[0x3])[0xcf]&[0xb0][0xf1][0x89]nHL[0x1c]t[0xb3]E[0xa7][0x9c][0xaa]A[0x84][0x13][0x1b]3[0xe3][0x15][0x1]E[0xbf][0xdc][0xdc]_[0xfc][0x90][0xd5]R.c[0xd1][0xb8][0xdf][0xdf]l6=[0xa8]X[0x81]W[0x88][0x19]E[0xbe]g[0xb][0x82]Iz6[\r]pU[0xf1][0xef][0xd7][0xbc]b+0[0xed][0xf][0x1d][0xf1]v[0xc7]o[0xc4]?u[0xff][0x4][0x99][0xb][0xe]n[0xdb][0x1d][0x0][0x0]"
22:21:06.818 [main] DEBUG org.apache.http.headers - http-outgoing-1 << HTTP/1.1 200 OK
22:21:06.821 [main] DEBUG org.apache.http.headers - http-outgoing-1 << Date: Wed, 14 May 2014 20:21:06 GMT
22:21:06.822 [main] DEBUG org.apache.http.headers - http-outgoing-1 << Server: Apache/2.4.6 (Ubuntu)
22:21:06.825 [main] DEBUG org.apache.http.headers - http-outgoing-1 << X-Powered-By: PHP/5.5.3-1ubuntu2.2
22:21:06.826 [main] DEBUG org.apache.http.headers - http-outgoing-1 << Expires: Thu, 19 Nov 1981 08:52:00 GMT
22:21:06.826 [main] DEBUG org.apache.http.headers - http-outgoing-1 << Cache-Control: no-store, no-cache, must-revalidate, post-check=0, pre-check=0
22:21:06.826 [main] DEBUG org.apache.http.headers - http-outgoing-1 << Pragma: no-cache
22:21:06.826 [main] DEBUG org.apache.http.headers - http-outgoing-1 << Vary: Accept-Encoding
22:21:06.826 [main] DEBUG org.apache.http.headers - http-outgoing-1 << Content-Encoding: gzip
22:21:06.832 [main] DEBUG org.apache.http.headers - http-outgoing-1 << Content-Length: 1879
22:21:06.832 [main] DEBUG org.apache.http.headers - http-outgoing-1 << Keep-Alive: timeout=5, max=100
22:21:06.832 [main] DEBUG org.apache.http.headers - http-outgoing-1 << Connection: Keep-Alive
22:21:06.832 [main] DEBUG org.apache.http.headers - http-outgoing-1 << Content-Type: text/html
22:21:06.833 [main] DEBUG o.a.h.impl.execchain.MainClientExec - Connection can be kept alive for 5000 MILLISECONDS
22:21:06.941 [main] DEBUG o.a.h.i.c.PoolingHttpClientConnectionManager - Connection [id: 1][route: {}->http://localhost:80] can be kept alive for 5.0 seconds
22:21:06.942 [main] DEBUG o.a.h.i.c.PoolingHttpClientConnectionManager - Connection released: [id: 1][route: {}->http://localhost:80][total kept alive: 1; route allocated: 1 of 6; total allocated: 1 of 20]
22:21:06.964 [main] DEBUG c.g.htmlunit.html.HtmlElement - Firing Event unload (Current Target: HTMLElement for HtmlHtml[<html>]);
22:21:06.965 [main] DEBUG c.g.htmlunit.WebWindowImpl - setEnclosedPage: HtmlPage(http://localhost/schoolmate/index.php)@27932218
22:21:06.965 [main] DEBUG c.g.htmlunit.WebWindowImpl - destroyChildren
22:21:07.120 [main] DEBUG c.g.htmlunit.html.HtmlScript - Script node added: <script language="JavaScript">
//<![CDATA[


  function classes()
  {
	document.student.page2.value=0;
	document.student.submit();
  }

  function settings()
  {
	document.student.page2.value=1;
	document.student.submit();
  }

  function assignments()
  {
	document.student.page2.value=2;
	document.student.submit();
  }

  function grades()
  {
   document.student.page2.value=3;
   document.student.submit();
  }

  function announcements()
  {
	document.student.page2.value=4;
	document.student.submit();
  }

  function logoutstudent()
  {
	document.student.logout.value=1;
	document.student.submit();
  }
 
//]]]]><![CDATA[>
</script>

22:21:07.362 [main] DEBUG n.s.j.h.HtmlUnitTestingEngineImpl - Window "" changed : "SchoolMate - School Name" became "SchoolMate - School Name
22:21:07.363 [main] DEBUG c.g.htmlunit.html.HtmlElement - Firing Event DOMContentLoaded (Current Target: HTMLElement for HtmlHtml[<html>]);
22:21:07.369 [main] DEBUG c.g.htmlunit.html.HtmlElement - Firing Event load (Current Target: HTMLElement for HtmlHtml[<html>]);
22:21:10.488 [main] DEBUG c.g.htmlunit.html.HtmlElement - Firing Event mousedown (Current Target: HTMLElement for HtmlAnchor[<a class="items" href="JavaScript:document.classes.selectclass.value=2;document.classes.page2.value=1;document.classes.submit();" onmouseover="window.status='View Information For pentest';return true;" onmouseout="window.status='';return true;">]);
22:21:10.489 [main] DEBUG c.g.htmlunit.html.HtmlElement - Firing Event focusin (Current Target: HTMLElement for HtmlAnchor[<a class="items" href="JavaScript:document.classes.selectclass.value=2;document.classes.page2.value=1;document.classes.submit();" onmouseover="window.status='View Information For pentest';return true;" onmouseout="window.status='';return true;">]);
22:21:10.505 [main] DEBUG c.g.htmlunit.html.HtmlElement - Firing Event focus (Current Target: HTMLElement for HtmlAnchor[<a class="items" href="JavaScript:document.classes.selectclass.value=2;document.classes.page2.value=1;document.classes.submit();" onmouseover="window.status='View Information For pentest';return true;" onmouseout="window.status='';return true;">]);
22:21:10.505 [main] DEBUG c.g.htmlunit.html.HtmlElement - Firing Event mouseup (Current Target: HTMLElement for HtmlAnchor[<a class="items" href="JavaScript:document.classes.selectclass.value=2;document.classes.page2.value=1;document.classes.submit();" onmouseover="window.status='View Information For pentest';return true;" onmouseout="window.status='';return true;">]);
22:21:10.506 [main] DEBUG c.g.htmlunit.html.HtmlElement - Firing Event click (Current Target: HTMLElement for HtmlAnchor[<a class="items" href="JavaScript:document.classes.selectclass.value=2;document.classes.page2.value=1;document.classes.submit();" onmouseover="window.status='View Information For pentest';return true;" onmouseout="window.status='';return true;">]);
22:21:10.532 [main] DEBUG c.g.htmlunit.html.HtmlAnchor - do click action in window '', using href 'JavaScript:document.classes.selectclass.value=2;document.classes.page2.value=1;document.classes.submit();'
22:21:10.540 [main] DEBUG c.g.htmlunit.WebClient - Load response for POST http://localhost/schoolmate/index.php
22:21:10.542 [main] DEBUG o.a.h.c.protocol.RequestAddCookies - CookieSpec selected: mine
22:21:10.542 [main] DEBUG o.a.h.c.protocol.RequestAddCookies - Cookie [version: 0][name: PHPSESSID][value: fofgkavg201t8tct7lnqd4nr94][domain: localhost][path: /][expiry: null] match [localhost:80/schoolmate/index.php]
22:21:10.545 [main] DEBUG o.a.h.c.protocol.RequestAuthCache - Auth cache not set in the context
22:21:10.562 [main] DEBUG o.a.h.i.c.PoolingHttpClientConnectionManager - Connection request: [route: {}->http://localhost:80][total kept alive: 0; route allocated: 0 of 6; total allocated: 0 of 20]
22:21:10.562 [main] DEBUG o.a.h.i.c.PoolingHttpClientConnectionManager - Connection leased: [id: 2][route: {}->http://localhost:80][total kept alive: 0; route allocated: 1 of 6; total allocated: 1 of 20]
22:21:10.626 [main] DEBUG o.a.h.impl.execchain.MainClientExec - Opening connection {}->http://localhost:80
22:21:10.630 [main] DEBUG o.a.h.c.HttpClientConnectionManager - Connecting to localhost/127.0.0.1:80
22:21:10.633 [main] DEBUG o.a.h.impl.execchain.MainClientExec - Executing request POST /schoolmate/index.php HTTP/1.1
22:21:10.633 [main] DEBUG o.a.h.impl.execchain.MainClientExec - Target auth state: UNCHALLENGED
22:21:10.634 [main] DEBUG o.a.h.impl.execchain.MainClientExec - Proxy auth state: UNCHALLENGED
22:21:10.638 [main] DEBUG org.apache.http.headers - http-outgoing-2 >> POST /schoolmate/index.php HTTP/1.1
22:21:10.657 [main] DEBUG org.apache.http.headers - http-outgoing-2 >> Host: localhost
22:21:10.658 [main] DEBUG org.apache.http.headers - http-outgoing-2 >> User-Agent: Mozilla/5.0 (Windows NT 6.1; rv:24.0) Gecko/20100101 Firefox/24.0
22:21:10.658 [main] DEBUG org.apache.http.headers - http-outgoing-2 >> Accept: */*
22:21:10.658 [main] DEBUG org.apache.http.headers - http-outgoing-2 >> Referer: http://localhost/schoolmate/index.php
22:21:10.658 [main] DEBUG org.apache.http.headers - http-outgoing-2 >> Accept-Encoding: gzip, deflate
22:21:10.659 [main] DEBUG org.apache.http.headers - http-outgoing-2 >> Accept-Language: en-US
22:21:10.659 [main] DEBUG org.apache.http.headers - http-outgoing-2 >> Content-Length: 59
22:21:10.659 [main] DEBUG org.apache.http.headers - http-outgoing-2 >> Content-Type: application/x-www-form-urlencoded
22:21:10.660 [main] DEBUG org.apache.http.headers - http-outgoing-2 >> Connection: Keep-Alive
22:21:10.661 [main] DEBUG org.apache.http.headers - http-outgoing-2 >> Cookie: PHPSESSID=fofgkavg201t8tct7lnqd4nr94
22:21:10.661 [main] DEBUG org.apache.http.wire - http-outgoing-2 >> "POST /schoolmate/index.php HTTP/1.1[\r][\n]"
22:21:10.661 [main] DEBUG org.apache.http.wire - http-outgoing-2 >> "Host: localhost[\r][\n]"
22:21:10.661 [main] DEBUG org.apache.http.wire - http-outgoing-2 >> "User-Agent: Mozilla/5.0 (Windows NT 6.1; rv:24.0) Gecko/20100101 Firefox/24.0[\r][\n]"
22:21:10.661 [main] DEBUG org.apache.http.wire - http-outgoing-2 >> "Accept: */*[\r][\n]"
22:21:10.661 [main] DEBUG org.apache.http.wire - http-outgoing-2 >> "Referer: http://localhost/schoolmate/index.php[\r][\n]"
22:21:10.662 [main] DEBUG org.apache.http.wire - http-outgoing-2 >> "Accept-Encoding: gzip, deflate[\r][\n]"
22:21:10.662 [main] DEBUG org.apache.http.wire - http-outgoing-2 >> "Accept-Language: en-US[\r][\n]"
22:21:10.663 [main] DEBUG org.apache.http.wire - http-outgoing-2 >> "Content-Length: 59[\r][\n]"
22:21:10.677 [main] DEBUG org.apache.http.wire - http-outgoing-2 >> "Content-Type: application/x-www-form-urlencoded[\r][\n]"
22:21:10.678 [main] DEBUG org.apache.http.wire - http-outgoing-2 >> "Connection: Keep-Alive[\r][\n]"
22:21:10.678 [main] DEBUG org.apache.http.wire - http-outgoing-2 >> "Cookie: PHPSESSID=fofgkavg201t8tct7lnqd4nr94[\r][\n]"
22:21:10.678 [main] DEBUG org.apache.http.wire - http-outgoing-2 >> "[\r][\n]"
22:21:10.678 [main] DEBUG org.apache.http.wire - http-outgoing-2 >> "semester=1&page2=1&logout=&page=4&selectclass=2&studentid=1"
22:21:10.689 [main] DEBUG org.apache.http.wire - http-outgoing-2 << "HTTP/1.1 200 OK[\r][\n]"
22:21:10.689 [main] DEBUG org.apache.http.wire - http-outgoing-2 << "Date: Wed, 14 May 2014 20:21:10 GMT[\r][\n]"
22:21:10.690 [main] DEBUG org.apache.http.wire - http-outgoing-2 << "Server: Apache/2.4.6 (Ubuntu)[\r][\n]"
22:21:10.690 [main] DEBUG org.apache.http.wire - http-outgoing-2 << "X-Powered-By: PHP/5.5.3-1ubuntu2.2[\r][\n]"
22:21:10.690 [main] DEBUG org.apache.http.wire - http-outgoing-2 << "Expires: Thu, 19 Nov 1981 08:52:00 GMT[\r][\n]"
22:21:10.741 [main] DEBUG org.apache.http.wire - http-outgoing-2 << "Cache-Control: no-store, no-cache, must-revalidate, post-check=0, pre-check=0[\r][\n]"
22:21:10.742 [main] DEBUG org.apache.http.wire - http-outgoing-2 << "Pragma: no-cache[\r][\n]"
22:21:10.742 [main] DEBUG org.apache.http.wire - http-outgoing-2 << "Vary: Accept-Encoding[\r][\n]"
22:21:10.742 [main] DEBUG org.apache.http.wire - http-outgoing-2 << "Content-Encoding: gzip[\r][\n]"
22:21:10.742 [main] DEBUG org.apache.http.wire - http-outgoing-2 << "Content-Length: 1836[\r][\n]"
22:21:10.742 [main] DEBUG org.apache.http.wire - http-outgoing-2 << "Keep-Alive: timeout=5, max=100[\r][\n]"
22:21:10.742 [main] DEBUG org.apache.http.wire - http-outgoing-2 << "Connection: Keep-Alive[\r][\n]"
22:21:10.743 [main] DEBUG org.apache.http.wire - http-outgoing-2 << "Content-Type: text/html[\r][\n]"
22:21:10.744 [main] DEBUG org.apache.http.wire - http-outgoing-2 << "[\r][\n]"
22:21:10.745 [main] DEBUG org.apache.http.wire - http-outgoing-2 << "[0x1f][0x8b][0x8][0x0][0x0][0x0][0x0][0x0][0x0][0x3][0xd5]Ym[0x8f][0xe2]6[0x10][0xfe][0xc][0xbf][0xc2][0xda][0xaa][0xcd][0xdd]I@`[0x8f][0xbd]=[0x8][0x91][0xd8][0x97][0xeb][0xcb][0xed][0xde][0x9e][0xca][0xb5]R?U&1$[0xd7]$[0x8e][0x12][0x7][0x96]V[0xfd][0xef][0x1d][0xdb]qH[0x82][0x81][0xb0][0xdb][0xeb][0xb][0x91][0x8][0x99][0x8c][0xc7][0x8f][0xc7][0xe3]g[0xc6][0xc6][0xf2]X[0x18][0xd8]mdy[0x4][0xbb][0xfc][0xce]|[0x16][0x10]{[0xe6]x[0x94][0x6][0xf7][0x98][0x11][0xd4]A[0xf2][0x1]}[0xc0]![0xb1]z[0xf2]=([0xa6]l[0x13][0x10][0xc4]61[0x99][0x9c]1[0xf2][0xc8]zN[0x9a][0x9e][0xd9][0xed]6[0xea][0xbd]BW[0xf]7[0xbf][0xa0]W[0xbd]6[0x9a]Sw[0xd3]F[0xb4][0x11][0x9a]c[0xe7][0xb7]eB[0xb3][0xc8][0xed]84[0xa0][0xc9][0x8]}u~~q[0xf1][0xf6][0xed][0xb8][0x8d][0xfe][0x94][0xad][0xee][0xbe][0xff][0xf0]~&[0x9a][0xa1]iwA)#[0x9][0xfc][0xe4][0x8d][0x11]Z[0xd0][0x88]u[0x16]8[0xf4][0x83][0xcd][0x8][0xe1][0xc4][0xc7][0xc1]x+O[0xfd][0xdf][0xc9][0x8][0xf5][0xcd][0x98][0x95][0x84]k[0xe2]/=6B[0x11]MB[0xa5][0x9d][0xf7][0x9c][0xfa][0xc1][0x8a]$R[0xc4][0xa1]w\[0xe2][0xd0][0x4]3[0x9f]F#[0x4][0x8]I[0x12][0xf8][0x11][0xe1][0xef]9[0xb2][0x2][0xcc][0xc8][0xa3][0xab]/[0x5]i[0x1e][0x80][0xc6][0xed]V#8![0x89]2[0x1][0xa3][0xa5][0xc3][0xd0]*[0x3][0x18]p[0x0][0xad]J[0xef]s[0x1a][0xb8] S[0xb3]@.[0x1c]|[0xee][0xea][0xba][0x8e][0xe8]N[0xaf]%[0x17]h[0xfb][0xae][0x8f]P[0x1d][0xbf][0x16][0xc0];[0xf8]\][0xed][0x99][0x8d][0x1a][0x86][0x18]/[0x1]E[0xa8][0xe6]`[0xf][0x4][0xdd][0xc][0xec][0x9b][0x0][0x85][0xe2][0xd2][0xe4][0x97][0x10]5[0x4]Q[\r][0x87][0xbf][0x11][0xca][0xf4][0x9a]_[0x8d][0xa0][0xa4]$ [0xe]#[0xee][0x97][0xf3][0x8b])>z0[0xba][0xd8][0xac]![0xfa]W[0x9c][0xa4][0xc3][0xe5]3[0x12][0xa6][0xff][0x1][0xff][0x8][0x1c]_[0xcc]+[0xc3]w[0xfc]j[0x8a][0x6]8[0xf7][0xd3][0xf4][0xea][0xee]6'][0x86][0xe7][0x1][0x91]k[[0xc3][0xd6][0xef][0xc4][0xa7]h+[0x94][0xbb][0x9b][0x83][0xea]rU[0x97][0xd4][0xdd]M[0x4][0xc3]t[0x2]?ej[0xf0]s[0x9a][0x0][0xac][0xa2][0xd9][0xf0][0x92]_[0xe3][0xd2][0x9b][0xb5][0xef]2o[0x84][0xba][0xe6][0x9b][0xe1][0xed]}[0xf9][0x85]H@@[0xe6]4[0xf0]]![0x8f][0xb1][0xeb][0xfa][0xd1][0xb2][0x93]H[0xf7][0xf4][0xe3][0xc7][0x8a]xN[0x19][0xa3][0xe1][0xae]< [0xb][0xd0]6kRF[0xe3]B(G[0xe0]v[0xe7][0x5][0xe8][0x3][0xc9]l[0xab][0xbd]j[0xa4]^~[0x9b][0x90][0x98]`[0x0]#[0xef][0x9d]M[0xd9][0xdc][0xfa][0x80][0xb5][0xfa][0xdc][0xb8]][0x1c]E[0xa0][0xe1][0x10] [0xed][0xc2][0xd5]""p[0xe0]/![0x18]>g)[0xf3][0x17][0x1b][0x8d]#[0x6]uO[0xe4][0xee][0x1c][0x94][0x9d][0xd1][0xa5][0xae]{[0x0]O}q[0xe6][0x9d]:[0x0]F[0xe6]]i[0x84][0xac]Ht[0xc0][0xca][0xad][0xc9][0xaf][0xa3]Vx[0xe5][0xb2]]LGC[0x11][0x82][0xfe][0xbb][0xdb][0xe9][0xcd][0xed][0x8f]y[0xd4]{}[0xd5][0xb4][0x9a][0xd1][0x98][0x1f][0x92]t'[0xa3][\r][0x6][0xda][0x8c].S[0x1a][0xd2][0xf3][0xc2]~[0x16]?80o[0x0])7M[0x81]G5[0xf9]V[0x8f][0xae]q[0x4][0xdd][0x93][0x90][0x80][0xc7][0xae][0x9a]}z[0xb8]G[0xd7]w[0xd3][0xd9]L[0xd1][0x85]B7[0xa7][0x8f]GY[0xa0][0xa5]][0xb3]-[0xfd][0x12]o[0xd5]8[0xa1][0xa8]P[0xf2][0x88][0x14]|[0xf8]X[0xfb][0x82][0xd7][0xa1][0x1f])S[0xfd][0xe1]V[0xe4][0xe5]^P[0xb2]\[0xe5][0x9c][0xcf]NK[0xbd][0x1c][0x88][0xa7][0xa3][0xe5][0x94][0xe0][0xe1]V[0xd9]U|[0xd1][0x80][0x88][0xf3][0xf9]"[0xa0][0xeb]Z[0x86].[0xf9]H[0xfa][0xf4][0xe1][0xa9]':J[0x17]A-[0xf0][0xb][0xf3][0x1d][0x1c][0xa8][0x17][0xa1][0xef][0xba][0x1][0xa9]x[0xc]g[0x8c]n=[0xf6][0xcf][0x14][0xfe][0xb2][0xaf][\r][0x9][0x0][0x1][0xc7][0xbd][0x89][0x95][0xe7]0[0xdc]-[0xa7]U7[0xa7][0x15][0xd4]m[0xab]'f[0xd8][0x86][0x1f]j[0xeb][0x95]:[0x89][0x1f]3[0x14][0xe0]h[0x99]A[0xcc]L[0x8c][0x1f][0xf0][\n]"
22:21:10.746 [main] DEBUG org.apache.http.wire - http-outgoing-2 << "[0xcf][0x84][0xd0][0xe0][0x1b]+[0xb4][0x0]F[0xe7][0x96][0x90][0x13][0xe0]4%[0xe9][0x8b][0x97][0x12][0xb6]K[0x9d][0x8c][0x13]}7e[0x99][0xcb][0xef][0xbc][0xf8][0x1a]tW8[0xc8][0xc8][0x84]O[0xd7][0x8e]B[0x9a][0xcd]C[0x9f][0xbd]xY[0xb8][0xa2]0[0x9d][0x12][0xc6] r[0x9a][0xd9][0xee][0x9f]f[0x1b]@C[0xc]p[0xe5]f[0xe6][0x7][0xa7][0x99]_&[0x90][0x8][0x94]e[0x98][0xf4][0x83][0xb6][0xcf][0xc7]Z[0x95][0x3][0xe0]K[0x19][0xb5][0x19][0xfc][0xd7][0xa7][0xc1][0xf][0xe8][0x92]f,[0xd7][0xdb][0xdb][0x81][0xd4]j[0xee][0x4][0x81]&B[0x88]G[0x90][0xc5][0xf7][0xe3][0xb6]%[0x8a]1X[0xa2]A[0x90][0xf3][0xc4][0xc4][0x14]Oi[0x8c][0x1d][0xf9]$y[0x5]~[0x8][0xe][0x98][0x18]}[0xd3][0xfc][0xda]@[0x92][0x3]&[0xc6][0xa5]i[0x88][0xa3][0x82]D|[0xbb]2[0x1c]'[0xc6][0xdc]P[0xea]@[0x19]\[0x3]Y~[0xb8]Di[0xe2]L[0x8c]n[0xcf][0xf][0xc1]5[0xa9]<?[0xe8].[0xfd][0xc5][0xd6][0xdc][0x9b]a[0xa5]![0xea]q[0xb3]=[0xe6][0xd6][0xad][0xb][0x8b][0xa7]c[0xbf][0x4][0xe8][0xb2]i"o5[0x93][0xc8]r[0xfd][0x95][0x12]m[0x19][0xc1]@[0x82][0xb1]&[0x86][0xa4]2[0xc3][0xae][0x1c][0x83]@[0x13]aL[0xc2][0xe4][0xf7]$[0xbf]s|[0xc5][0x0][0xa4][0xbc][0x90][0xb6][0x15]~[0xbd][/[0xe1][0xa1]@_[0x1d]Tu[0xc0]5dm[0xed][0xd8][0x8a]N[0xce][0xcd][0xa2][0x8f][0xbe]i[$[0x8c][0x19][0x4][0x81]B[0xae]i[0xd2]7KeTy[0xee]h[0xcc][0xd3][0x9d][0x98][0xbd][0xc3]v[0x8a][0xee][0xf6][0x1a]j`[0xe4]([0x18]Q[0x99][0xea][0xc]I[0xb7][0xb7][0xf][0xfa][0x5][0xdc][0x82]V[0xb9]#[0xc1]V[0x1e][\n]"
22:21:10.746 [main] DEBUG org.apache.http.wire - http-outgoing-2 << "[0xf3]D[0xde][0x17][0xc0][0xea][0x8]6+[0xc0][0xc2][0xf9][0xba][0x82]x[0x10][0xeb]T@[0x80][0xad][0xd4]c7[0xf6]b[0x3][0x85][0x84]y[0x14]p}|[0x98]}[0x92],[0x8d],[0xac]:[0xe3]G&[0xe0][0x8c][0x84],&[0xc6]g s[0xb9][0x12]G[[0xfe][0x1e][0x1b][0x88]F[0xf7]4K[0x9]O[0x87][0x93][0xb3]5X[0xa6]kX[0xca][0x98]e[0xd0][0xfe]g[0x9f][0xac][0xd1][0xb5]T6[0xc6][0xb0]-`Y[0x12]![0x96]dd|V4[0xcc][0xd8]N[0xbb][0xba][0xae][0x9d][0xdb][0xb0]z[0xb8][0x18][0xa6][0x18]j[0xab][0x1][0xd8]mFh[0x8c][0x16][0xcd][0xf2]6[0xcf][0x2][0xad][0x8c][0x8][0xd4][0xad][0xd3]@WRM[0x13][0xdc][0xd3]m[0x83]g[0x81].[0xd9]y[\n]"
22:21:10.746 [main] DEBUG org.apache.http.wire - http-outgoing-2 << "n[0x95][0xc3][0x9a]@[0xfe]V[0xe8]>[0xb][0xad]4[0xf1]$[0x7]W[0xd3]a#[0x17][0x97][0x9b]<[0xcf][0xc9]eK5[0xf4][0x8d][0x16]`-[0xd7][0x1e]AG[0x97][0xe8]!c[0xc6][0xf8][0x4][0xc4]U[0xc0][0xb9][0x5][0x1]U,@?[0x8a]3&O[0xcf][\r][0xf]Jb[0x12][0x19]9[0xdd][0x88][\n]"
22:21:10.746 [main] DEBUG org.apache.http.wire - http-outgoing-2 << "[0xc2]@2[0xc1][0x1b][0xfd][0x9c][0x97][0xf6][0xeb][0xcb][0xa1][0x1c]U[0xe3]f[0xb][0xab][0xaf][0x8f][0xaa][0xcb]c<[0xe1][0xc5][0xa2][0xd5]@[0xa5]fN[0x8e][0x95][0xec][0xa7]M;[0x90]u[0xb4][0xc4]]J!<[0xf1][0x8a]2[0x18][0x86][0x1][0x8b][0x9d]o{d[0xc6][0xe3][0xa7]4ll[0xd8][0xdf]D[0xf3]4[0x1e][0xcb]t[0xab][0xe9]mmh(\f[0xd8][0x6]y[0xb4][0xbf][0xa7][0xbc][0x11]O[0x10]R"y[0xb4]D[0x95]^[0x90][0xe5][0xf5][0xed]*[0xcf]A[0x11][0xdf][0xe7][0xae]Q+[0xa8][0x92]@r[0xb6]o[0x96]@[0x14][0xfe]j[0x8a]W@[0x87][0xbc]>*[0x8f][0xc8][0xc8][0x9f][0xd5][0x98][0xf8]s>t[0xa3]Z[0xa5][0xd5][0xaa][0xa7][0xb2][0x81][0xba][0xf1][0xc2][0x18][0x14]f[0xb9][0xa7]K'w;[0x85][0x91][0xf4]z[0xa2]T[0xe5]y[0x8c]t[0xa0][0xc7]w^[0xd0]U$l[0xd5][0xda]Y[0xde][0x0]&U|1OZ[0xc9][0xcb]([0x8d][0xb9][0x9d]N[0xb9]u{[0x8a]>[0x92][0x84][0x8b][0xa4][0x9]![0xbb][0xd2][0xc8][0xae]5[0xb2][0x9b][0xaa]lO[0xf7][0xfc][0x8c]J[0xf6][0xe6][0xda][0x10][0x18]][0xd3]4e [\n]"
22:21:10.747 [main] DEBUG org.apache.http.wire - http-outgoing-2 << "[0xc9][0x9b][0xba][0xe0][0xa2].(=Wz([\n]"
22:21:10.751 [main] DEBUG org.apache.http.wire - http-outgoing-2 << "[0xc5][0x93][0xc8]@,[0xc0]&tp\[0xb1]F[0x8][0xc7][0x1b][0x1c][0xa0][0x84][0x83][0xed][0xb2][0xd8][0xc5][0x8c][0x14][0x8a][0x8a]=*[0xa5]Z[0xc5][0x1f]H1Kk[0xd7]]%[0xd6][0xa9][0xd0][0xce][0xea]X[0xb9]X[0xaa][0x15]%[0xa9](j[0xe1][0x9b]y[0xbb][0x6][0xe6]p[0xd5][0xb8][0xe5][0x89][0xa6][0x5]l[0xb9][0x89][0x1e][0x9e]<[0x9c]>[0xad][0xba]>f[0xed][0x94][0x12][0xbb][0xa9][0xcd]#%w[0xc5]u[0xf9][0xca][0x8d][0xe6][0xcb]k~621[0xf2]c[0xef][0xed][0x8][0x6]fN[0x1f]rY[0xcb][0xe9][0xb7]x3[0x5]R[0x1e][0x7][0x19][0xf6]G[0xba]&[0x9]q[0xd1][0xd5][0x6]u[0xf8][0x9e][0x16]Tl[0xc8][0xf3][0xc]'K[0x2][0x86]~[0xbd][0xba][0x9b]~x[0xaf]R[0xbd][0xc7]X<[0xea][0xf5][0xd6][0xeb]u[0x17]6[0x9]![0x84][0x1f][0x8e][0xe3][0xc0]w[0xc4]9L[0xda]uhh[0xd4][0xed]o[0xff][0xf1].[0x8a][0xe4]-[0xa6]}[0xb1]j[0xf5][0xc4][0x86][0x9a][0xff][0x10][0xff][0xa3][0xff][0x5][0x17]\[0x93][0x1d]N[0x1f][0x0][0x0]"
22:21:10.751 [main] DEBUG org.apache.http.headers - http-outgoing-2 << HTTP/1.1 200 OK
[...]
22:21:10.919 [main] DEBUG c.g.htmlunit.html.HtmlScript - Script node added: <script language="JavaScript">
//<![CDATA[


  function classes()
  {
	document.student.page2.value=0;
	document.student.submit();
  }

  function settings()
  {
	document.student.page2.value=1;
	document.student.submit();
  }

  function assignments()
  {
	document.student.page2.value=2;
	document.student.submit();
  }

  function grades()
  {
   document.student.page2.value=3;
   document.student.submit();
  }

  function announcements()
  {
	document.student.page2.value=4;
	document.student.submit();
  }

  function logoutstudent()
  {
	document.student.logout.value=1;
	document.student.submit();
  }
 
//]]]]><![CDATA[>
</script>

22:21:11.072 [main] DEBUG n.s.j.h.HtmlUnitTestingEngineImpl - Window "" changed : "SchoolMate - School Name" became "SchoolMate - School Name
22:21:11.072 [main] DEBUG c.g.htmlunit.html.HtmlElement - Firing Event DOMContentLoaded (Current Target: HTMLElement for HtmlHtml[<html>]);
22:21:11.073 [main] DEBUG c.g.htmlunit.html.HtmlElement - Firing Event load (Current Target: HTMLElement for HtmlHtml[<html>]);
22:21:13.199 [main] DEBUG c.g.htmlunit.html.HtmlElement - Firing Event mousedown (Current Target: HTMLElement for HtmlAnchor[<a class="menu" href="javascript: assignments();" onmouseover="window.status='View Assignments'; return true;" onmouseout="window.status=''; return true;">]);
22:21:13.205 [main] DEBUG c.g.htmlunit.html.HtmlElement - Firing Event focusin (Current Target: HTMLElement for HtmlAnchor[<a class="menu" href="javascript: assignments();" onmouseover="window.status='View Assignments'; return true;" onmouseout="window.status=''; return true;">]);
22:21:13.205 [main] DEBUG c.g.htmlunit.html.HtmlElement - Firing Event focus (Current Target: HTMLElement for HtmlAnchor[<a class="menu" href="javascript: assignments();" onmouseover="window.status='View Assignments'; return true;" onmouseout="window.status=''; return true;">]);
22:21:13.206 [main] DEBUG c.g.htmlunit.html.HtmlElement - Firing Event mouseup (Current Target: HTMLElement for HtmlAnchor[<a class="menu" href="javascript: assignments();" onmouseover="window.status='View Assignments'; return true;" onmouseout="window.status=''; return true;">]);
22:21:13.206 [main] DEBUG c.g.htmlunit.html.HtmlElement - Firing Event click (Current Target: HTMLElement for HtmlAnchor[<a class="menu" href="javascript: assignments();" onmouseover="window.status='View Assignments'; return true;" onmouseout="window.status=''; return true;">]);
22:21:13.210 [main] DEBUG c.g.htmlunit.html.HtmlAnchor - do click action in window '', using href 'javascript: assignments();'
22:21:13.234 [main] DEBUG c.g.htmlunit.WebClient - Load response for POST http://localhost/schoolmate/index.php
22:21:13.238 [main] DEBUG o.a.h.c.protocol.RequestAddCookies - CookieSpec selected: mine
22:21:13.238 [main] DEBUG o.a.h.c.protocol.RequestAddCookies - Cookie [version: 0][name: PHPSESSID][value: fofgkavg201t8tct7lnqd4nr94][domain: localhost][path: /][expiry: null] match [localhost:80/schoolmate/index.php]
22:21:13.239 [main] DEBUG o.a.h.c.protocol.RequestAuthCache - Auth cache not set in the context
22:21:13.240 [main] DEBUG o.a.h.i.c.PoolingHttpClientConnectionManager - Connection request: [route: {}->http://localhost:80][total kept alive: 0; route allocated: 0 of 6; total allocated: 0 of 20]
22:21:13.242 [main] DEBUG o.a.h.i.c.PoolingHttpClientConnectionManager - Connection leased: [id: 3][route: {}->http://localhost:80][total kept alive: 0; route allocated: 1 of 6; total allocated: 1 of 20]
22:21:13.243 [main] DEBUG o.a.h.impl.execchain.MainClientExec - Opening connection {}->http://localhost:80
22:21:13.243 [main] DEBUG o.a.h.c.HttpClientConnectionManager - Connecting to localhost/127.0.0.1:80
22:21:13.244 [main] DEBUG o.a.h.impl.execchain.MainClientExec - Executing request POST /schoolmate/index.php HTTP/1.1
22:21:13.244 [main] DEBUG o.a.h.impl.execchain.MainClientExec - Target auth state: UNCHALLENGED
22:21:13.245 [main] DEBUG o.a.h.impl.execchain.MainClientExec - Proxy auth state: UNCHALLENGED
22:21:13.246 [main] DEBUG org.apache.http.headers - http-outgoing-3 >> POST /schoolmate/index.php HTTP/1.1
22:21:13.246 [main] DEBUG org.apache.http.headers - http-outgoing-3 >> Host: localhost
22:21:13.246 [main] DEBUG org.apache.http.headers - http-outgoing-3 >> User-Agent: Mozilla/5.0 (Windows NT 6.1; rv:24.0) Gecko/20100101 Firefox/24.0
22:21:13.246 [main] DEBUG org.apache.http.headers - http-outgoing-3 >> Accept: */*
22:21:13.246 [main] DEBUG org.apache.http.headers - http-outgoing-3 >> Referer: http://localhost/schoolmate/index.php
22:21:13.246 [main] DEBUG org.apache.http.headers - http-outgoing-3 >> Accept-Encoding: gzip, deflate
22:21:13.246 [main] DEBUG org.apache.http.headers - http-outgoing-3 >> Accept-Language: en-US
22:21:13.247 [main] DEBUG org.apache.http.headers - http-outgoing-3 >> Content-Length: 36
22:21:13.247 [main] DEBUG org.apache.http.headers - http-outgoing-3 >> Content-Type: application/x-www-form-urlencoded
22:21:13.247 [main] DEBUG org.apache.http.headers - http-outgoing-3 >> Connection: Keep-Alive
22:21:13.248 [main] DEBUG org.apache.http.headers - http-outgoing-3 >> Cookie: PHPSESSID=fofgkavg201t8tct7lnqd4nr94
22:21:13.248 [main] DEBUG org.apache.http.wire - http-outgoing-3 >> "POST /schoolmate/index.php HTTP/1.1[\r][\n]"
22:21:13.249 [main] DEBUG org.apache.http.wire - http-outgoing-3 >> "Host: localhost[\r][\n]"
22:21:13.249 [main] DEBUG org.apache.http.wire - http-outgoing-3 >> "User-Agent: Mozilla/5.0 (Windows NT 6.1; rv:24.0) Gecko/20100101 Firefox/24.0[\r][\n]"
22:21:13.249 [main] DEBUG org.apache.http.wire - http-outgoing-3 >> "Accept: */*[\r][\n]"
22:21:13.249 [main] DEBUG org.apache.http.wire - http-outgoing-3 >> "Referer: http://localhost/schoolmate/index.php[\r][\n]"
22:21:13.249 [main] DEBUG org.apache.http.wire - http-outgoing-3 >> "Accept-Encoding: gzip, deflate[\r][\n]"
22:21:13.249 [main] DEBUG org.apache.http.wire - http-outgoing-3 >> "Accept-Language: en-US[\r][\n]"
22:21:13.249 [main] DEBUG org.apache.http.wire - http-outgoing-3 >> "Content-Length: 36[\r][\n]"
22:21:13.249 [main] DEBUG org.apache.http.wire - http-outgoing-3 >> "Content-Type: application/x-www-form-urlencoded[\r][\n]"
22:21:13.250 [main] DEBUG org.apache.http.wire - http-outgoing-3 >> "Connection: Keep-Alive[\r][\n]"
22:21:13.250 [main] DEBUG org.apache.http.wire - http-outgoing-3 >> "Cookie: PHPSESSID=fofgkavg201t8tct7lnqd4nr94[\r][\n]"
22:21:13.250 [main] DEBUG org.apache.http.wire - http-outgoing-3 >> "[\r][\n]"
22:21:13.250 [main] DEBUG org.apache.http.wire - http-outgoing-3 >> "page2=2&logout=&page=4&selectclass=2"
22:21:13.266 [main] DEBUG org.apache.http.wire - http-outgoing-3 << "HTTP/1.1 200 OK[\r][\n]"
22:21:13.266 [main] DEBUG org.apache.http.wire - http-outgoing-3 << "Date: Wed, 14 May 2014 20:21:13 GMT[\r][\n]"
22:21:13.266 [main] DEBUG org.apache.http.wire - http-outgoing-3 << "Server: Apache/2.4.6 (Ubuntu)[\r][\n]"
22:21:13.266 [main] DEBUG org.apache.http.wire - http-outgoing-3 << "X-Powered-By: PHP/5.5.3-1ubuntu2.2[\r][\n]"
22:21:13.267 [main] DEBUG org.apache.http.wire - http-outgoing-3 << "Expires: Thu, 19 Nov 1981 08:52:00 GMT[\r][\n]"
22:21:13.267 [main] DEBUG org.apache.http.wire - http-outgoing-3 << "Cache-Control: no-store, no-cache, must-revalidate, post-check=0, pre-check=0[\r][\n]"
22:21:13.271 [main] DEBUG org.apache.http.wire - http-outgoing-3 << "Pragma: no-cache[\r][\n]"
22:21:13.272 [main] DEBUG org.apache.http.wire - http-outgoing-3 << "Vary: Accept-Encoding[\r][\n]"
22:21:13.272 [main] DEBUG org.apache.http.wire - http-outgoing-3 << "Content-Encoding: gzip[\r][\n]"
22:21:13.272 [main] DEBUG org.apache.http.wire - http-outgoing-3 << "Content-Length: 2010[\r][\n]"
22:21:13.272 [main] DEBUG org.apache.http.wire - http-outgoing-3 << "Keep-Alive: timeout=5, max=100[\r][\n]"
22:21:13.273 [main] DEBUG org.apache.http.wire - http-outgoing-3 << "Connection: Keep-Alive[\r][\n]"
22:21:13.274 [main] DEBUG org.apache.http.wire - http-outgoing-3 << "Content-Type: text/html[\r][\n]"
22:21:13.274 [main] DEBUG org.apache.http.wire - http-outgoing-3 << "[\r][\n]"
22:21:13.274 [main] DEBUG org.apache.http.wire - http-outgoing-3 << "[0x1f][0x8b][0x8][0x0][0x0][0x0][0x0][0x0][0x0][0x3][0xd5]Zms[0xa3]6[0x10][0xfe]l[0xff][\n]"
22:21:13.274 [main] DEBUG org.apache.http.wire - http-outgoing-3 << "M:-w7[0x8d][\r][0xe4][0xe5]r~[0x9b][0xc9][0xdb]][0xdb]K.7u[0xda][0x99]~[0xea]`[0x90][\r]w[0x80]([0x8];n[0xa7][0xff][0xbd]+[0x9][0x81] [0xb2][0x8d][0x93]^_[0xec][0x8c]1b[0xb5]z[0xb4]Z=[0xbb]+g[0xe4][0xd3]([0x9c]t[0xd1][0xc8][0xc7][0x8e][0xc7][0xae]4[0xa0]![0x9e]L][0x9f][0x90][0xf0][0xd6][0xa1][0x18][0x1d]"q[0x83]>8[0x11][0x1e][0xf5][0xc5]s[0x10][0xcc][0xe8]:[0xc4][0x88][0xae][0x13]<>[0xa0][0xf8][0x81][0xf6][0xdd],;[0x98]t[0xbb][0xa8][0xff][\n]"
22:21:13.280 [main] DEBUG org.apache.http.wire - http-outgoing-3 << "][0xdc]][0xfd][0x82]^[0xf5][0xbb]hF[0xbc]u[0x17][0xfd][0xd1]Eh[0xe6][0xb8][0x9f][0x17])[0xc9]c[0xef][0xd0]%!I[0x7][0xe8][0xab][0xa3][0xa3][0xd3][0xd3]7o[0x86]][0xf4][0xa7][0xe8]u[0xf3][0xfd][0x87][0xf7]S[0xde][\r][0x9d][0xf7][0xe6][0x84]P[0x9c][0xc2]W[0xd6][0x19][0xa1]9[0x89][0xe9][0xe1][0xdc][0x89][0x82]p=@N[0x1a]8[0xe1][0xb0]j[0xcf][0x82][0xdf][0xf1][0x0]YfB[0x95][0xc6][0x15][0xe][0x16]>[0x1d][0xa0][0x98][0xa4][0x91][0x94].F[0xce][0x82]p[0x89]S[0xd1][0xc4][0xa0][0x1f]z[0xd8]%[0xa9]C[0x3][0x12][0xf][0x10] [0xc4]i[0x18][0xc4][0x98]=g[0xc8]J0[0x3][0x9f],[0xbf][0x14][0xa4]Y[0x8][0xf6][0x19]v;[0xad][0xe0]D8[0xce]9[0x8c][0x8e][0xe]CG[0x5]`3[0x0][0x9d][0xda][0xe8]3[0x12]z[0xd0]&W[0x1][0x9f][0xba][0xce][0x91][0xa7][0x1b]:&[0x8f]FUL[0xa0][0x1d][0xbb]9[0xbb]>-[0x80][0xb7][0xf0][0xba][0xb8][0xd8][0xb0][0x1a][\r][0xc][0x89][0xb3][0x0][0x14][0x91]\[0x83][\r][0x10]t+[0xb0]i[0x1]$[0x8a]3[0x93][0xbd]ySK[0x10]uw[0xf8][0x1b][0xa1][0x9c]_[0xb2]w+([0x19][0xe][0xb1]K[0xb1][0xf7][0xe5][0xec]b[0xf2][0x97][0x1e][0x8c][0xce]7[0x1b][0x88][0xfe][0x15]#[0xe9]p[0x5][0x14]G[0xd9][0xc0]>[0x1c][0xc7][0x17][0xb3][0xca][0xc9][[0xf6]n[0x8b][0x6]8[0xf7][0xfe][0xfc][0xe2][0xe6][0xba] ][0xea][0xcc]B,[0xf6][0xb6][0x86][0xad][0xdf][0xf2]W[0xd9][0x97][0xb][0xf7][0xd6][[0xc5][0xc5][0xae]V[0xc4][0xbd]u[0xc][0xd3]t[0xc3] [0xa3]r[0xf2]3[0x92][0x2][0xac][0xb2][0xdb][0xc9][0x19]{[0xf][0x95]'[0xab][0xc0][0xa3][0xfe][0x0][0xf5][0xcc][0xd7]'[0xd7][0xb7][0xea][0x3][0x1e][0x80][0x80][0xcc]I[0x18]x[0xbc]=q</[0x88][0x17][0x87][0xa9]0[0x8f][0x95]<[0xd4][0x9a]g[0x84]R[0x12]=n[0xf][0xf1][0x1c][0xa4][0xcd]F+%I[0xd9](f[0xe0][0xf5]f%[0xe8]-[0xc1][0xac][0x92]^[0xb6][0x12]W[0x9f][0xa6]8[0xc1][0xe][0x80][0x11][0xd7][0xc3][0xb5][0xaa]n[0xb5]E[sm[0xbc][0x9e][0x13][0xc7] [0xe1]b [0xed][0xd2][0xd4][0xdc]#[0x9c]0X[0x80]3|[0xca]3[0x1a][0xcc][0xd7][0x1a]C[0xd8]MK[0x14][0xe6][0xb4]Uc[0xf4][0x88][0xe7]m[0xc1][0xd3][0xdc][0x9c][0xc5][0xa0].[0x80][0x11]qW([0xc1]K[0x1c]o[0xd1]rm[0xb2][0xf7]N-,s[0xa9]6[0xd3]NW[0x4][0xa7][0xff][0xee][0xfa][0xfc][0xea][0xfa][0xc7][0xc2][0xeb]}Kv[0xad]G4[0x1a]D8{[0x14][0xd1]l[[0x1b][0xd1]EHCz^[0xd8][0xcc][0xe2]['[0xe6][0xdb][0x10]r[0xb3][0xc]xT[0x13]o[0xf5][0xe8][0xac][0xd3][0x1d][0xe8][0x9e][0x84][0x4],v[0xf9][0xd3][0xf4][0xfe][0xee][0x16]][0xde][0x9c]O[0xa7][0x92].$[0xba][0x19]y[0xd8][0xc9][0x2][0x1d][0xed][0x9e][0xed][0xe8][0xb7]x[0xa7][0xc1][0x9]e[0x86]Rx$[0xe7][0xc3][0x87][0xc6][0x7]<[0x8e][0x82]X[0xaa][0xb2]N[0xaa]&[0xbf][0xb0][0x82]l+D[0x8e][0xd8][0xea]t[0xe4]C[0x9b][0xdf][0xed]L[0xa7]8[0xf]wTS[0xb1]M[0x3]M[0x8c][0xcf][0xe7]!Y5"[0xb4]b#a[0xd3][0xff][0x85][0xa5][0x9e]h([0x9d][0x7]u[0xc0].4p[0x9d]P>[0x88][0x2][0xcf][0xb]q[0xcd]bNNIe[0xb1]&[0xf1][0x17]c[0xad]q[0x8][0x8][0x18][0xee][0xcd][L][0xfb][0xe4]q:-[0x87][0xd9]/[0xa1][0xee][0x8e][0xfa]|[0x85]'[0xf0]E[0x96]^[0x99][0x9b][0x6][0x9]E[0xa1][0x13]/r[0xf0][0x99][0xb1][0xf1][0x83][0xb3]t[0xa6][0xbc][0xd1]`[0x85][0x15][0x9a][0x3][0xa3]3M[0xc8][\r][0x9d],[0xc3][0xd9][0x8b][0x97][0x2][0xb6]G[0xdc][0x9c][0x11]}/[0xa3][0xb9][0xc7][0xae],[0xf9][0xb2]{K'[0xcc][0xf1][0x98]-[0xd7]#[0x81],[0x9f]E[0x1]}[0xf1][0xb2]4E[0xa9]:[0xc3][0x94][0x82][0xe7][0xb4][0xd3]m[0xed][0xa7][0x1b]@[0x83][0xf]0[0xe1]v[0xea][0xed][0xfd][0xd4]/R[0x8][0x4]R3,[0xfa]V[0xdd]GC[0xad][0xc8][0x16][0xf0]JDm[0x7][0xff]x?[0xf8]!Y[0x90][0x9c][0x16]r[0x1b][0x7][0x10]R[0xed][0xed][0x8f][0xc0][0xd1][0xb8][0xb]1[0xf][0x1a][0xb1]z|2[0xe2][0xc9][0x18]l[0xd1]0,xbl[0xf2][0xbb],q\q'x[0x5][0xbe]p[0xe][0x18][0x1b][0x96]i~m [0xc1][0x1]c[0xe3][0xcc]4[0xf8]QA[0xca]?=[0xe1][0x8e]ccfHq[0xa0][0xc]&[0x81]FA[0xb4]@Y[0xea][0x8e][0x8d]^?[0x88][0xc0]4[0x99]8?[0xe8]-[0x82]y[0xa5][0xee][0xf5]I[0xad]#[0xea]3[0xb5]}[0xea]5[0xb5]s[0x8d][0xfb]c?[0x3][0xe8][0xa2]k*.[\r][0x95]h[0xe4][0x5]K[0xd9]T1[0x82][0x81]8c[0x8d][\r]Ae[0xc6][0xa4]v[0xc][0x2]][0xb8]2[0x1][0x93]][0xd3][0xe2][0xca][0xf0][0x95][0x13][0x10][0xed]ekW[0xe2][0xd7][0x9b][0xf5][0xc]nJ[0xf4][0xf5]I[0xd5]'[0xdc]@[0xd6][0xd5][0xce][0xad][0x1c][0xe4][0xc8],[0xc7][0xb0][0xcc][0xc9][0x8]G[0x9][0x5]'[0x90][0xc8]5],SI[0xa3][0xd4][0xb5]#[0x9][0xb]w|[0xf5][0xb6][0xeb])[0x87][0xdb][0xa8][0xa8][0x85][0x92][0x9d]`xf[0xaa]S$[0xcc][0xde][0xdd]j[0x17]0[0xb]Z[0x16][0x86][0x4]][0x85]+[0xcc]Rq[0x9d][0x3][0xab]#(V[0x80][0x85][0x8b]}[0x5][0xfe][0xc0][0xf7])[0x87][0x0][0xa5][0xd4]C/[0xf1][0x13][0x3]E[0x98][0xfa][0x4]p}[0xbc][0x9b][0xde][0xb][0x96]F#G[0xe][0xc6][0x8e]L[0xc0][0x18])[0x9e][0x8f][0x8d]O@[0xe6]b'[0xe]*[0xfe][0x1e][0x1a][0x88][0xc4][0xb7]$[0xcf]0[0xb][0x87][0xe3][0x83][0x15]h&+[0xd8][0xca][0xe][0xcd][0xa1][0xff][0xcf][0x1]^[0xa1]K!l[0xc][0xa1],[0xa0]y[0x1a]#[0x9a][0xe6]xxPv[0xcc][0xe9][0xa3]~M[0xd9]I[0xa1]c[0xd4]w[0xca]i[0xf2][0xa9]vZ[0x80][0xad]"Bk[0xb4]hZ[0xf4]y[0x16]h[0xa9][0x84][0xa3][0xee][0xec][0x7][0xba][0x16]j[0xda][0xe0]>[0xaf]:<[0xb][0xb4][0xa2][0xe7])[0xb8]e[0xc]k[0x3][0xf9][0x1d][0x97]}[0x16]Z[0xa1][0xe2]I[0x6][0xae][0x87][0xc3]V&V[0xbb]<[0xcf][0xc8][0xaa][0xa6][0x6][0xfa]V[0x1b][0xb0][0x11]kw[0xa0][0xbf]![0xb]t[0x97]Sc[0xb8][0x7][0xe2]:[0xe0]B[0x3][0x87][0xca]7`[0x10]'9[0x15][0xa7][0xe7][0x86][0xf])1[0x8e][0x8d][0x82]nx[0x6]a [0x11][0xe0][\r][0xbb][0xe0][0xa5][0xcd][0xf2]b*;[0xc5][0x98][0xda]R[0xeb][0xf1]Nqq[0x8c][0xc7][0xad][0xa8]`)B3#[0xc7]Z[0xf4][0xd3][0x86][0x1d][0x88]:Z[0xe2]VB[0x8][0xb][0xbc]<[\r][0x86]i[0xc0]fge[0x8f][0x88]x[0xec][0x94][0x86][0xe][0x8d][0xc9]7[0xf1],K[0x86]"[0xdc]jF[[0x19][0x1a][\n]"
22:21:13.280 [main] DEBUG org.apache.http.wire - http-outgoing-3 << "[0x17][0x11][0xb6]E[0x1c][0xb5]6[0xa4]7[0xfc][0xe]\[0x8a][0x7][0x8f][0xe][0x1f][0xaf]1[0xca][0xc8][0xb7]&M[0xd6][0x80]<[0xde]b[0x8f][0xe4]&[0x92]@[0xea][0xb1]Z[0x8e]x[0xca][0x12][0x1d][0x15][0x9a]Q[0xdc]Kp[0xec][0xbe][0x98][0x83]QO[0xb7][0xd8][0xa7][0x12][0x9e][0x14][0xa6]k[0x17][0xa2][0x14][0xfa][0xaf][0xe5]S*[0x92]&[0xca][0x12][0xd5][0x99]!m[0xaf][0x9c][0xe5]I[0xc3][0xa7][0xf2][0x99]8[0x92][0x11]6[0xf4]Y[0xf1][0x5][0xba][0x1][0xd5]),[0xb9]oOF[0xce][0x4]/[0x83][0x10][0x85]A[0xfc][0x99][0xed][0x8]XX_h([0xb2][0xa8][0xcd][0xaa][0xe4]z[0xd9]f[0x99][0x9e]1w2[0xa4][0x17]i[0x8e][0xb2][0x8c][0xc9]=K9[0xc5] LIA[0xd1][0xd8]C[0xf7]N[0xf6]Yi[0xff]H[0xe0][0x1][0xb3][0xc6]G[0x12][0xf0][0x5]-[0x9f]\[0xb1][0x1f][0xc2]d[0xb7]f[0xfb]U[0x8e][0xeb]3P[0xd0][0x13][0xcf]c[0xd0][0x85][0xd3][0xb6][0x6][0xfc][0xdb][\n]"
22:21:13.280 [main] DEBUG org.apache.http.wire - http-outgoing-3 << "[0x8a][0xe6][0xb5][0xf0][0xf7][0xa2]o![0xfe][0xe8][0xe4]A'<[0xb1][0xbe][0xb5][0x8f][0x8e][0xeb]-v[0x1f][0xfe]l[0xf3][0xd4][0xac]5[0xcb][0x1b][0xe][I^e[0x1e]4[0x12]^;[0xf9][0x8][0x1b]w[0xc0]hU0iU[0x97][0xe][0xaa][\n]"
22:21:13.281 [main] DEBUG org.apache.http.wire - http-outgoing-3 << "J[0xf1][0xc3][0x9e][0x7][0xec]Aq[0xd5]R[0x96][0xa2]Z[0xe9]z[0xc9][0xa7][0x15]!1[0x13]*[0xab][0x1e][0xad]LY[0xf7][0x94].[0xda][0xf8]-b;[0xc9][0xbf]#[0x88][0x12][0xc4]D[0x91][0xf5][0xc][0xa6][0xb7][0x98]G[0xb][0xda]bE~a[0xc0][0xee]V[0xb2]m[0x9a][0xcb][0xd8]!/[0xe6][0xd5]^^[0x17]R[0xb6][0x88][0xb]c[0x97][0xf2][0xd6].y%[0x2]=-[0xa2][0xec][0x17][0xb7][0xca][0xf8]SK[0xf6][0xd1][0xc6]"[0xeb][0xc4]6[[0x96]U[0xb2]jQ[0xaa]E[0x1d][0xfb]C[0xa3][0xa8]6[0x8a][0x1d][0xaf]V[0x80][0xca][0x1e][0xe2][0xaf]b[0x87]U[0xcc]V[0xa1],[0xbb][0xd6][0xe2][0xe7]rW[0xdd][0xa3][0x14]=[0xc2][0xcd]d[0x8c]d[0xa7]R[0x93][0x86]M[0xb6][0x97]?U[0xc0]k[[0x89][0xa9]][0xf4][0xf0][0xc4][0xaf],[0xfb][0x95][0x89][0xbb][0xb4][0xed]S+[0xb6][0xd5][0xb9][0xa3]v[0xac][0x99][0xae][0x88]_[0xc7]h[0xb6][0xb8]d[0x87]|c[0xa3][0xf8][0xfd][0xa6][0x9a][0x81]m[0x16][0x9e]Qmx[0xb8]a[0xdd]$Hq[0xae]i@[0x94][0x1][0xc2][0x86][0xe0]s[0xb1]F[0x87][0xec]p[0x6]D ""[0xea][0xa4][0xb][0xc][0x8a]~[0xbd][0xb8]9[0xff][0xf0]^[0xe6][0xac]>[0xa5][0xc9][0xa0][0xdf]_[0xad]V=[0xa8]v#[0x8]7N[0x92][0x84][0x81][0xcb][0xf][0x14][0xb3][0x9e]K"[0xa3][0xa9][0xbf][0xfa][0xd7][0x8d][0xb2][0xda]SHH[0xbf]e[0xe0][0x1b]?[0x19]b_[0xf8]?[0x84][0xfc][0x5][0x94]uw8[0x17]"[0x0][0x0]"
22:21:13.281 [main] DEBUG org.apache.http.headers - http-outgoing-3 << HTTP/1.1 200 OK
22:21:13.282 [main] DEBUG org.apache.http.headers - http-outgoing-3 << Date: Wed, 14 May 2014 20:21:13 GMT
22:21:13.282 [main] DEBUG org.apache.http.headers - http-outgoing-3 << Server: Apache/2.4.6 (Ubuntu)
22:21:13.282 [main] DEBUG org.apache.http.headers - http-outgoing-3 << X-Powered-By: PHP/5.5.3-1ubuntu2.2
22:21:13.282 [main] DEBUG org.apache.http.headers - http-outgoing-3 << Expires: Thu, 19 Nov 1981 08:52:00 GMT
22:21:13.282 [main] DEBUG org.apache.http.headers - http-outgoing-3 << Cache-Control: no-store, no-cache, must-revalidate, post-check=0, pre-check=0
22:21:13.282 [main] DEBUG org.apache.http.headers - http-outgoing-3 << Pragma: no-cache
22:21:13.282 [main] DEBUG org.apache.http.headers - http-outgoing-3 << Vary: Accept-Encoding
22:21:13.282 [main] DEBUG org.apache.http.headers - http-outgoing-3 << Content-Encoding: gzip
22:21:13.282 [main] DEBUG org.apache.http.headers - http-outgoing-3 << Content-Length: 2010
22:21:13.282 [main] DEBUG org.apache.http.headers - http-outgoing-3 << Keep-Alive: timeout=5, max=100
22:21:13.283 [main] DEBUG org.apache.http.headers - http-outgoing-3 << Connection: Keep-Alive
22:21:13.283 [main] DEBUG org.apache.http.headers - http-outgoing-3 << Content-Type: text/html
22:21:13.284 [main] DEBUG o.a.h.impl.execchain.MainClientExec - Connection can be kept alive for 5000 MILLISECONDS
22:21:13.317 [main] DEBUG o.a.h.i.c.PoolingHttpClientConnectionManager - Connection [id: 3][route: {}->http://localhost:80] can be kept alive for 5.0 seconds
22:21:13.360 [main] DEBUG o.a.h.i.c.PoolingHttpClientConnectionManager - Connection released: [id: 3][route: {}->http://localhost:80][total kept alive: 1; route allocated: 1 of 6; total allocated: 1 of 20]
22:21:13.360 [main] DEBUG c.g.htmlunit.html.HtmlElement - Firing Event unload (Current Target: HTMLElement for HtmlHtml[<html>]);
22:21:13.361 [main] DEBUG c.g.htmlunit.WebWindowImpl - setEnclosedPage: HtmlPage(http://localhost/schoolmate/index.php)@18242026
22:21:13.361 [main] DEBUG c.g.htmlunit.WebWindowImpl - destroyChildren
22:21:13.740 [main] DEBUG c.g.htmlunit.html.HtmlScript - Script node added: <script language="JavaScript">
//<![CDATA[


  function classes()
  {
	document.student.page2.value=0;
	document.student.submit();
  }

  function settings()
  {
	document.student.page2.value=1;
	document.student.submit();
  }

  function assignments()
  {
	document.student.page2.value=2;
	document.student.submit();
  }

  function grades()
  {
   document.student.page2.value=3;
   document.student.submit();
  }

  function announcements()
  {
	document.student.page2.value=4;
	document.student.submit();
  }

  function logoutstudent()
  {
	document.student.logout.value=1;
	document.student.submit();
  }
 
//]]]]><![CDATA[>
</script>

22:21:14.048 [main] DEBUG n.s.j.h.HtmlUnitTestingEngineImpl - Window "" changed : "SchoolMate - School Name" became "SchoolMate - School Name
22:21:14.049 [main] DEBUG c.g.htmlunit.html.HtmlElement - Firing Event DOMContentLoaded (Current Target: HTMLElement for HtmlHtml[<html>]);
22:21:14.049 [main] DEBUG c.g.htmlunit.html.HtmlElement - Firing Event load (Current Target: HTMLElement for HtmlHtml[<html>]);
]]></system-out>
  <system-err><![CDATA[]]></system-err>
</testsuite>
