<?xml version="1.0" encoding="UTF-8" ?>
<testsuite errors="0" failures="2" hostname="iono-VirtualBox" name="xss_injection.AA.xss_index_php_19" skipped="0" tests="2" time="33.321" timestamp="2014-05-14T17:34:38">
  <properties>
[...]
</properties>
  <testcase classname="xss_injection.AA.xss_index_php_19" name="Attack_page2" time="25.144">
    <failure message="Link with text [evil link] found in response." type="junit.framework.AssertionFailedError">junit.framework.AssertionFailedError: Link with text [evil link] found in response.
	at net.sourceforge.jwebunit.junit.WebTester.assertLinkNotPresentWithText(WebTester.java:1973)
	at xss_injection.AA.xss_index_php_19.Attack_page2(xss_index_php_19.java:41)
</failure>
  </testcase>
  <testcase classname="xss_injection.AA.xss_index_php_19" name="Attack_page" time="4.9">
    <failure message="Link with text [evil link] found in response." type="junit.framework.AssertionFailedError">junit.framework.AssertionFailedError: Link with text [evil link] found in response.
	at net.sourceforge.jwebunit.junit.WebTester.assertLinkNotPresentWithText(WebTester.java:1973)
	at xss_injection.AA.xss_index_php_19.Attack_page(xss_index_php_19.java:53)
</failure>
  </testcase>
  <system-out><![CDATA[19:34:51.152 [main] DEBUG c.g.htmlunit.WebClient - Get page for window named '', using WebRequest[<url="http://localhost/schoolmate/index.php", GET, EncodingType[name=application/x-www-form-urlencoded], [], {Accept=text/html,application/xhtml+xml,application/xml;q=0.9,*/*;q=0.8, Accept-Encoding=gzip, deflate}, null>]
19:34:51.219 [main] DEBUG c.g.htmlunit.WebClient - Load response for GET http://localhost/schoolmate/index.php
19:34:53.763 [main] DEBUG o.a.h.c.protocol.RequestAddCookies - CookieSpec selected: mine
19:34:53.801 [main] DEBUG o.a.h.c.protocol.RequestAuthCache - Auth cache not set in the context
19:34:53.817 [main] DEBUG o.a.h.i.c.PoolingHttpClientConnectionManager - Connection request: [route: {}->http://localhost:80][total kept alive: 0; route allocated: 0 of 6; total allocated: 0 of 20]
19:34:54.085 [main] DEBUG o.a.h.i.c.PoolingHttpClientConnectionManager - Connection leased: [id: 0][route: {}->http://localhost:80][total kept alive: 0; route allocated: 1 of 6; total allocated: 1 of 20]
19:34:54.134 [main] DEBUG o.a.h.impl.execchain.MainClientExec - Opening connection {}->http://localhost:80
19:34:54.172 [main] DEBUG o.a.h.c.HttpClientConnectionManager - Connecting to localhost/127.0.0.1:80
19:34:54.197 [main] DEBUG o.a.h.impl.execchain.MainClientExec - Executing request GET /schoolmate/index.php HTTP/1.1
19:34:54.198 [main] DEBUG o.a.h.impl.execchain.MainClientExec - Target auth state: UNCHALLENGED
19:34:54.202 [main] DEBUG o.a.h.impl.execchain.MainClientExec - Proxy auth state: UNCHALLENGED
19:34:54.238 [main] DEBUG org.apache.http.headers - http-outgoing-0 >> GET /schoolmate/index.php HTTP/1.1
19:34:54.238 [main] DEBUG org.apache.http.headers - http-outgoing-0 >> Host: localhost
19:34:54.239 [main] DEBUG org.apache.http.headers - http-outgoing-0 >> User-Agent: Mozilla/5.0 (Windows NT 6.1; rv:24.0) Gecko/20100101 Firefox/24.0
19:34:54.240 [main] DEBUG org.apache.http.headers - http-outgoing-0 >> Accept: text/html,application/xhtml+xml,application/xml;q=0.9,*/*;q=0.8
19:34:54.240 [main] DEBUG org.apache.http.headers - http-outgoing-0 >> Accept-Encoding: gzip, deflate
19:34:54.240 [main] DEBUG org.apache.http.headers - http-outgoing-0 >> Accept-Language: en-US
19:34:54.241 [main] DEBUG org.apache.http.headers - http-outgoing-0 >> Connection: Keep-Alive
19:34:54.242 [main] DEBUG org.apache.http.wire - http-outgoing-0 >> "GET /schoolmate/index.php HTTP/1.1[\r][\n]"
19:34:54.242 [main] DEBUG org.apache.http.wire - http-outgoing-0 >> "Host: localhost[\r][\n]"
19:34:54.242 [main] DEBUG org.apache.http.wire - http-outgoing-0 >> "User-Agent: Mozilla/5.0 (Windows NT 6.1; rv:24.0) Gecko/20100101 Firefox/24.0[\r][\n]"
19:34:54.242 [main] DEBUG org.apache.http.wire - http-outgoing-0 >> "Accept: text/html,application/xhtml+xml,application/xml;q=0.9,*/*;q=0.8[\r][\n]"
19:34:54.242 [main] DEBUG org.apache.http.wire - http-outgoing-0 >> "Accept-Encoding: gzip, deflate[\r][\n]"
19:34:54.243 [main] DEBUG org.apache.http.wire - http-outgoing-0 >> "Accept-Language: en-US[\r][\n]"
19:34:54.244 [main] DEBUG org.apache.http.wire - http-outgoing-0 >> "Connection: Keep-Alive[\r][\n]"
19:34:54.244 [main] DEBUG org.apache.http.wire - http-outgoing-0 >> "[\r][\n]"
19:34:54.254 [main] DEBUG org.apache.http.wire - http-outgoing-0 << "HTTP/1.1 200 OK[\r][\n]"
19:34:54.254 [main] DEBUG org.apache.http.wire - http-outgoing-0 << "Date: Wed, 14 May 2014 17:34:54 GMT[\r][\n]"
19:34:54.255 [main] DEBUG org.apache.http.wire - http-outgoing-0 << "Server: Apache/2.4.6 (Ubuntu)[\r][\n]"
19:34:54.255 [main] DEBUG org.apache.http.wire - http-outgoing-0 << "X-Powered-By: PHP/5.5.3-1ubuntu2.2[\r][\n]"
19:34:54.255 [main] DEBUG org.apache.http.wire - http-outgoing-0 << "Set-Cookie: PHPSESSID=qgniqsbqn10r0fpodm6d92v152; path=/[\r][\n]"
19:34:54.256 [main] DEBUG org.apache.http.wire - http-outgoing-0 << "Expires: Thu, 19 Nov 1981 08:52:00 GMT[\r][\n]"
19:34:54.256 [main] DEBUG org.apache.http.wire - http-outgoing-0 << "Cache-Control: no-store, no-cache, must-revalidate, post-check=0, pre-check=0[\r][\n]"
19:34:54.257 [main] DEBUG org.apache.http.wire - http-outgoing-0 << "Pragma: no-cache[\r][\n]"
19:34:54.257 [main] DEBUG org.apache.http.wire - http-outgoing-0 << "Vary: Accept-Encoding[\r][\n]"
19:34:54.257 [main] DEBUG org.apache.http.wire - http-outgoing-0 << "Content-Encoding: gzip[\r][\n]"
19:34:54.258 [main] DEBUG org.apache.http.wire - http-outgoing-0 << "Content-Length: 1753[\r][\n]"
19:34:54.258 [main] DEBUG org.apache.http.wire - http-outgoing-0 << "Keep-Alive: timeout=5, max=100[\r][\n]"
19:34:54.258 [main] DEBUG org.apache.http.wire - http-outgoing-0 << "Connection: Keep-Alive[\r][\n]"
19:34:54.258 [main] DEBUG org.apache.http.wire - http-outgoing-0 << "Content-Type: text/html[\r][\n]"
19:34:54.259 [main] DEBUG org.apache.http.wire - http-outgoing-0 << "[\r][\n]"
19:34:54.264 [main] DEBUG org.apache.http.wire - http-outgoing-0 << "[0x1f][0x8b][0x8][0x0][0x0][0x0][0x0][0x0][0x0][0x3][0xd5]Y[o[0xdb]6[0x14]~[0x96][0x80][0xfe][0x7][0xa2][0xc3][0xa6][0xad][0xa8]e[0xd9][0xae][0xd3][0xd4][0xb1][0x5]$i[0x82][\r]M[0xda]bI1[0xec]i[0xd0][0x85][0xb6][0xd4]J[0xa2] [0xd2]q[0xbc]a[0xff]}[0x87]7YR[0xe8]K[0x82]u[0x17]+[0xb0]$[0xf2][0xf0][0xf0];[0xf7]Cg[0x9a][0xb0]<[0xf3]m4Mp[0x10][0xf3];KY[0x86][0xfd][0x9b](!$[0xbb][0xe][0x18]F=$_[0xd0][0xfb] [0xc7][0xd3][0xbe][0x9c][0x7]B[0xca][0xd6][0x19]Fl][0xe2][0xd9]s[0x86][0xef]Y?[0xa2][0xf4][0xb9]o[0xdb][0xa8][0xff][0x2][0x9d]}x[0xfb]+z[0xd1][0xb7]QH[0xe2][0xb5][0x8d][0xfe][0xb0][0x11][\n]"
19:34:54.264 [main] DEBUG org.apache.http.wire - http-outgoing-0 << "[0x83][0xe8][0xcb][0xa2]"[0xcb]"[0xee]E$#[0xd5][0x4]}3[0x1a][0x1d][0x1d][0xbd]ysb[0xa3]?[0xe5][0xaa][0xab][0x9f][0xde][0xbf][0xbb][0x11][0xcb][0xd0][0xa9];'[0x84][0xe1][\n]"
19:34:54.266 [main] DEBUG org.apache.http.wire - http-outgoing-0 << "[0x1e][0xf9]b[0x84][0xe6][0xa4]`[0xbd]y[0x90][0xa7][0xd9]z[0x82][0x82]*[\r][0xb2][0x93][0xcd]8M[0xc7][0x13]4[0xf0]J[0xd6][0x18]\[0xe1]t[0x91][0xb0][0x9]*H[0x95]kj[0xb5]3M[0xb3];\[0xc9]![0xe][0xbd][0x17][0xe3][0x88]T[0x1]KI1A[0x80][0x10]WYZ`>[0xcf][0x91][0xd5]`&[0x9][0xb9][0xfb]Z[0x90][0xc2][0xc][0xf4]sb[[0x7][0xc1][0xc9]q[0xb1][0x14]0,[0x13][0x6][0xab][0x9]`[0xc8][0x1]X[0xad][0xdd]C[0x92][0xc5]0[0xa6][0xad][0x80][0x8f][0xa2]`[0x14][0x9b][0xb6].[0xc8][0x83]][0x1b]*0[0xee][0xdd][0x95][0xd8][0x96][0xdf][0x8][0xe0][0x12]>gg[[0xac][0xd1][0xc1]P[0x6][0xb]@[0x91]k[0x1b]l[0x81]`[0xb2][0xc0]6[0x3]h[0x14][0xc7][0x1e][0xbf][0xc4][0xd0][0x81] [0xda][0xee][0xf0]7B9=[0xe7][0xd7]AP([0xce]p[0xc4]p[0xfc][0xf5][0xf4][0xe2][0x89][0x8f][0x19][0x8c][0xc9]7;[0x88][0xfe][0x15]%[0x99]p[0xa5][0xc][0xe7][0xf4]?[0xa0][0x1f][0x81][0xe3][0xab]ie|[0xc9][0xaf]C[0xd1]@[0xce][0xbd]==[0xbb][0xba]PI[0x97][0x5]a[0x86]el[0x1b][0xb2][0xf5][0xa5][0xf8][0xd4]k[0x5][0xb1][0xbb][0xde]I.[0xa3][0xba]A[0x1e][0xaf][0xb][0x10]3[0xca]R[0xca][0xb4][0xf0]![0xa9][0x0]V[0xbd]l|[0xcc][0xaf][0x93][0xc6][0xcc]*[0x8d]Y2A[0xae][0xf7]z|q[0xdd][0x9c][0x10][0x5][0x8][0x92]9[0xc9][0xd2]X[0x8c][0x97]A[0x1c][0xa7][0xc5][0xa2]WI[0xf5][0xc][0xca][0xfb][0xd6]pH[0x18]#[0xf9][0xc3][0xf1][0xc][0xcf][0x81][0xda][0xeb][0x8c]2R[0xd6][0x83]R[0x82][0xd8][\r]k[0xd0];[0x8a][0xd9][0x86][0xfa][0xee] [0xf2][0xe6]l[0x85]K[0x1c][0x0][0x18]y[0xef][0xad][0x9b][0xec]V;[0xb8]um[0x13][0xbb]AQ[0x0]E[0x84]!i[0xd7][0xaa][0x16][0x1e][0x11]d[0xe9][0x2][0x9c][0xe1][0xf3][0x92][0xb2]t[0xbe]6(b[0xd8][0xd5][0x84]R[0xe7][0xb0][0xa9][0xc][0x97][0xc4][0xf1][0xe]<[0xdd][0xe0]T[0x9b]F[0x0]F[0xd6]][0xc9][0x4][0xdf][0xe1]b[0x7][0x97][0xb][0x8f]_{[0xb9][0xf0][0xce]e[0x13]L{][0x11][0x9c][0xfe][0xc7][0x8b][0xd3][0xb7][0x17]?+[0xaf]O[0x6]zi[0xbb][0xa2][0xb1]4[0xc7][0xf4]AE[0x1b][0xe][0x8d][0x15]][0x96]4d[0xce][0xb][0xdb][0xb3][0xf8]N[0xc1][0x92]![0x94]\J![0x8f][0x1a][0xea][0xad][0x19][0xdd][0xe0]h[0xf][0xba]'![0x1][0x8d][0x9d][0xba][0xb9][0xfd]p[0x8d][0xce][0xaf]Nont[0xba][0xd0][0xe8]Br[0xbf]7[0xb]X[0xc6][0x98][0xb5][0xcc]!nurB[0xdd][0xa1]([0x8f][0x14][0xf9][0xf0][0xbe][0xf3][0x5][0xd3]yZhV[0x83][0xf1]f(QZ[0xd0]c[0x8a]d[0xc4][0xad]c[0xe9][0xc9][0xa1]x[0xdb][0xdb]N[0x89]<l5U[0xc5][0x83][0x6][0x86]x>[0x9f]gd[0xd5][0xa9][0xd0][\r][0x1d]I[0x9d][0xfe]/4[0xf5]DE[0x99]<[0xc8][0x2][0xbd][0xb0]4[\n]"
19:34:54.267 [main] DEBUG org.apache.http.wire - http-outgoing-0 << "2=[0x91][0xa7]q[0x9c][0xe1][0x96][0xc6][0x82]%#[0x1b][0x8d][0xfd]3[0x8d][0xbf][0xdc]k[0x8d]3@[0xc0]qo[0xf][0xb1][0xa6][0xfd][0x87][0xe3][0x87][0xed][0xb4][0xde][0xe6]q[\r][0xb5]=[0xed][0xb][0xb][0xfb][0xf0][0xa0][0x8e]^p[0xa6][0xe2][0xc7]%D[0x8a]+[0x12][0xc4]3'&[0xd1][0x92][0xa7]o7#[0x8b][0xb4]p[0x97][0x14]WP=1((Z[0xd2][0xef]8q[0xc4]q[0x8d][0xd7]U[0xd0]v[0x96])[0x93][0xcf]<[0xf1]F[0xcb] [0x92]o[0xd2]E[0xe0]A[0x98]s[0xe6][0xc]<[0xef][[0x7]Is[0xce][0x9c]cO[0xb2][0xa9][0xc4]w[0x8c][0xa2],[0xa0]t[0xe6][0x84][0x8e]&[0x7][0xeb]s[\n]"
19:34:54.272 [main] DEBUG org.apache.http.wire - http-outgoing-0 << "4M[0xf3][0x5][0xa2]U4s[0xdc]~[0x9a][0x83]KSy[0x14]t[0x17][0xe9]|[0xc3][0xee][0xf5][0xb8][0xb5][0x10][0xf5]9[0xdb]>[0x8b][0xbb][0xdc][0x5][0xc7][0xc7]c?[0x6][0xe8]ri%o[0x1d][0x96]h[0x1a][0xa7]wzhc\[0x7][0x9][0xe7][0x9b]9[0xd2]+[0x1d][0xbf]u[0xa2][0x85]%[0x82][0x99][0x84][0xc9][0xef][0x95][0xba]s|[0xb5][0x0]r[0xbc][0x1e][0xad]uoV[0xeb]1[0xbc][0xd4][0xe8][0xdb]B[0xb5][0x5][0xee] [0xb3][0x8d][0xb2][0xd5][0x9b][0x8c][0xbc]z[0x8f][0x81][0xe7]Oq^[0xb2][0xb5]_#7,[0x19]x[0x8d][0x8a][0xd8][0xb4][0x1d])y[0xe6][0x12][0xd6][0xdb][0xcd][0xa7][0xde]n+[0xa3][0x3][0x98][0xec][0x5]#[0x9a][0xc][0x13]#[0xa9]v{[0x8b][0xd1]5[0xe3][0x91][0x87][0xee][0x94]&[0x81][0x99][0xf2][0x85][0xb0]j[0xd9][0xb5][0xb1][0xee]n[0x1f][0xa2][0x8d]n[0xbe]+BZ[0x9e][0x18][0x98][0xac][0x1c][0xc3][0x96][0xd2]%[0xe]0[0xfc]plv[0x1c][0xf1][0xe6][0xdb][0x96][0x10][0xd6][0x12][0xfb][0xb5]w[0xb1][0x94]`[0x16][0xea]:[0xe0][0xd8]k[0xb8]\[0xdb][0xad]v[0x0][0x19]+V\[0xc9][0x16][0x92][0x12]*[0x8e]c[0xe]L1[0xe2][\n]"
19:34:54.273 [main] DEBUG org.apache.http.wire - http-outgoing-0 << "[0xe9][\n]"
19:34:54.273 [main] DEBUG org.apache.http.wire - http-outgoing-0 << "lY[0xcd]p[0xdb]T:1[0x85][0xd0][0x7][0xb0]iZ[0x4][0x99][0xe8],8[0xb1][0x8c]4[0xb1][0x89]P[0xa7][0x92][0xcf][0xb0][0x9b][0xf0][0x86][0xc7]m'[0x95][0x2][0xf7]9[0xe4]c[0x14]D<[0xe3][\n]"
19:34:54.273 [main] DEBUG org.apache.http.wire - http-outgoing-0 << "[0x83][0xc2][0xa9][0xe7][0xde]-[0x93][0xd2]A9f[0x9][0x1]+[0x97][0x84][0x2]s[0x9e]KA.[0x9e][[0x1d]w0[0x8f][0x9f][0x16][0xcc]u"R[\n]"
19:34:54.273 [main] DEBUG org.apache.http.wire - http-outgoing-0 << "[0x91]6[0xd5]Jn[0x8b][0xaa][0xf6][0x1a]o[0xfc]X[0x16]J[0x8][0x87][0xd0][0xff][0xa4]R[0xff]D;c[0xa8][0xa2]C3[0xf3][0xa7]iQ.[0x99][0xfc]5[0x8e][0xab][I[0xa7]k[0x6][0xc8][0x1e][0xdc]g[0xb8]Xp[0x97][0xd7][0x9e]78np[0x91]av [0xca]Wc[0x13][0xca][0x8f] [0xec][\n]"
19:34:54.274 [main] DEBUG org.apache.http.wire - http-outgoing-0 << "[0xb4]t[0x18][0xca]RQ+[0xa4][0xfa][0xf5][0xc9]H[[0x81][0xda][0x85][0xaf][\r]R[0xe3]oA[0xa1][0xcb]0O[0x19][0x17]i[0x9]H[0xae][0x84]G@[0x15]>[0xcf][0xd2][0xe8][0xcb][0x83]2,[0xbf]%[0xed][0x0]j[0xb0]v[0xe5]&[0xb2][0xba]H[0x8][0x18][0x8d][0x9d][0x9c][0x4][0xd4][0x85][0xb][0xa7][0x16]z[0x81][0x1d][0xbd][0xaf][0xe7][0xec][0xa5]W[0xce]*[0x2][0xb6][0xcf][0xfd]\[0xa4][0x8][0x15]V[\n]"
19:34:54.275 [main] DEBUG org.apache.http.wire - http-outgoing-0 << "[0x8][0xda]T0[0x15][0xd5][0xdb][0x83][0xda][0x1c]f[0xe6]([0xab][0xb][0x94]e[0xcc]r[0xdb]*x3[0x4][0x94][0xc1][0x8c][0x96][0xe9][0xfa][0x13][0x8f]v[0x19][0xd1][0x86][0xc6][0x83][0x8a][0xf2][0xed]~.[0x17][0xe][0x12]][0x14]We[0xf3][0xc];[0xe2][\r]l[0xfb](/[0x8e][0xaf]u![0x1d][0x8e]F[0x8d][0x9c];[0x18]t;[0x84].[0x1e][0xde][0xc8]X:oY[0xda][0xd2][\r]C[0xd7]mD[0x9d][0xdb][0x1e][0x93]H[0xd1]^[0x9d][0xa3]i2[0xec][0x10]8[0xfe]-[0x89][0x83][0xb5]C[0xd1][0xb5][0x1c][0x80]Nr[0xe8][0xd7][0xd5][0x1][0xdd]&)E[0xf0][0xc7][0x12][0xac])[0x10][0x99][0x8b]WX6[0xe9]=[0xb3][0xf9][0xf5][0xb][0x86][0x91][0xb4][0xf8][0x82][0xc8][0xb2]B[0xf3][0x0]f+[\n]"
19:34:54.276 [main] DEBUG org.apache.http.wire - http-outgoing-0 << "}4[0xc9][0xe8]K8|[0x80][0x4][0x14][0xc8][0xe1][0x8e][0x11][0x14][0xc9][0xd5][0xcb]gvA[0xe0]}[0x19]2[0xb1][0x80]OS[0x6][0x84][0x5]E+[0xb2][0xcc]b[0xc5]lI[0x9f][0xd9][0x94][0xb8];[0xdd][0xb3][0xdb]`mz[0xaf]zF[0x97][0xdd][0xc7][0x15][0xef]F/![0x93][0x82]N[\r][0xbc]oo[0xf7][0x15][0xfb][0x9a][0x8a]MY>[0xb4][0xc1]i.1[0xc3][0x93][0xbf]C=[0xae][0xfb][0xda][0xc7][0xed]1-[0xd8][0xa1]<[0xf7][0xb4]d-[0xd5][0x11][0x1e][0xf2][0xc5][0xec][0x15][\n]"
19:34:54.276 [main] DEBUG org.apache.http.wire - http-outgoing-0 << "[0x17][0xe7][0xfc][0x18]4s[0xd4]/\[0x1b][0x9][0x86][0x9e][0xea][0x91][0xa4]W[0x8b]g4[0xe5][0xcb]4Hy[0xf2]s[0xfc][0x8f]d[0x85]+[0x1c][0xa3][0xb3]5[0xea][0xc1]f[0x9c][0xc4][0x9f][0x6][0x88][0x5][0xd5][0x2][0x3][0xa3][0xdf][0xce][0xae]N[0xdf][0xbf][0x3][0xc6][0x15][0x9e]C[0x86]d[0xac][0x9c][0xf4][0xfb][0xab][0xd5][0xca][0x85]&2[0xf][0x18][0xe][0xca][0x12]2[0xb7]8rQ7"[0xb9][0xd3][0xe5][0xbf][0xf9][0xe7][0xd6][0xb4][0x1f]t1udl[0xf8](?[0x9c][0x89][0x7][0xf1]/[0xb3][0xbf][0x0][0x8]peE9[0x1b][0x0][0x0]"
19:34:54.305 [main] DEBUG org.apache.http.headers - http-outgoing-0 << HTTP/1.1 200 OK
19:34:54.305 [main] DEBUG org.apache.http.headers - http-outgoing-0 << Date: Wed, 14 May 2014 17:34:54 GMT
19:34:54.306 [main] DEBUG org.apache.http.headers - http-outgoing-0 << Server: Apache/2.4.6 (Ubuntu)
19:34:54.306 [main] DEBUG org.apache.http.headers - http-outgoing-0 << X-Powered-By: PHP/5.5.3-1ubuntu2.2
19:34:54.306 [main] DEBUG org.apache.http.headers - http-outgoing-0 << Set-Cookie: PHPSESSID=qgniqsbqn10r0fpodm6d92v152; path=/
19:34:54.306 [main] DEBUG org.apache.http.headers - http-outgoing-0 << Expires: Thu, 19 Nov 1981 08:52:00 GMT
19:34:54.306 [main] DEBUG org.apache.http.headers - http-outgoing-0 << Cache-Control: no-store, no-cache, must-revalidate, post-check=0, pre-check=0
19:34:54.306 [main] DEBUG org.apache.http.headers - http-outgoing-0 << Pragma: no-cache
19:34:54.307 [main] DEBUG org.apache.http.headers - http-outgoing-0 << Vary: Accept-Encoding
19:34:54.311 [main] DEBUG org.apache.http.headers - http-outgoing-0 << Content-Encoding: gzip
19:34:54.338 [main] DEBUG org.apache.http.headers - http-outgoing-0 << Content-Length: 1753
19:34:54.338 [main] DEBUG org.apache.http.headers - http-outgoing-0 << Keep-Alive: timeout=5, max=100
19:34:54.338 [main] DEBUG org.apache.http.headers - http-outgoing-0 << Connection: Keep-Alive
19:34:54.338 [main] DEBUG org.apache.http.headers - http-outgoing-0 << Content-Type: text/html
19:34:54.417 [main] DEBUG o.a.h.impl.execchain.MainClientExec - Connection can be kept alive for 5000 MILLISECONDS
19:34:54.506 [main] DEBUG o.a.h.c.p.ResponseProcessCookies - Cookie accepted [PHPSESSID="qgniqsbqn10r0fpodm6d92v152", version:0, domain:localhost, path:/, expiry:null]
19:34:54.631 [main] DEBUG o.a.h.i.c.PoolingHttpClientConnectionManager - Connection [id: 0][route: {}->http://localhost:80] can be kept alive for 5.0 seconds
19:34:54.631 [main] DEBUG o.a.h.i.c.PoolingHttpClientConnectionManager - Connection released: [id: 0][route: {}->http://localhost:80][total kept alive: 1; route allocated: 1 of 6; total allocated: 1 of 20]
19:34:54.984 [main] DEBUG c.g.htmlunit.WebWindowImpl - setEnclosedPage: HtmlPage(http://localhost/schoolmate/index.php)@18130900
19:34:54.984 [main] DEBUG c.g.htmlunit.WebWindowImpl - destroyChildren
19:34:56.661 [main] DEBUG c.g.h.j.c.AbstractJavaScriptConfiguration - Mapping com.gargoylesoftware.htmlunit.svg.SvgForeignObject to SVGForeignObjectElement
19:34:56.661 [main] DEBUG c.g.h.j.c.AbstractJavaScriptConfiguration - Mapping com.gargoylesoftware.htmlunit.html.HtmlInput to HTMLInputElement
19:34:56.662 [main] DEBUG c.g.h.j.c.AbstractJavaScriptConfiguration - Mapping com.gargoylesoftware.htmlunit.svg.SvgFeSpecularLighting to SVGFESpecularLightingElement
19:34:56.662 [main] DEBUG c.g.h.j.c.AbstractJavaScriptConfiguration - Mapping com.gargoylesoftware.htmlunit.html.DomAttr to Attr
19:34:56.662 [main] DEBUG c.g.h.j.c.AbstractJavaScriptConfiguration - Mapping com.gargoylesoftware.htmlunit.svg.SvgFeDiffuseLighting to SVGFEDiffuseLightingElement
19:34:56.662 [main] DEBUG c.g.h.j.c.AbstractJavaScriptConfiguration - Mapping com.gargoylesoftware.htmlunit.html.HtmlSpan to HTMLSpanElement
19:34:56.663 [main] DEBUG c.g.h.j.c.AbstractJavaScriptConfiguration - Mapping com.gargoylesoftware.htmlunit.svg.SvgFeColorMatrix to SVGFEColorMatrixElement
19:34:56.663 [main] DEBUG c.g.h.j.c.AbstractJavaScriptConfiguration - Mapping com.gargoylesoftware.htmlunit.html.HtmlTableColumn to HTMLTableColElement
19:34:56.664 [main] DEBUG c.g.h.j.c.AbstractJavaScriptConfiguration - Mapping com.gargoylesoftware.htmlunit.html.HtmlTableColumnGroup to HTMLTableColElement
19:34:56.664 [main] DEBUG c.g.h.j.c.AbstractJavaScriptConfiguration - Mapping com.gargoylesoftware.htmlunit.html.HtmlMarquee to HTMLDivElement
19:34:56.664 [main] DEBUG c.g.h.j.c.AbstractJavaScriptConfiguration - Mapping com.gargoylesoftware.htmlunit.html.HtmlDivision to HTMLDivElement
19:34:56.665 [main] DEBUG c.g.h.j.c.AbstractJavaScriptConfiguration - Mapping com.gargoylesoftware.htmlunit.html.HtmlCaption to HTMLTableCaptionElement
19:34:56.665 [main] DEBUG c.g.h.j.c.AbstractJavaScriptConfiguration - Mapping com.gargoylesoftware.htmlunit.html.HtmlUnknownElement to HTMLUnknownElement
19:34:56.665 [main] DEBUG c.g.h.j.c.AbstractJavaScriptConfiguration - Mapping com.gargoylesoftware.htmlunit.html.HtmlMenu to HTMLMenuElement
19:34:56.665 [main] DEBUG c.g.h.j.c.AbstractJavaScriptConfiguration - Mapping com.gargoylesoftware.htmlunit.html.HtmlDeletedText to HTMLModElement
19:34:56.666 [main] DEBUG c.g.h.j.c.AbstractJavaScriptConfiguration - Mapping com.gargoylesoftware.htmlunit.html.HtmlInsertedText to HTMLModElement
19:34:56.666 [main] DEBUG c.g.h.j.c.AbstractJavaScriptConfiguration - Mapping com.gargoylesoftware.htmlunit.html.HtmlTime to HTMLTimeElement
19:34:56.666 [main] DEBUG c.g.h.j.c.AbstractJavaScriptConfiguration - Mapping com.gargoylesoftware.htmlunit.html.HtmlListItem to HTMLLIElement
19:34:56.666 [main] DEBUG c.g.h.j.c.AbstractJavaScriptConfiguration - Mapping com.gargoylesoftware.htmlunit.svg.SvgFeDistantLight to SVGFEDistantLightElement
19:34:56.666 [main] DEBUG c.g.h.j.c.AbstractJavaScriptConfiguration - Mapping com.gargoylesoftware.htmlunit.html.HtmlKeygen to HTMLKeygenElement
19:34:56.667 [main] DEBUG c.g.h.j.c.AbstractJavaScriptConfiguration - Mapping com.gargoylesoftware.htmlunit.html.HtmlStyle to HTMLStyleElement
19:34:56.667 [main] DEBUG c.g.h.j.c.AbstractJavaScriptConfiguration - Mapping com.gargoylesoftware.htmlunit.html.HtmlFrameSet to HTMLFrameSetElement
19:34:56.668 [main] DEBUG c.g.h.j.c.AbstractJavaScriptConfiguration - Mapping com.gargoylesoftware.htmlunit.html.HtmlOption to HTMLOptionElement
19:34:56.668 [main] DEBUG c.g.h.j.c.AbstractJavaScriptConfiguration - Mapping com.gargoylesoftware.htmlunit.html.HtmlEmbed to HTMLEmbedElement
19:34:56.668 [main] DEBUG c.g.h.j.c.AbstractJavaScriptConfiguration - Mapping com.gargoylesoftware.htmlunit.svg.SvgElement to SVGElement
19:34:56.668 [main] DEBUG c.g.h.j.c.AbstractJavaScriptConfiguration - Mapping com.gargoylesoftware.htmlunit.svg.SvgFeFlood to SVGFEFloodElement
19:34:56.668 [main] DEBUG c.g.h.j.c.AbstractJavaScriptConfiguration - Mapping com.gargoylesoftware.htmlunit.svg.SvgMask to SVGMaskElement
19:34:56.669 [main] DEBUG c.g.h.j.c.AbstractJavaScriptConfiguration - Mapping com.gargoylesoftware.htmlunit.html.HtmlAudio to HTMLAudioElement
19:34:56.669 [main] DEBUG c.g.h.j.c.AbstractJavaScriptConfiguration - Mapping com.gargoylesoftware.htmlunit.svg.SvgSymbol to SVGSymbolElement
19:34:56.669 [main] DEBUG c.g.h.j.c.AbstractJavaScriptConfiguration - Mapping com.gargoylesoftware.htmlunit.html.HtmlBase to HTMLBaseElement
19:34:56.669 [main] DEBUG c.g.h.j.c.AbstractJavaScriptConfiguration - Mapping com.gargoylesoftware.htmlunit.html.HtmlMap to HTMLMapElement
19:34:56.669 [main] DEBUG c.g.h.j.c.AbstractJavaScriptConfiguration - Mapping com.gargoylesoftware.htmlunit.html.HtmlHtml to HTMLHtmlElement
19:34:56.670 [main] DEBUG c.g.h.j.c.AbstractJavaScriptConfiguration - Mapping com.gargoylesoftware.htmlunit.html.HtmlInlineQuotation to HTMLInlineQuotationElement
19:34:56.670 [main] DEBUG c.g.h.j.c.AbstractJavaScriptConfiguration - Mapping com.gargoylesoftware.htmlunit.html.HtmlSelect to HTMLSelectElement
19:34:56.670 [main] DEBUG c.g.h.j.c.AbstractJavaScriptConfiguration - Mapping com.gargoylesoftware.htmlunit.svg.SvgMetadata to SVGMetadataElement
19:34:56.670 [main] DEBUG c.g.h.j.c.AbstractJavaScriptConfiguration - Mapping com.gargoylesoftware.htmlunit.svg.SvgUse to SVGUseElement
19:34:56.671 [main] DEBUG c.g.h.j.c.AbstractJavaScriptConfiguration - Mapping com.gargoylesoftware.htmlunit.html.HtmlHorizontalRule to HTMLHRElement
19:34:56.674 [main] DEBUG c.g.h.j.c.AbstractJavaScriptConfiguration - Mapping com.gargoylesoftware.htmlunit.svg.SvgRadialGradient to SVGRadialGradientElement
19:34:56.675 [main] DEBUG c.g.h.j.c.AbstractJavaScriptConfiguration - Mapping com.gargoylesoftware.htmlunit.html.HtmlProgress to HTMLProgressElement
19:34:56.675 [main] DEBUG c.g.h.j.c.AbstractJavaScriptConfiguration - Mapping com.gargoylesoftware.htmlunit.svg.SvgFeMergeNode to SVGFEMergeNodeElement
19:34:56.675 [main] DEBUG c.g.h.j.c.AbstractJavaScriptConfiguration - Mapping com.gargoylesoftware.htmlunit.html.HtmlTableRow to HTMLTableRowElement
19:34:56.675 [main] DEBUG c.g.h.j.c.AbstractJavaScriptConfiguration - Mapping com.gargoylesoftware.htmlunit.html.HtmlDirectory to HTMLDirectoryElement
19:34:56.675 [main] DEBUG c.g.h.j.c.AbstractJavaScriptConfiguration - Mapping com.gargoylesoftware.htmlunit.html.HtmlWordBreak to HTMLWBRElement
19:34:56.676 [main] DEBUG c.g.h.j.c.AbstractJavaScriptConfiguration - Mapping com.gargoylesoftware.htmlunit.html.HtmlMeter to HTMLMeterElement
19:34:56.676 [main] DEBUG c.g.h.j.c.AbstractJavaScriptConfiguration - Mapping com.gargoylesoftware.htmlunit.html.DomCharacterData to CharacterDataImpl
19:34:56.676 [main] DEBUG c.g.h.j.c.AbstractJavaScriptConfiguration - Mapping com.gargoylesoftware.htmlunit.html.HtmlBlockQuote to HTMLBlockQuoteElement
19:34:56.676 [main] DEBUG c.g.h.j.c.AbstractJavaScriptConfiguration - Mapping com.gargoylesoftware.htmlunit.html.HtmlForm to HTMLFormElement
19:34:56.677 [main] DEBUG c.g.h.j.c.AbstractJavaScriptConfiguration - Mapping com.gargoylesoftware.htmlunit.html.HtmlOutput to HTMLOutputElement
19:34:56.677 [main] DEBUG c.g.h.j.c.AbstractJavaScriptConfiguration - Mapping com.gargoylesoftware.htmlunit.html.HtmlUnorderedList to HTMLUListElement
19:34:56.677 [main] DEBUG c.g.h.j.c.AbstractJavaScriptConfiguration - Mapping com.gargoylesoftware.htmlunit.html.HtmlButton to HTMLButtonElement
19:34:56.677 [main] DEBUG c.g.h.j.c.AbstractJavaScriptConfiguration - Mapping com.gargoylesoftware.htmlunit.html.HtmlHeading2 to HTMLHeadingElement
19:34:56.677 [main] DEBUG c.g.h.j.c.AbstractJavaScriptConfiguration - Mapping com.gargoylesoftware.htmlunit.html.HtmlHeading1 to HTMLHeadingElement
19:34:56.678 [main] DEBUG c.g.h.j.c.AbstractJavaScriptConfiguration - Mapping com.gargoylesoftware.htmlunit.html.HtmlHeading5 to HTMLHeadingElement
19:34:56.678 [main] DEBUG c.g.h.j.c.AbstractJavaScriptConfiguration - Mapping com.gargoylesoftware.htmlunit.html.HtmlHeading6 to HTMLHeadingElement
19:34:56.680 [main] DEBUG c.g.h.j.c.AbstractJavaScriptConfiguration - Mapping com.gargoylesoftware.htmlunit.html.HtmlHeading3 to HTMLHeadingElement
19:34:56.681 [main] DEBUG c.g.h.j.c.AbstractJavaScriptConfiguration - Mapping com.gargoylesoftware.htmlunit.html.HtmlHeading4 to HTMLHeadingElement
19:34:56.681 [main] DEBUG c.g.h.j.c.AbstractJavaScriptConfiguration - Mapping com.gargoylesoftware.htmlunit.html.HtmlLegend to HTMLLegendElement
19:34:56.681 [main] DEBUG c.g.h.j.c.AbstractJavaScriptConfiguration - Mapping com.gargoylesoftware.htmlunit.svg.SvgFeFuncA to SVGFEFuncAElement
19:34:56.681 [main] DEBUG c.g.h.j.c.AbstractJavaScriptConfiguration - Mapping com.gargoylesoftware.htmlunit.svg.SvgFeOffset to SVGFEOffsetElement
19:34:56.682 [main] DEBUG c.g.h.j.c.AbstractJavaScriptConfiguration - Mapping com.gargoylesoftware.htmlunit.svg.SvgSvg to SVGSVGElement
19:34:56.682 [main] DEBUG c.g.h.j.c.AbstractJavaScriptConfiguration - Mapping com.gargoylesoftware.htmlunit.html.HtmlDefinitionDescription to HTMLDefinitionDescriptionElement
19:34:56.682 [main] DEBUG c.g.h.j.c.AbstractJavaScriptConfiguration - Mapping com.gargoylesoftware.htmlunit.html.HtmlFieldSet to HTMLFieldSetElement
19:34:56.682 [main] DEBUG c.g.h.j.c.AbstractJavaScriptConfiguration - Mapping com.gargoylesoftware.htmlunit.svg.SvgTitle to SVGTitleElement
19:34:56.682 [main] DEBUG c.g.h.j.c.AbstractJavaScriptConfiguration - Mapping com.gargoylesoftware.htmlunit.html.HtmlVideo to HTMLVideoElement
19:34:56.683 [main] DEBUG c.g.h.j.c.AbstractJavaScriptConfiguration - Mapping com.gargoylesoftware.htmlunit.html.HtmlInlineFrame to HTMLIFrameElement
19:34:56.683 [main] DEBUG c.g.h.j.c.AbstractJavaScriptConfiguration - Mapping com.gargoylesoftware.htmlunit.html.DomElement to Element
19:34:56.683 [main] DEBUG c.g.h.j.c.AbstractJavaScriptConfiguration - Mapping com.gargoylesoftware.htmlunit.svg.SvgStyle to SVGStyleElement
19:34:56.683 [main] DEBUG c.g.h.j.c.AbstractJavaScriptConfiguration - Mapping com.gargoylesoftware.htmlunit.svg.SvgImage to SVGImageElement
19:34:56.683 [main] DEBUG c.g.h.j.c.AbstractJavaScriptConfiguration - Mapping com.gargoylesoftware.htmlunit.svg.SvgTextPath to SVGTextPathElement
19:34:56.684 [main] DEBUG c.g.h.j.c.AbstractJavaScriptConfiguration - Mapping com.gargoylesoftware.htmlunit.html.HtmlBreak to HTMLBRElement
19:34:56.684 [main] DEBUG c.g.h.j.c.AbstractJavaScriptConfiguration - Mapping com.gargoylesoftware.htmlunit.html.DomDocumentFragment to DocumentFragment
19:34:56.684 [main] DEBUG c.g.h.j.c.AbstractJavaScriptConfiguration - Mapping com.gargoylesoftware.htmlunit.svg.SvgFeConvolveMatrix to SVGFEConvolveMatrixElement
19:34:56.684 [main] DEBUG c.g.h.j.c.AbstractJavaScriptConfiguration - Mapping com.gargoylesoftware.htmlunit.html.DomDocumentType to DocumentType
19:34:56.684 [main] DEBUG c.g.h.j.c.AbstractJavaScriptConfiguration - Mapping com.gargoylesoftware.htmlunit.html.HtmlSource to HTMLSourceElement
19:34:56.685 [main] DEBUG c.g.h.j.c.AbstractJavaScriptConfiguration - Mapping com.gargoylesoftware.htmlunit.svg.SvgPolygon to SVGPolygonElement
19:34:56.685 [main] DEBUG c.g.h.j.c.AbstractJavaScriptConfiguration - Mapping com.gargoylesoftware.htmlunit.html.HtmlFrame to HTMLFrameElement
19:34:56.685 [main] DEBUG c.g.h.j.c.AbstractJavaScriptConfiguration - Mapping com.gargoylesoftware.htmlunit.html.HtmlParagraph to HTMLParagraphElement
19:34:56.685 [main] DEBUG c.g.h.j.c.AbstractJavaScriptConfiguration - Mapping com.gargoylesoftware.htmlunit.html.HtmlApplet to HTMLAppletElement
19:34:56.685 [main] DEBUG c.g.h.j.c.AbstractJavaScriptConfiguration - Mapping com.gargoylesoftware.htmlunit.html.HtmlAnchor to HTMLAnchorElement
19:34:56.685 [main] DEBUG c.g.h.j.c.AbstractJavaScriptConfiguration - Mapping com.gargoylesoftware.htmlunit.svg.SvgSwitch to SVGSwitchElement
19:34:56.686 [main] DEBUG c.g.h.j.c.AbstractJavaScriptConfiguration - Mapping com.gargoylesoftware.htmlunit.svg.SvgFeImage to SVGFEImageElement
19:34:56.686 [main] DEBUG c.g.h.j.c.AbstractJavaScriptConfiguration - Mapping com.gargoylesoftware.htmlunit.svg.SvgLinearGradient to SVGLinearGradientElement
19:34:56.686 [main] DEBUG c.g.h.j.c.AbstractJavaScriptConfiguration - Mapping com.gargoylesoftware.htmlunit.svg.SvgFeComponentTransfer to SVGFEComponentTransferElement
19:34:56.686 [main] DEBUG c.g.h.j.c.AbstractJavaScriptConfiguration - Mapping com.gargoylesoftware.htmlunit.svg.SvgLine to SVGLineElement
19:34:56.687 [main] DEBUG c.g.h.j.c.AbstractJavaScriptConfiguration - Mapping com.gargoylesoftware.htmlunit.svg.SvgMpath to SVGMpathElement
19:34:56.694 [main] DEBUG c.g.h.j.c.AbstractJavaScriptConfiguration - Mapping com.gargoylesoftware.htmlunit.html.HtmlDefinitionTerm to HTMLDefinitionTermElement
19:34:56.694 [main] DEBUG c.g.h.j.c.AbstractJavaScriptConfiguration - Mapping com.gargoylesoftware.htmlunit.svg.SvgFeGaussianBlur to SVGFEGaussianBlurElement
19:34:56.694 [main] DEBUG c.g.h.j.c.AbstractJavaScriptConfiguration - Mapping com.gargoylesoftware.htmlunit.svg.SvgSet to SVGSetElement
19:34:56.694 [main] DEBUG c.g.h.j.c.AbstractJavaScriptConfiguration - Mapping com.gargoylesoftware.htmlunit.html.HtmlTable to HTMLTableElement
19:34:56.695 [main] DEBUG c.g.h.j.c.AbstractJavaScriptConfiguration - Mapping com.gargoylesoftware.htmlunit.html.HtmlTitle to HTMLTitleElement
19:34:56.695 [main] DEBUG c.g.h.j.c.AbstractJavaScriptConfiguration - Mapping com.gargoylesoftware.htmlunit.html.HtmlNoEmbed to HTMLElement
19:34:56.695 [main] DEBUG c.g.h.j.c.AbstractJavaScriptConfiguration - Mapping com.gargoylesoftware.htmlunit.html.HtmlFigureCaption to HTMLElement
19:34:56.695 [main] DEBUG c.g.h.j.c.AbstractJavaScriptConfiguration - Mapping com.gargoylesoftware.htmlunit.html.HtmlSection to HTMLElement
19:34:56.695 [main] DEBUG c.g.h.j.c.AbstractJavaScriptConfiguration - Mapping com.gargoylesoftware.htmlunit.html.HtmlFigure to HTMLElement
19:34:56.696 [main] DEBUG c.g.h.j.c.AbstractJavaScriptConfiguration - Mapping com.gargoylesoftware.htmlunit.html.HtmlHeader to HTMLElement
19:34:56.696 [main] DEBUG c.g.h.j.c.AbstractJavaScriptConfiguration - Mapping com.gargoylesoftware.htmlunit.html.HtmlArticle to HTMLElement
19:34:56.696 [main] DEBUG c.g.h.j.c.AbstractJavaScriptConfiguration - Mapping com.gargoylesoftware.htmlunit.html.HtmlMark to HTMLElement
19:34:56.696 [main] DEBUG c.g.h.j.c.AbstractJavaScriptConfiguration - Mapping com.gargoylesoftware.htmlunit.html.HtmlElement to HTMLElement
19:34:56.697 [main] DEBUG c.g.h.j.c.AbstractJavaScriptConfiguration - Mapping com.gargoylesoftware.htmlunit.html.HtmlNav to HTMLElement
19:34:56.697 [main] DEBUG c.g.h.j.c.AbstractJavaScriptConfiguration - Mapping com.gargoylesoftware.htmlunit.html.HtmlNoFrames to HTMLElement
19:34:56.697 [main] DEBUG c.g.h.j.c.AbstractJavaScriptConfiguration - Mapping com.gargoylesoftware.htmlunit.html.HtmlFooter to HTMLElement
19:34:56.697 [main] DEBUG c.g.h.j.c.AbstractJavaScriptConfiguration - Mapping com.gargoylesoftware.htmlunit.html.HtmlWordBreak to HTMLElement
19:34:56.697 [main] DEBUG c.g.h.j.c.AbstractJavaScriptConfiguration - Mapping com.gargoylesoftware.htmlunit.html.HtmlNoScript to HTMLElement
19:34:56.697 [main] DEBUG c.g.h.j.c.AbstractJavaScriptConfiguration - Mapping com.gargoylesoftware.htmlunit.html.HtmlAside to HTMLElement
19:34:56.698 [main] DEBUG c.g.h.j.c.AbstractJavaScriptConfiguration - Mapping com.gargoylesoftware.htmlunit.html.HtmlNoBreak to HTMLElement
19:34:56.698 [main] DEBUG c.g.h.j.c.AbstractJavaScriptConfiguration - Mapping com.gargoylesoftware.htmlunit.html.HtmlBackgroundSound to HTMLBGSoundElement
19:34:56.698 [main] DEBUG c.g.h.j.c.AbstractJavaScriptConfiguration - Mapping com.gargoylesoftware.htmlunit.svg.SvgPath to SVGPathElement
19:34:56.698 [main] DEBUG c.g.h.j.c.AbstractJavaScriptConfiguration - Mapping com.gargoylesoftware.htmlunit.svg.SvgEllipse to SVGEllipseElement
19:34:56.699 [main] DEBUG c.g.h.j.c.AbstractJavaScriptConfiguration - Mapping com.gargoylesoftware.htmlunit.html.DomProcessingInstruction to ProcessingInstruction
19:34:56.699 [main] DEBUG c.g.h.j.c.AbstractJavaScriptConfiguration - Mapping com.gargoylesoftware.htmlunit.svg.SvgText to SVGTextElement
19:34:56.699 [main] DEBUG c.g.h.j.c.AbstractJavaScriptConfiguration - Mapping com.gargoylesoftware.htmlunit.svg.SvgFeComposite to SVGFECompositeElement
19:34:56.700 [main] DEBUG c.g.h.j.c.AbstractJavaScriptConfiguration - Mapping com.gargoylesoftware.htmlunit.html.HtmlMeta to HTMLMetaElement
19:34:56.700 [main] DEBUG c.g.h.j.c.AbstractJavaScriptConfiguration - Mapping com.gargoylesoftware.htmlunit.svg.SvgMarker to SVGMarkerElement
19:34:56.700 [main] DEBUG c.g.h.j.c.AbstractJavaScriptConfiguration - Mapping com.gargoylesoftware.htmlunit.svg.SvgDefs to SVGDefsElement
19:34:56.701 [main] DEBUG c.g.h.j.c.AbstractJavaScriptConfiguration - Mapping com.gargoylesoftware.htmlunit.html.HtmlDataList to HTMLDataListElement
19:34:56.701 [main] DEBUG c.g.h.j.c.AbstractJavaScriptConfiguration - Mapping com.gargoylesoftware.htmlunit.svg.SvgStop to SVGStopElement
19:34:56.701 [main] DEBUG c.g.h.j.c.AbstractJavaScriptConfiguration - Mapping com.gargoylesoftware.htmlunit.svg.SvgFeTile to SVGFETileElement
19:34:56.701 [main] DEBUG c.g.h.j.c.AbstractJavaScriptConfiguration - Mapping com.gargoylesoftware.htmlunit.svg.SvgView to SVGViewElement
19:34:56.702 [main] DEBUG c.g.h.j.c.AbstractJavaScriptConfiguration - Mapping com.gargoylesoftware.htmlunit.html.DomText to Text
19:34:56.702 [main] DEBUG c.g.h.j.c.AbstractJavaScriptConfiguration - Mapping com.gargoylesoftware.htmlunit.svg.SvgScript to SVGScriptElement
19:34:56.704 [main] DEBUG c.g.h.j.c.AbstractJavaScriptConfiguration - Mapping com.gargoylesoftware.htmlunit.html.HtmlDefinitionList to HTMLDListElement
19:34:56.713 [main] DEBUG c.g.h.j.c.AbstractJavaScriptConfiguration - Mapping com.gargoylesoftware.htmlunit.html.HtmlScript to HTMLScriptElement
19:34:56.714 [main] DEBUG c.g.h.j.c.AbstractJavaScriptConfiguration - Mapping com.gargoylesoftware.htmlunit.svg.SvgFePointLight to SVGFEPointLightElement
19:34:56.714 [main] DEBUG c.g.h.j.c.AbstractJavaScriptConfiguration - Mapping com.gargoylesoftware.htmlunit.html.HtmlOrderedList to HTMLOListElement
19:34:56.715 [main] DEBUG c.g.h.j.c.AbstractJavaScriptConfiguration - Mapping com.gargoylesoftware.htmlunit.html.HtmlOptionGroup to HTMLOptGroupElement
19:34:56.715 [main] DEBUG c.g.h.j.c.AbstractJavaScriptConfiguration - Mapping com.gargoylesoftware.htmlunit.svg.SvgPolyline to SVGPolylineElement
19:34:56.715 [main] DEBUG c.g.h.j.c.AbstractJavaScriptConfiguration - Mapping com.gargoylesoftware.htmlunit.html.HtmlAddress to HTMLBlockElement
19:34:56.716 [main] DEBUG c.g.h.j.c.AbstractJavaScriptConfiguration - Mapping com.gargoylesoftware.htmlunit.html.HtmlExample to HTMLBlockElement
19:34:56.716 [main] DEBUG c.g.h.j.c.AbstractJavaScriptConfiguration - Mapping com.gargoylesoftware.htmlunit.html.HtmlPlainText to HTMLBlockElement
19:34:56.716 [main] DEBUG c.g.h.j.c.AbstractJavaScriptConfiguration - Mapping com.gargoylesoftware.htmlunit.html.HtmlCenter to HTMLBlockElement
19:34:56.717 [main] DEBUG c.g.h.j.c.AbstractJavaScriptConfiguration - Mapping com.gargoylesoftware.htmlunit.html.HtmlListing to HTMLBlockElement
19:34:56.717 [main] DEBUG c.g.h.j.c.AbstractJavaScriptConfiguration - Mapping com.gargoylesoftware.htmlunit.html.HtmlFont to HTMLFontElement
19:34:56.717 [main] DEBUG c.g.h.j.c.AbstractJavaScriptConfiguration - Mapping com.gargoylesoftware.htmlunit.svg.SvgFeFuncG to SVGFEFuncGElement
19:34:56.717 [main] DEBUG c.g.h.j.c.AbstractJavaScriptConfiguration - Mapping com.gargoylesoftware.htmlunit.html.HtmlLabel to HTMLLabelElement
19:34:56.717 [main] DEBUG c.g.h.j.c.AbstractJavaScriptConfiguration - Mapping com.gargoylesoftware.htmlunit.svg.SvgFeFuncR to SVGFEFuncRElement
19:34:56.718 [main] DEBUG c.g.h.j.c.AbstractJavaScriptConfiguration - Mapping com.gargoylesoftware.htmlunit.html.HtmlParameter to HTMLParamElement
19:34:56.718 [main] DEBUG c.g.h.j.c.AbstractJavaScriptConfiguration - Mapping com.gargoylesoftware.htmlunit.svg.SvgFeBlend to SVGFEBlendElement
19:34:56.718 [main] DEBUG c.g.h.j.c.AbstractJavaScriptConfiguration - Mapping com.gargoylesoftware.htmlunit.svg.SvgCircle to SVGCircleElement
19:34:56.718 [main] DEBUG c.g.h.j.c.AbstractJavaScriptConfiguration - Mapping com.gargoylesoftware.htmlunit.svg.SvgRect to SVGRectElement
19:34:56.719 [main] DEBUG c.g.h.j.c.AbstractJavaScriptConfiguration - Mapping com.gargoylesoftware.htmlunit.html.DomCDataSection to CDATASection
19:34:56.722 [main] DEBUG c.g.h.j.c.AbstractJavaScriptConfiguration - Mapping com.gargoylesoftware.htmlunit.html.HtmlImage to HTMLImageElement
19:34:56.723 [main] DEBUG c.g.h.j.c.AbstractJavaScriptConfiguration - Mapping com.gargoylesoftware.htmlunit.html.HtmlTableCell to HTMLTableCellElement
19:34:56.723 [main] DEBUG c.g.h.j.c.AbstractJavaScriptConfiguration - Mapping com.gargoylesoftware.htmlunit.svg.SvgDesc to SVGDescElement
19:34:56.723 [main] DEBUG c.g.h.j.c.AbstractJavaScriptConfiguration - Mapping com.gargoylesoftware.htmlunit.svg.SvgGroup to SVGGElement
19:34:56.723 [main] DEBUG c.g.h.j.c.AbstractJavaScriptConfiguration - Mapping com.gargoylesoftware.htmlunit.svg.SvgAnimateMotion to SVGAnimateMotionElement
19:34:56.727 [main] DEBUG c.g.h.j.c.AbstractJavaScriptConfiguration - Mapping com.gargoylesoftware.htmlunit.svg.SvgAnchor to SVGAElement
19:34:56.730 [main] DEBUG c.g.h.j.c.AbstractJavaScriptConfiguration - Mapping com.gargoylesoftware.htmlunit.svg.SvgAnimateTransform to SVGAnimateTransformElement
19:34:56.730 [main] DEBUG c.g.h.j.c.AbstractJavaScriptConfiguration - Mapping com.gargoylesoftware.htmlunit.svg.SvgAnimate to SVGAnimateElement
19:34:56.731 [main] DEBUG c.g.h.j.c.AbstractJavaScriptConfiguration - Mapping com.gargoylesoftware.htmlunit.html.HtmlLink to HTMLLinkElement
19:34:56.731 [main] DEBUG c.g.h.j.c.AbstractJavaScriptConfiguration - Mapping com.gargoylesoftware.htmlunit.svg.SvgFeTurbulence to SVGFETurbulenceElement
19:34:56.731 [main] DEBUG c.g.h.j.c.AbstractJavaScriptConfiguration - Mapping com.gargoylesoftware.htmlunit.svg.SvgFeMorphology to SVGFEMorphologyElement
19:34:56.731 [main] DEBUG c.g.h.j.c.AbstractJavaScriptConfiguration - Mapping com.gargoylesoftware.htmlunit.html.HtmlHead to HTMLHeadElement
19:34:56.731 [main] DEBUG c.g.h.j.c.AbstractJavaScriptConfiguration - Mapping com.gargoylesoftware.htmlunit.svg.SvgFeDisplacementMap to SVGFEDisplacementMapElement
19:34:56.731 [main] DEBUG c.g.h.j.c.AbstractJavaScriptConfiguration - Mapping com.gargoylesoftware.htmlunit.html.HtmlArea to HTMLAreaElement
19:34:56.732 [main] DEBUG c.g.h.j.c.AbstractJavaScriptConfiguration - Mapping com.gargoylesoftware.htmlunit.html.HtmlTableBody to HTMLTableSectionElement
19:34:56.732 [main] DEBUG c.g.h.j.c.AbstractJavaScriptConfiguration - Mapping com.gargoylesoftware.htmlunit.html.HtmlTableFooter to HTMLTableSectionElement
19:34:56.732 [main] DEBUG c.g.h.j.c.AbstractJavaScriptConfiguration - Mapping com.gargoylesoftware.htmlunit.html.HtmlTableHeader to HTMLTableSectionElement
19:34:56.733 [main] DEBUG c.g.h.j.c.AbstractJavaScriptConfiguration - Mapping com.gargoylesoftware.htmlunit.svg.SvgFilter to SVGFilterElement
19:34:56.733 [main] DEBUG c.g.h.j.c.AbstractJavaScriptConfiguration - Mapping com.gargoylesoftware.htmlunit.html.HtmlTextArea to HTMLTextAreaElement
19:34:56.734 [main] DEBUG c.g.h.j.c.AbstractJavaScriptConfiguration - Mapping com.gargoylesoftware.htmlunit.html.DomComment to Comment
19:34:56.734 [main] DEBUG c.g.h.j.c.AbstractJavaScriptConfiguration - Mapping com.gargoylesoftware.htmlunit.svg.SvgAltGlyph to SVGAltGlyphElement
19:34:56.734 [main] DEBUG c.g.h.j.c.AbstractJavaScriptConfiguration - Mapping com.gargoylesoftware.htmlunit.html.HtmlObject to HTMLObjectElement
19:34:56.734 [main] DEBUG c.g.h.j.c.AbstractJavaScriptConfiguration - Mapping com.gargoylesoftware.htmlunit.svg.SvgPattern to SVGPatternElement
19:34:56.734 [main] DEBUG c.g.h.j.c.AbstractJavaScriptConfiguration - Mapping com.gargoylesoftware.htmlunit.svg.SvgClipPath to SVGClipPathElement
19:34:56.735 [main] DEBUG c.g.h.j.c.AbstractJavaScriptConfiguration - Mapping com.gargoylesoftware.htmlunit.svg.SvgFeFuncB to SVGFEFuncBElement
19:34:56.736 [main] DEBUG c.g.h.j.c.AbstractJavaScriptConfiguration - Mapping com.gargoylesoftware.htmlunit.html.HtmlItalic to HTMLPhraseElement
19:34:56.736 [main] DEBUG c.g.h.j.c.AbstractJavaScriptConfiguration - Mapping com.gargoylesoftware.htmlunit.html.HtmlDefinition to HTMLPhraseElement
19:34:56.737 [main] DEBUG c.g.h.j.c.AbstractJavaScriptConfiguration - Mapping com.gargoylesoftware.htmlunit.html.HtmlS to HTMLPhraseElement
19:34:56.743 [main] DEBUG c.g.h.j.c.AbstractJavaScriptConfiguration - Mapping com.gargoylesoftware.htmlunit.html.HtmlTeletype to HTMLPhraseElement
19:34:56.747 [main] DEBUG c.g.h.j.c.AbstractJavaScriptConfiguration - Mapping com.gargoylesoftware.htmlunit.html.HtmlUnderlined to HTMLPhraseElement
19:34:56.772 [main] DEBUG c.g.h.j.c.AbstractJavaScriptConfiguration - Mapping com.gargoylesoftware.htmlunit.html.HtmlBidirectionalOverride to HTMLPhraseElement
19:34:56.772 [main] DEBUG c.g.h.j.c.AbstractJavaScriptConfiguration - Mapping com.gargoylesoftware.htmlunit.html.HtmlRuby to HTMLPhraseElement
19:34:56.772 [main] DEBUG c.g.h.j.c.AbstractJavaScriptConfiguration - Mapping com.gargoylesoftware.htmlunit.html.HtmlEmphasis to HTMLPhraseElement
19:34:56.772 [main] DEBUG c.g.h.j.c.AbstractJavaScriptConfiguration - Mapping com.gargoylesoftware.htmlunit.html.HtmlRt to HTMLPhraseElement
19:34:56.773 [main] DEBUG c.g.h.j.c.AbstractJavaScriptConfiguration - Mapping com.gargoylesoftware.htmlunit.html.HtmlSample to HTMLPhraseElement
19:34:56.773 [main] DEBUG c.g.h.j.c.AbstractJavaScriptConfiguration - Mapping com.gargoylesoftware.htmlunit.html.HtmlCitation to HTMLPhraseElement
19:34:56.773 [main] DEBUG c.g.h.j.c.AbstractJavaScriptConfiguration - Mapping com.gargoylesoftware.htmlunit.html.HtmlAcronym to HTMLPhraseElement
19:34:56.773 [main] DEBUG c.g.h.j.c.AbstractJavaScriptConfiguration - Mapping com.gargoylesoftware.htmlunit.html.HtmlBig to HTMLPhraseElement
19:34:56.773 [main] DEBUG c.g.h.j.c.AbstractJavaScriptConfiguration - Mapping com.gargoylesoftware.htmlunit.html.HtmlStrong to HTMLPhraseElement
19:34:56.773 [main] DEBUG c.g.h.j.c.AbstractJavaScriptConfiguration - Mapping com.gargoylesoftware.htmlunit.html.HtmlBold to HTMLPhraseElement
19:34:56.774 [main] DEBUG c.g.h.j.c.AbstractJavaScriptConfiguration - Mapping com.gargoylesoftware.htmlunit.html.HtmlSuperscript to HTMLPhraseElement
19:34:56.774 [main] DEBUG c.g.h.j.c.AbstractJavaScriptConfiguration - Mapping com.gargoylesoftware.htmlunit.html.HtmlAbbreviated to HTMLPhraseElement
19:34:56.774 [main] DEBUG c.g.h.j.c.AbstractJavaScriptConfiguration - Mapping com.gargoylesoftware.htmlunit.html.HtmlCode to HTMLPhraseElement
19:34:56.774 [main] DEBUG c.g.h.j.c.AbstractJavaScriptConfiguration - Mapping com.gargoylesoftware.htmlunit.html.HtmlRp to HTMLPhraseElement
19:34:56.774 [main] DEBUG c.g.h.j.c.AbstractJavaScriptConfiguration - Mapping com.gargoylesoftware.htmlunit.html.HtmlSmall to HTMLPhraseElement
19:34:56.775 [main] DEBUG c.g.h.j.c.AbstractJavaScriptConfiguration - Mapping com.gargoylesoftware.htmlunit.html.HtmlStrike to HTMLPhraseElement
19:34:56.776 [main] DEBUG c.g.h.j.c.AbstractJavaScriptConfiguration - Mapping com.gargoylesoftware.htmlunit.html.HtmlSubscript to HTMLPhraseElement
19:34:56.776 [main] DEBUG c.g.h.j.c.AbstractJavaScriptConfiguration - Mapping com.gargoylesoftware.htmlunit.html.HtmlKeyboard to HTMLPhraseElement
19:34:56.776 [main] DEBUG c.g.h.j.c.AbstractJavaScriptConfiguration - Mapping com.gargoylesoftware.htmlunit.html.HtmlVariable to HTMLPhraseElement
19:34:56.776 [main] DEBUG c.g.h.j.c.AbstractJavaScriptConfiguration - Mapping com.gargoylesoftware.htmlunit.html.HtmlPreformattedText to HTMLPreElement
19:34:56.776 [main] DEBUG c.g.h.j.c.AbstractJavaScriptConfiguration - Mapping com.gargoylesoftware.htmlunit.svg.SvgFeSpotLight to SVGFESpotLightElement
19:34:56.776 [main] DEBUG c.g.h.j.c.AbstractJavaScriptConfiguration - Mapping com.gargoylesoftware.htmlunit.html.HtmlBody to HTMLBodyElement
19:34:56.777 [main] DEBUG c.g.h.j.c.AbstractJavaScriptConfiguration - Mapping com.gargoylesoftware.htmlunit.svg.SvgTSpan to SVGTSpanElement
19:34:56.777 [main] DEBUG c.g.h.j.c.AbstractJavaScriptConfiguration - Mapping com.gargoylesoftware.htmlunit.svg.SvgFeMerge to SVGFEMergeElement
19:34:56.777 [main] DEBUG c.g.h.j.c.AbstractJavaScriptConfiguration - Mapping com.gargoylesoftware.htmlunit.html.HtmlCanvas to HTMLCanvasElement
19:34:57.402 [main] DEBUG n.s.j.h.HtmlUnitTestingEngineImpl - Window "" changed : "no_html" became "SchoolMate - School Name
19:34:57.412 [main] DEBUG c.g.htmlunit.html.HtmlElement - Firing Event DOMContentLoaded (Current Target: HTMLElement for HtmlHtml[<html>]);
19:34:57.457 [main] DEBUG c.g.htmlunit.html.HtmlElement - Firing Event load (Current Target: HTMLElement for HtmlHtml[<html>]);
19:34:57.458 [main] DEBUG c.g.h.j.host.EventListenersContainer - Executing load handler for HtmlPage(http://localhost/schoolmate/index.php)@18130900
19:34:58.187 [main] DEBUG c.g.htmlunit.html.HtmlElement - Firing Event focusin (Current Target: HTMLElement for HtmlTextInput[<input type="text" name="username" maxlength="15" width="18">]);
19:34:58.191 [main] DEBUG c.g.htmlunit.html.HtmlElement - Firing Event focus (Current Target: HTMLElement for HtmlTextInput[<input type="text" name="username" maxlength="15" width="18">]);
19:34:58.257 [main] DEBUG c.g.htmlunit.html.HtmlElement - Firing Event change (Current Target: HTMLElement for HtmlTextInput[<input type="text" name="username" maxlength="15" width="18" value="test">]);
19:34:58.260 [main] DEBUG c.g.htmlunit.html.HtmlElement - Firing Event change (Current Target: HTMLElement for HtmlPasswordInput[<input type="password" name="password" maxlength="15" width="18" value="test">]);
19:35:00.124 [main] DEBUG c.g.htmlunit.html.HtmlElement - Firing Event mousedown (Current Target: HTMLElement for HtmlSubmitInput[<input type="submit" value="Login" onclick="document.login.login.value=1;">]);
19:35:00.128 [main] DEBUG c.g.htmlunit.html.HtmlElement - Firing Event focusout (Current Target: HTMLElement for HtmlTextInput[<input type="text" name="username" maxlength="15" width="18" value="test">]);
19:35:00.128 [main] DEBUG c.g.htmlunit.html.HtmlElement - Firing Event focusin (Current Target: HTMLElement for HtmlSubmitInput[<input type="submit" value="Login" onclick="document.login.login.value=1;">]);
19:35:00.129 [main] DEBUG c.g.htmlunit.html.HtmlElement - Firing Event blur (Current Target: HTMLElement for HtmlTextInput[<input type="text" name="username" maxlength="15" width="18" value="test">]);
19:35:00.129 [main] DEBUG c.g.htmlunit.html.HtmlElement - Firing Event focus (Current Target: HTMLElement for HtmlSubmitInput[<input type="submit" value="Login" onclick="document.login.login.value=1;">]);
19:35:00.130 [main] DEBUG c.g.htmlunit.html.HtmlElement - Firing Event mouseup (Current Target: HTMLElement for HtmlSubmitInput[<input type="submit" value="Login" onclick="document.login.login.value=1;">]);
19:35:00.131 [main] DEBUG c.g.htmlunit.html.HtmlElement - Firing Event click (Current Target: HTMLElement for HtmlSubmitInput[<input type="submit" value="Login" onclick="document.login.login.value=1;">]);
19:35:00.135 [main] DEBUG c.g.h.j.host.EventListenersContainer - Executing click handler for HtmlSubmitInput[<input type="submit" value="Login" onclick="document.login.login.value=1;">]
19:35:00.169 [main] DEBUG c.g.htmlunit.html.HtmlElement - Firing Event submit (Current Target: HTMLElement for HtmlForm[<form action="./index.php" method="post" name="login">]);
19:35:00.197 [main] DEBUG c.g.htmlunit.WebClient - Load response for POST http://localhost/schoolmate/index.php
19:35:00.319 [main] DEBUG o.a.h.c.protocol.RequestAddCookies - CookieSpec selected: mine
19:35:00.321 [main] DEBUG o.a.h.c.protocol.RequestAddCookies - Cookie [version: 0][name: PHPSESSID][value: qgniqsbqn10r0fpodm6d92v152][domain: localhost][path: /][expiry: null] match [localhost:80/schoolmate/index.php]
19:35:00.322 [main] DEBUG o.a.h.c.protocol.RequestAuthCache - Auth cache not set in the context
19:35:00.323 [main] DEBUG o.a.h.i.c.PoolingHttpClientConnectionManager - Connection request: [route: {}->http://localhost:80][total kept alive: 0; route allocated: 0 of 6; total allocated: 0 of 20]
19:35:00.324 [main] DEBUG o.a.h.i.c.PoolingHttpClientConnectionManager - Connection leased: [id: 1][route: {}->http://localhost:80][total kept alive: 0; route allocated: 1 of 6; total allocated: 1 of 20]
19:35:00.325 [main] DEBUG o.a.h.impl.execchain.MainClientExec - Opening connection {}->http://localhost:80
19:35:00.326 [main] DEBUG o.a.h.c.HttpClientConnectionManager - Connecting to localhost/127.0.0.1:80
19:35:00.326 [main] DEBUG o.a.h.impl.execchain.MainClientExec - Executing request POST /schoolmate/index.php HTTP/1.1
19:35:00.327 [main] DEBUG o.a.h.impl.execchain.MainClientExec - Target auth state: UNCHALLENGED
19:35:00.327 [main] DEBUG o.a.h.impl.execchain.MainClientExec - Proxy auth state: UNCHALLENGED
19:35:00.328 [main] DEBUG org.apache.http.headers - http-outgoing-1 >> POST /schoolmate/index.php HTTP/1.1
19:35:00.328 [main] DEBUG org.apache.http.headers - http-outgoing-1 >> Host: localhost
19:35:00.328 [main] DEBUG org.apache.http.headers - http-outgoing-1 >> User-Agent: Mozilla/5.0 (Windows NT 6.1; rv:24.0) Gecko/20100101 Firefox/24.0
19:35:00.328 [main] DEBUG org.apache.http.headers - http-outgoing-1 >> Accept: */*
19:35:00.328 [main] DEBUG org.apache.http.headers - http-outgoing-1 >> Referer: http://localhost/schoolmate/index.php
19:35:00.329 [main] DEBUG org.apache.http.headers - http-outgoing-1 >> Accept-Encoding: gzip, deflate
19:35:00.329 [main] DEBUG org.apache.http.headers - http-outgoing-1 >> Accept-Language: en-US
19:35:00.329 [main] DEBUG org.apache.http.headers - http-outgoing-1 >> Content-Length: 42
19:35:00.329 [main] DEBUG org.apache.http.headers - http-outgoing-1 >> Content-Type: application/x-www-form-urlencoded
19:35:00.329 [main] DEBUG org.apache.http.headers - http-outgoing-1 >> Connection: Keep-Alive
19:35:00.329 [main] DEBUG org.apache.http.headers - http-outgoing-1 >> Cookie: PHPSESSID=qgniqsbqn10r0fpodm6d92v152
19:35:00.335 [main] DEBUG org.apache.http.wire - http-outgoing-1 >> "POST /schoolmate/index.php HTTP/1.1[\r][\n]"
19:35:00.338 [main] DEBUG org.apache.http.wire - http-outgoing-1 >> "Host: localhost[\r][\n]"
19:35:00.338 [main] DEBUG org.apache.http.wire - http-outgoing-1 >> "User-Agent: Mozilla/5.0 (Windows NT 6.1; rv:24.0) Gecko/20100101 Firefox/24.0[\r][\n]"
19:35:00.338 [main] DEBUG org.apache.http.wire - http-outgoing-1 >> "Accept: */*[\r][\n]"
19:35:00.339 [main] DEBUG org.apache.http.wire - http-outgoing-1 >> "Referer: http://localhost/schoolmate/index.php[\r][\n]"
19:35:00.339 [main] DEBUG org.apache.http.wire - http-outgoing-1 >> "Accept-Encoding: gzip, deflate[\r][\n]"
19:35:00.339 [main] DEBUG org.apache.http.wire - http-outgoing-1 >> "Accept-Language: en-US[\r][\n]"
19:35:00.339 [main] DEBUG org.apache.http.wire - http-outgoing-1 >> "Content-Length: 42[\r][\n]"
19:35:00.339 [main] DEBUG org.apache.http.wire - http-outgoing-1 >> "Content-Type: application/x-www-form-urlencoded[\r][\n]"
19:35:00.340 [main] DEBUG org.apache.http.wire - http-outgoing-1 >> "Connection: Keep-Alive[\r][\n]"
19:35:00.340 [main] DEBUG org.apache.http.wire - http-outgoing-1 >> "Cookie: PHPSESSID=qgniqsbqn10r0fpodm6d92v152[\r][\n]"
19:35:00.340 [main] DEBUG org.apache.http.wire - http-outgoing-1 >> "[\r][\n]"
19:35:00.340 [main] DEBUG org.apache.http.wire - http-outgoing-1 >> "username=test&password=test&page=0&login=1"
19:35:00.397 [main] DEBUG org.apache.http.wire - http-outgoing-1 << "HTTP/1.1 200 OK[\r][\n]"
19:35:00.397 [main] DEBUG org.apache.http.wire - http-outgoing-1 << "Date: Wed, 14 May 2014 17:35:00 GMT[\r][\n]"
19:35:00.397 [main] DEBUG org.apache.http.wire - http-outgoing-1 << "Server: Apache/2.4.6 (Ubuntu)[\r][\n]"
19:35:00.397 [main] DEBUG org.apache.http.wire - http-outgoing-1 << "X-Powered-By: PHP/5.5.3-1ubuntu2.2[\r][\n]"
19:35:00.398 [main] DEBUG org.apache.http.wire - http-outgoing-1 << "Expires: Thu, 19 Nov 1981 08:52:00 GMT[\r][\n]"
19:35:00.398 [main] DEBUG org.apache.http.wire - http-outgoing-1 << "Cache-Control: no-store, no-cache, must-revalidate, post-check=0, pre-check=0[\r][\n]"
19:35:00.398 [main] DEBUG org.apache.http.wire - http-outgoing-1 << "Pragma: no-cache[\r][\n]"
19:35:00.398 [main] DEBUG org.apache.http.wire - http-outgoing-1 << "Vary: Accept-Encoding[\r][\n]"
19:35:00.398 [main] DEBUG org.apache.http.wire - http-outgoing-1 << "Content-Encoding: gzip[\r][\n]"
19:35:00.399 [main] DEBUG org.apache.http.wire - http-outgoing-1 << "Content-Length: 2800[\r][\n]"
19:35:00.413 [main] DEBUG org.apache.http.wire - http-outgoing-1 << "Keep-Alive: timeout=5, max=100[\r][\n]"
19:35:00.413 [main] DEBUG org.apache.http.wire - http-outgoing-1 << "Connection: Keep-Alive[\r][\n]"
19:35:00.414 [main] DEBUG org.apache.http.wire - http-outgoing-1 << "Content-Type: text/html[\r][\n]"
19:35:00.414 [main] DEBUG org.apache.http.wire - http-outgoing-1 << "[\r][\n]"
19:35:00.414 [main] DEBUG org.apache.http.wire - http-outgoing-1 << "[0x1f][0x8b][0x8][0x0][0x0][0x0][0x0][0x0][0x0][0x3][0xed][[0xfb]o[0xdb]8[0x12][0xfe][0xd9][0xfe]+[0x88][0x1c][0xee][0x94]v/~[0xa5][0xc9][0xb6]~-[0x9c]4[0xdd]G[0x93][0xb6]h[0xb2]8,[0xf6][0x16][0x7]Z[0xa2]-m$Q[0x90][0xa8]8[0xbe][0xc3][0xfe][0xef];|I[0x94],[[0xb2][0xbd][0xbd][0x7]pqaK[0x14]9[0xfc][0xe6][0xe3]p8[0x1c][0xaa]c[0x97][0x5][0xfe][0xb4][0x8d][0xc6].[0xc1][0xe][0xff]e[0x1e][0xf3][0xc9][0xf4][0xde]v)[0xf5][0xef]0#[0xe8][0xc][0xc9][0x1b][0xf4][0x1][0x7]d[0xdc][0x95][0xcf][0xa1]b[0xc2][0xd6]>Al[0x1d][0x91][0xc9][0x9]#[0xcf][0xac]k'[0xc9][0xc9][0xb4][0xdd]F[0xdd][0x97][0xe8][0xea][0xe3][0xdb][0x9f][0xd0][0xcb]n[0x1b][0xcd][0xa9][0xb3]n[0xa3][0xb5][0x11][0x9a]c[0xfb]q[0x19][0xd3]4t[0xce]l[0xea][0xd3]x[0x88][0xfe]t~~y[0xf9][0xe6][0xcd][0xa8][0x8d]~[0x93][0xad]n[0xbf][0xff][0xf0][0xfe]^4C[0xb3][0xce][0x82]RFb[0xb8][0xe4][0x8d][0x11]Z[0xd0][0x90][0x9d]-p[0xe0][0xf9][0xeb]![0xc2][0xb1][0x87][0xfd]Q^[0x9e]x[0xff]$C[0xd4][0xef]E[0xcc](\[0x11]o[0xe9][0xb2]![\n]"
19:35:00.419 [main] DEBUG org.apache.http.wire - http-outgoing-1 << "i[0x1c][0xe8][0xda][0xaa][0xe7][0xc4][0xf3][0x9f]H,[0x8b]8[0xf4]3[0x87][0xd8]4[0xc6][0xcc][0xa3][0xe1][0x10][0x1]B[0x12][0xfb]^H[0xf8]s[0x8e],[0x3]3t[0xe9][0xd3][0x97][0x82]4[0xf7][0x81][0x9f]Q[0xbb][0xd5][0x8]N@[0xc2]T[0xc0]hUah[0x99][0x0][0x6][0x1c]@[0xab][0xd0][0xfb][0x9c][0xfa][0xe][0x94][0xe9]Q [0x97]6>w[0xaa][0xba][0xe][0xe9]F[0xaf][0x6][0x5][0x95]}[0x97][0xf5][0x1f][0x14][0xf5][0xaf][0x4][0xf0][0xe][0xfe][0xae][0xae][0xb6][0x8c]F[0x9]C[0x84][0x97][0x80]"[0xd0]c[0xb0][0x5]B[0xd5][0x8]l[0x1b][0x0][0x8d][0xe2]u[0x8f]DQC[0x10]Es[0xf8][0x3][0xa1][0xcc][0xae][0xf9][0xa7][0x11][0x94][0x84][0xf8][0xc4]f[0xc4][0xf9]r[0xbc][0xf4][0xc4]_5[0x98]*[0xdb],![0xfa][0x8f][0x90]T[0x85][0xcb]c$H[0xfe][0xb][0xf8][0x11]8[0xbe][0x18]+[0x17][0xef][0xf8][0xa7])[0x1a][0xf0][0xb9][0xf][0xb3][0xab][0xdb][0x1b][0xe5]t[0x19][0x9e][0xfb]D[0xce][0xed][\n]"
19:35:00.419 [main] DEBUG org.apache.http.wire - http-outgoing-1 << "o[0xfd]N[0xfc]emE[0xe5][0xce]zgu9[0xab][0x8d][0xea][0xce]:[0x4]5m[0xdf]K[0x98]V~Nc[0x80][0x95]5[0xbb]x[0xcd]?#[0xe3][0xc9][0xca]s[0x98];D[0x9d][0xde][0xd7][0x17]7w[0xe6][0x3][0xb1][0x0][0x81]3[0xa7][0xbe][0xe7][0x88][0xf2][0x8];[0x8e][0x17].[0xcf]bIO?z.[0x14][0xcf])c4[0xd8],[0xf7][0xc9][0x2]j[0xf7]J[0xa5][0x8c]FY[0xa1][0xd4][0xc0][0xe9][0xcc]3[0xd0];[0x16][0xb3][0xbc][0xf6]S[0xa3][0xea][0xe6][0xd3][0x98]D[0x4][0x3][0x18][0xf9]{[0xb6]6[0xc5][0xad]vH+[0x8f][0x8d][0xd3][0xc1]a[0x8]5l[0x2]N;[0xa3]ZX[0x4][0xf6][0xbd]%[0x18][0xc3][0xaf]i[0xc2][0xbc][0xc5][0xba][0x82][0x88]A[0x99][0x9]E[0xe7][0xc0]$[0xa3]C[0x1d]g[0x7][0x9e][0xf2][0xe4]T[0x9d][0xda][0x0]F[0xae][0xbb]R[0x8]y"[0xe1][0xe])7=[0xfe][0xa9][0x95][0xc2]#[0x97]|2[0xd5][0x9a]"[0x18][0xfd]w7[0xb3][0xb7]7[0x9f][0x95][0xd5][0xbb]}[0xdd][0xb4][0xb8][0xa2]1/ [0xc9][0xc6][0x8a]6[0x18]T[0xae][0xe8]rIC[0xd5]~a[0xbb][0x17][0xdf][0xa9][0x98];[0x80]%7I[0xc0][0x8f]V[0xac][0xb7][0xd5][0xe8][0xfa][0x97]5[0xe8][0xe]B[0x2][0x8c]][0xff]x[0xff][0xf0][0xf1][0xe]][0xdf][0xce][0xee][0xef][0xb5][0xbb][0xd0][0xe8][0xe6][0xf4][0xb9][0xd6][0xb][0xb4]*[0xe7]l[0xab]z[0x8a][0xb7]J>![0x8b]P[0x94]E[\n]"
19:35:00.420 [main] DEBUG org.apache.http.wire - http-outgoing-1 << "[0xf8]\[0xfa][0x82][0xc7][0x81][0x17]jQ[0xfd][0x8b][0xbc][0xc8]U,[0xe8]2U[0xe5][0x9c][0x8f]NK?[0x1c][0x88][0xbb][0xda]pJ[0xf8][0xe1][0x96]I[0x15][0x9f]4P[0xc4][0xfd][0xf9][0xc2][0xa7][0xab][0xd2][\n]"
19:35:00.421 [main] DEBUG org.apache.http.wire - http-outgoing-1 << "mp$9[0xfd][0x9f]`[0xea]@[0xa2][0xaa],[0xa8][0x5][0xbc]0[0xcf][0xc6][0xbe]~[0x10]x[0x8e][0xe3][0x93][0x2]c8e4g[0xec][0xdf][0x13][0xf8][0xcb][0xbe][0xd6][0xc4][0x7][0x4][0x1c][0xf7][0xf6])f[0x8e][0xff][0xe0]b3[0x9c][0xd6][0xdd][0xec][0x17]P[0xb7][0xc7]]1[0xc2]S[0xb8][0xd0][[0xaf][0xc4][0x8e][0xbd][0x88]![0x1f][0x87][0xcb][0x14]lfb[0xfd][0x80][0x9f][0xf0][0xbd]([0xb4][0xe0]9Z[0x80]C[0xe7][0x82][0x90]O[0x97]4e3[0x7][0xc6][0xec][0xf4][0x85]D[0xee]P;[0xe5][0xbe][0xbe][0x83]yiG[0xd6][0xe8]<a?%[0x93][0xfe]h[0xe3]y[0x92][0xce][0x3][0x8f][0x9d][0xbe][0xc8][0xa8][0xc8]d[0xdb]>N[0x12][0x92]l[0x91][0xcb][0xa3][0xba][0x81][0x12][0xdb][0xdb]Gl"[0xf6][0x90][0xdf][0x87][0xb][0xda]@[0xf2]^[0x80][0x13][0x96]:P[0xaf][0x9][0xe2][0xc1]>r[0x19][0xc1][0xb6]K[0xe2]&r[0xcf][0xf7][0x91]k[0xae][0xcc]M[0x84][0xbf][0xda][0x8b][0xc][0x10][0x9b][0xb0]f[0xa8]/[0xf6]c#[0xe][0x9a][0x8][0xbd][0xdc]Gh[0x9a]4C[0xda][0xdf][0xcb][0xd4]"[0x1c]7[0xb5][0x87][0xbd][0xc]"&K[0x8f]s[0xdb]D[0xf0]^4`[0xc6]H[0xe8]`[0xb0][0x89]&[0xb6]V[0xcb][0x5][0x2][0xd7]"[0x9c][0x6]O[0xc6][0x8c]y[0x6]f:[0x16][0xe1]78e[0xdf]W+[0xc3][0xa4]'[0xee][0x92][0x8][0xdb][0xf2]N[0xae]$p![0xbc][0xfe][0xc4][0xea][0xf7]z[0xb6][0x90][0xf4][0xfa][0x13][0xeb]u[0xcf][0x12][0xc9][0xa1]X|;[0xd2]KL[0xac][0xb9][0xa5][0xab][0xc3]"!|[0xd4][0xd8][0xb][0x96]([0x89][0xed][0x89][0xd5][0xe9]z[0x1][0xe0]Nd[0xc6][0xa8][0xb3][0xf4][0x16][0xb9][0xb8][0xaf]/[\n]"
19:35:00.421 [main] DEBUG org.apache.http.wire - http-outgoing-1 << "[\r]Q[0x97][0x8b][0xed]2[0xa7],]H[0xdc][0x1f][0xfb]k[0x80].[0x9b][0xc6][0xf2][0xa7]$[0x12][0x8d][0x1d][0xef]I[0x17][0xe5]k[0x80][0x85][0xc4][0x1a]5[0xb1][0xe4][0xe2]eM[0xb][0x89]/h"[0x84]I[0x98][0xfc]7V[0xbf][0x1c]_[0xa6][0x80],[0xcf]J[0xdb][0x1a]5[0xad][0xaf][0xe1]&C_T[0xaa][0xa8]p[0x9]Y[0xbb]R[0xb7][0xac][0x93][0xf3]^[0xd6]G[0xbf]7[0x1d][0x93] b`[0x4][0x1a]yE[0x93]~[0xcf][0x8][0x9c][0xcd][0xb1][0xa3][0x11][0xf]p[0xc4][0xe8][0xed][0x96][0x93]u[0xb7]UP[0x3]![0xb5]`[0xc4]^[0xa4]J[0x90][0xa4][0xbd][0xbd][0x93][0x17][0xa0][0x5]=)"A[0x96]2[0x85]y,[0x17][0xb0][0x8e]#[0xd8][0x9e][0xc2][0xba]+f[0x15]X[0x83][0x98][0x9e][0x2][0x0]l[0x9d][0x9f];[0x91][0x1b]Y( [0xcc][0xa5][0x80][0xea][0xd3][0xc7][0xfb][0x7][0x8b][0x8f]/4[0xc5][0xba]+[0x9e]"[0x3]*b[0xb2][0x98]X[0xbf][0xc2][0xe2]-[0xe7][0xe1][0xb0][0xb0][0xfa][0x8d],D[0xc3];[\n]"
19:35:00.421 [main] DEBUG org.apache.http.wire - http-outgoing-1 << "[0xbe][0x8f]G@[0x93][0x93][0x15][0x8][0xa7][0xab]N[0xc2]0KA[0xc4][0x1d][0xe]AY[0x9d]s[0xe5]M [0xbc][0xe0]8[0xac][0x11]x [0x96][0xc6][0xe0][0x8b][0xe3][0x94][0x8c]N2))[0xdb][0x10]R[0xae][0xab],y[0xdc][0xc5][0x99][0xce][0x99][0xde][0xb5][0xe0][0x95][0xeb]o[0x86][0xfb][0x81]W>[\n]"
19:35:00.421 [main] DEBUG org.apache.http.wire - http-outgoing-1 << "[0xaa][0x90]p[0x18]Rc[0xf5]k[0xc8][0xb2]np[0x1c][0xb9]Z[0xca]a[0xa8][0xb3][0x88][0xab][0x19][0xe6]kY[0xfd]([0xc4]J[0xc6]ax[0xd5][0xaa][0xdd][0xc][0xed][0x8f][0xc9][0xb1][0xec][\n]"
19:35:00.421 [main] DEBUG org.apache.http.wire - http-outgoing-1 << "[0x9][0x87]Z[0xae][0xe][0xe1][0x9a][0x1a][0xaf][0xac][0xa4][0xfd]J![0x7][0x9a]p[0x16][0xcd]6[0xb4]`U[0xff]8[0x3]VB[0xe][0x83][0x9c][0xc7]E5[0x90]?[0xab][0x8a][0x19]h[0xd8][0xaf][0xc5][0x88]=K[0xc9]r[0x9b]u[0x98][0x12]f[0xc]V[0xa3][0xc6]{B"4[0xcb][0xea][0x1f][0x5]<[0x17]s[0x18][0xec],[0xd6]mf-[0x9f]d[0xf5][0xa3] +[0x19][0x7][0xd2]\[0xdc][0xfc]4C=3[0x1b][0x1d]G[0xb7])[0xe9]0[\r][\n]"
19:35:00.422 [main] DEBUG org.apache.http.wire - http-outgoing-1 << "{[0xef][0x1a][0xfc][0xb7]t[0x89]>[0xa6][0xcc][0x1a][0xed][0x81][0xb8][0x8]XI[0x10]P[0x5]>/[0x8c]R&O]-[0xd7]s`[0x1a]Y*h[0x11][0x9b][0x4][0xb][0xc9]][0x82][0xa5][0x82][0x9b][0xed][0xd5][0xa5][0x1e][0xb5][0xd5][0xb8][0xd4]Lh_[0x4][0x9e]][0x1e][0x92][0x14]B[0xe1]=b8#[0x9a][0xe4]1[0xb8][0xc8][0x81][0x0][0x18][0x2][0xf3] >S[0xc1]/O[0xd1][0xb3][0x91]5[0xfd]K8O[0xa2][0x91][0x8c][0xbc]+[0xfa]ZY[0x15][0xd1][0x9c][0xc][0xb6][0x1b][0x84][0xd4][0xfd]-;[0x1d]q7m[0xb7]D[0x1c][0xd9][0x12][0xfd][0x15]z[0xa9][0xcd][0xd2]t[0xbb][0xe8]][0xb6]k[0xa6]([0xc0][0x8f][0x4]%iL[0x10]s[0x89]X;[0xd1][\n]"
19:35:00.422 [main] DEBUG org.apache.http.wire - http-outgoing-1 << "s[0xdf][0x7][0xcf][0x1c][0x2][0x8a][0xcb][0x7]B[0xa7]S[0x92][0xbc][0x80][0xf6][0xe6][0xde][0x90][0xf7][0xed]`[0xa6]w[0x86][0xa0][0xa2][0xb7]8E[0xd9][0xfe]O[0xc5][0xe][0xea][0xd4]M[0xdc][0xc9]}"[0x9a][0xa2][0x1e][0xe2]m[0xf8]v[0xf2][0x9][0xc7][0xc8][0xa6][0xe1][0xc2][0x8b][0x3][0xe2][0xa0][0x89][0xbe]>=y+[0x0][0x0][0x1d]H[0xd9]=p[0xe2][0xfb][0xb0][0xd9]H6[0xc1][0xa1]y[0xea]C[0x89][0x17]&E[0xc][0xc7][0x8e]G[0xe0]"w[0x9b]p[0x9d]$@[0x93][0x98]Zp[0x13]:ja[0x90]^[0x19][0xf4]u1C[0xd4][0xb6][0x81][\n]"
19:35:00.422 [main] DEBUG org.apache.http.wire - http-outgoing-1 << "[0x7]9i[0xcc]{[0x15]e[0x12]5[0xfa]{[0x8][0xff]f[0xc0][0xd3][0x9a][0xa6][0x82][0xb0]oN`C[0xdb]nq}[\r][0xf0][0x13]15@[0xb5][0x16](VAD[0xb6][0x15]n[0xfd][0xc6][0xb5][0x17]_[0xc4]O[0x88][0xa2][0x2][0xfb]$f[0xa7][0xd6]O[0xd0]G[0x90]&[0xc]I[0xe2]2[0xf5][0xb3]A[0xe9]Xb7-[0xda][0xf3]t[0xdd][0x8e]q[0xa5][0xa1][0xbf][0x86]/[0xa0][0xc9]%[0xf6][0xe3][0x9c]>#[0x17][0x3][[0x84][0x84]H[0x1f][0x86][0x96][0x6]UW[0xcc][0xd2]l[0xcd][0x87][0x15][0xf4][0xef]g[0xe3][0xba]C[0xfb][\n]"
19:35:00.422 [main] DEBUG org.apache.http.wire - http-outgoing-1 << "[0xd5][0x1b][0x1b]N_[0xb3]k[0x90]e[0xe3]P*J[0x1c][0x8f]Im[0x5]a[0x98]s[0xc7]3[0xa5][0x82]0[0xe0][0xbc]%z4[0x9a][0xd7]w[0xc9][0x1b][0xa2][0xfa][0x81][0xe1]=[0xeb]^v[0x8d][0xcc]#_[0x9f][0xc1][0xec][0xec]GD[0x17][0xc8][0xa5]+[0x18][0xab]pm[0x90][0x8e]`[0x5][0x93][0xb7][0x1b]#[0x93]F|[0xb2][0xc9][0xa1][0x89][0xe9]*[0x1b][0x1d][0xb8][0x86]y[0xc3][0xbf][0xbf]B[0x83][0x91][0x1a][0xaf][\r][0xcd][0x0][0xb2]0[0xff][0x9f][0xa1][0xe2]/[0x1d][0xd5][0xc3][0xf6][0xc1][0xda][0x1c]\t[0x87][0x99][0xdb][0x11]>[0xb3][0x9]o[0xe8][0xc][0xf5]+[0x87][0xfa]K[0xf4][0xf5][0x95][0xd1]W9[0xc9][0xe4][0xf6][0xa7][0xc5][0xdd][0xc9][0xb8][0xb]Em[0xb5][0xb9]6[0xb7][0xd6][0xaa][0x83][0xa6][0x9b]k[0xe5][0xcf][0x8b][0xd9][0xf][0xed][0xb8][0xdf][0xf0][0xd4][0x91][0xe9][0xe1]-u[0xaf]}<[0xbf]WK[0x81]%[0x13]X[0xf3]l[0xb3]6[0x4][\r][0xe6]S4Vv&[0xd1][0xe9][\r]$_[0xd6][0xaf]][0xf0][0xf0]P[0xb6]}[0x92][0x81][0xc4]1[0x8d][0xb4][0x9b][0x96][0xb]$[0xba][0xbf][0xb9][0xbd][0xb9]~[0xb8]y;[0xed][0x83][0xb0]qW>[0x97]kS[0xb1][0xee][0x19]T[0x9e][0xce]|?[0xab][0xd3][0xe2][0x9c][\n]"
19:35:00.427 [main] DEBUG org.apache.http.wire - http-outgoing-1 << "4b[0xe1]1[0xa3][0x92]b[0xce])K[0xc3][0xc9][0x84][0x9b][0xb1]v[0xcf]S[0xc6]h[0x98][0xad][0xd7]3[0xc7][0x11][0x9a][0xf8][0x9e][0xfd]89[0xd9]P[0xc4]L+Zo[0xac][0xd1]vMO[0xea]z[0xba][0x81][0xb9][0x99]w[0xb5][0xc9]Y![0x9b][0xdb][0x1f][0x99][0xe]pd[0xd5][0x9][0x97][0xab][0xd4].[0xf1][0xd2]g[0x1b][0xe6]:[0xe9][0x8f][0xf2][0x95][0xb3][0xbe][0x87]{[0xee]%[0xbc][0x10]}[0x1b]{NS5[0x6][0x17];[0x8][0x93])Ms[0x10][0x8d]4[0xa6]i[0xae]eS[0xce]L[0xf7][0xc2][0xd2]q[0x8e][0xf1][0xd2][0x84][0xe]rb[0xfd]L[0x9e]}[0xcb]x[0xc5][0xc9][0x2]&n[0x19]P[0xe0][0xca]}[0xbe]~q[0xcf]U[0x85]j[0x83]j[0x94][0xe8]9Q([0x92][0xe][0xf1]C[0x1a][0xcc][0xb][0xf]>S[0x1a]l[0x96]~"[0xb1]G[0x9d][0xcd][0xf2][0xb7]x[0x9d][0x98]R[0xd3]y[0xc2]<[0x96]2[0x85][0x7])[0x9b]64[0xa2]`[0xb3][0xdc][0xfe][0x85]}[0x17][0xc6]L[0x1b][0x8d][0xe]M[0xe5][0xa0][0xff][0xfc][0x8b][0x11][0x9e][0xe6]Cg:[0xf2][0xbe][0x1c][0xf][0xc5][0x8b][0x94][0x9c][0x10][0x8]D<[0xb6]F[0xc]4[0x7][0xc2][0x8b][0xf][0xbd][0x80][0x86]|4<[0x94]_[0x16]j[0xc8][0xc9]m[0x14][0xc][0x8a][0x8f]_][0x14][0xef][0xb]ww[0xf][0x85][[0xa4][0xef][0xca]T[0xf0][0xd7]#[0xe][0xe5]b[0xb0][0x85][0x8b]A[0x5][0x17][0x11]w[0xab][0x9];[0x96][0x82]WE-///w0[0xf4][0xb7][0xef]vp`$[0xd5]u~[0xb6][0xb1][0x9b][0xdb]=i[0xdf][0xec][0x9a][0xb3][0xff]wr[0x7]8[0xb9][0x92][0x97][0xe3]G[0xe3][0xf2][0xb4]}bA[0xa0]oM_"[0xa1]Y[0xed][0x1e][0xc3][0xcb]3[0xdd]"-[0x94]o[\r][0xf8][0x86]3d[0x5]w[0xca][0xaf]e00[0xfd][0x4]h[0x87]|[0xdf].[0xb7][0xea][0xf9]fl[0xb8][0x19][0xec]n2[0xd8][0xdb]T[0xaf]x[0xc4][0xbd][0xf1][0x98][0x86][0xbc]B6[0x0][0xbb][0xd8]Q[0xd3][0xb8][0xf4]F[0xe4][0xee][0x94][0xc1][0xb7][0x94][0x87][0xb0][0xbc]*[0xea][0x1f][0x91]7[0xe8][0xf3][0x8c][0x81]\[0xe][0xf8][0xab][0x6][0x8a][0xab][0xb2][0x81][0x14][0xb7][0xfa][0x6];[0x9b][0xb6]T[0xac]j[0x84][0x87]uU+[0xd2][0x12];jKv[0x8b][0x9][0x87][0x86]Y[0x8c][0xc3][0x92][0x18][0x85][0xe3]#[0xf3]0[0xaf]pjw1[0xe8]5<[0xa7][0xd3][0xc7]`[0xc6][0xf1][0xe3]f[0xe]A[0x14][0xca][0xe3][0xab][0xaa][0xf0].w~-[0xed][0x17][0xf5]ic[0xfe][0xd0][0xc8][0xbf][0x14][0x12]0Ou[0x19][0x18][0xe3][0x8]M[0x1a][0x88][0x8e][0x1a][0xc4],+[0xf1][0xb1][0xfb]0-[0xcf][0x99]4=[0xd7]3[0x9b]T[0xc3][0x93]oi[0xee]w[0xe8]X'm[0x9f][0x93][0xc7][0xa6]2kN"[0xb][0xd4]Qn.[0xe1][0xe4][0x15][0x9a]/[0xaf][0xa5]kT[0xef][0xe6][0x1a][0xc]z[0xca],[0xf2][0xa9][\n]"
19:35:00.427 [main] DEBUG org.apache.http.wire - http-outgoing-1 << "7[0xbc][0x99][0x6])[0xdf][0x8b][0xb2][0xa6][0x9f][0xe8][0x8a][0xf0][0x14][0xca][0xd5][0x1a][0xb6][0xb0]c[0x80]*Sp[0xc][0xc7]K[0x2][0x82][0xfe]qu;[0xfb][0xf0]^g.][0xc6][0xa2]a[0xb7][0xbb]Z[0xad]:Q[0xc][0xf8][0x19][0xc1]Q[0x4]~_[0xe6]d:6[\r][0xac][0xb2][0xfc][0xfc][0xbf]~d[0x9]R[0xc3]}l[0x9b].][0xf1][0x9e][0x1][0xbf][0x10][0xff][0xa1][0xe4]w[0x9b]t[0x8a][0xa4]W2[0x0][0x0]"
19:35:00.428 [main] DEBUG org.apache.http.headers - http-outgoing-1 << HTTP/1.1 200 OK
19:35:00.429 [main] DEBUG org.apache.http.headers - http-outgoing-1 << Date: Wed, 14 May 2014 17:35:00 GMT
19:35:00.429 [main] DEBUG org.apache.http.headers - http-outgoing-1 << Server: Apache/2.4.6 (Ubuntu)
19:35:00.429 [main] DEBUG org.apache.http.headers - http-outgoing-1 << X-Powered-By: PHP/5.5.3-1ubuntu2.2
19:35:00.429 [main] DEBUG org.apache.http.headers - http-outgoing-1 << Expires: Thu, 19 Nov 1981 08:52:00 GMT
19:35:00.429 [main] DEBUG org.apache.http.headers - http-outgoing-1 << Cache-Control: no-store, no-cache, must-revalidate, post-check=0, pre-check=0
19:35:00.429 [main] DEBUG org.apache.http.headers - http-outgoing-1 << Pragma: no-cache
19:35:00.429 [main] DEBUG org.apache.http.headers - http-outgoing-1 << Vary: Accept-Encoding
19:35:00.429 [main] DEBUG org.apache.http.headers - http-outgoing-1 << Content-Encoding: gzip
19:35:00.430 [main] DEBUG org.apache.http.headers - http-outgoing-1 << Content-Length: 2800
19:35:00.430 [main] DEBUG org.apache.http.headers - http-outgoing-1 << Keep-Alive: timeout=5, max=100
19:35:00.430 [main] DEBUG org.apache.http.headers - http-outgoing-1 << Connection: Keep-Alive
19:35:00.430 [main] DEBUG org.apache.http.headers - http-outgoing-1 << Content-Type: text/html
19:35:00.431 [main] DEBUG o.a.h.impl.execchain.MainClientExec - Connection can be kept alive for 5000 MILLISECONDS
19:35:00.492 [main] DEBUG o.a.h.i.c.PoolingHttpClientConnectionManager - Connection [id: 1][route: {}->http://localhost:80] can be kept alive for 5.0 seconds
19:35:00.492 [main] DEBUG o.a.h.i.c.PoolingHttpClientConnectionManager - Connection released: [id: 1][route: {}->http://localhost:80][total kept alive: 1; route allocated: 1 of 6; total allocated: 1 of 20]
19:35:00.497 [main] DEBUG c.g.htmlunit.html.HtmlElement - Firing Event unload (Current Target: HTMLElement for HtmlHtml[<html>]);
19:35:00.498 [main] DEBUG c.g.htmlunit.WebWindowImpl - setEnclosedPage: HtmlPage(http://localhost/schoolmate/index.php)@32933089
19:35:00.498 [main] DEBUG c.g.htmlunit.WebWindowImpl - destroyChildren
19:35:00.587 [main] DEBUG c.g.htmlunit.html.HtmlScript - Script node added: <script language="JavaScript">
//<![CDATA[

  function logoutAdmin()
  {
	document.admin.logout.value=1;
	document.admin.submit();
  }

  function classes()
  {
	document.admin.page2.value=0;
	document.admin.submit();
  }

  function schoolInfo()
  {
	document.admin.page2.value=1;
	document.admin.submit();
  }

  function students()
  {
	document.admin.page2.value=2;
	document.admin.submit();
  }

  function teachers()
  {
	document.admin.page2.value=3;
	document.admin.submit();
  }

  function announcements()
  {
	document.admin.page2.value=4;
	document.admin.submit();
  }

  function semesters()
  {
	document.admin.page2.value=5;
	document.admin.submit();
  }

  function terms()
  {
	document.admin.page2.value=6;
	document.admin.submit();
  }

  function users()
  {
	document.admin.page2.value=10;
	document.admin.submit();
  }

  function parents()
  {
	document.admin.page2.value=22;
	document.admin.submit();
  }

  function register()
  {
	document.admin.page2.value=26;
	document.admin.submit();
  }

  function attendance()
  {
	document.admin.page2.value=30;
	document.admin.submit();
  }
 
//]]]]><![CDATA[>
</script>

19:35:00.713 [main] DEBUG c.g.htmlunit.html.HtmlScript - Script node added: <script language="JavaScript">
//<![CDATA[

  // Function to make sure the user wants to delete the class(es) //
  function validate()
  {
   if( document.classes.selectclass.value > 0 )
   {
	var confirmed = confirm("Deleteing a class will also delete the class bulletins, tardies, attendance, assignments, and registrations that occured during that class. \n \nAre you sure?");

	if( confirmed == true )
	{
	 document.classes.submit();
	}
   }
   else
   {
	alert('You must select a class to delete.');
   }
  }


  // Function to make sure only one checkbox has been selected //
  function checkboxes()
  {
   if( document.classes.selectclass.value == 1 )
   {
	document.classes.submit();
   }
   else
   {
	if( document.classes.selectclass.value > 1 )
	{
	 alert('You can only edit one class at a time.');
	}
	else
	{
	 alert(document.classes.selectclass.value);
	 alert('You must select a class to edit.');
	}
   }
  }


  // Function to keep track of how many checkboxes are checked //
  function updateboxes(row)
  {
   row = row + 2;
   if(document.classes.elements[row].checked)
   {
	document.classes.selectclass.value = Math.round(document.classes.selectclass.value) - 1;
   }
   else
   {
	document.classes.selectclass.value = Math.round(document.classes.selectclass.value) + 1;
   }
  }
 
//]]]]><![CDATA[>
</script>

19:35:00.887 [main] DEBUG n.s.j.h.HtmlUnitTestingEngineImpl - Window "" changed : "SchoolMate - School Name" became "SchoolMate - School Name
19:35:00.887 [main] DEBUG c.g.htmlunit.html.HtmlElement - Firing Event DOMContentLoaded (Current Target: HTMLElement for HtmlHtml[<html>]);
19:35:00.888 [main] DEBUG c.g.htmlunit.html.HtmlElement - Firing Event load (Current Target: HTMLElement for HtmlHtml[<html>]);
19:35:02.814 [main] DEBUG c.g.htmlunit.html.HtmlElement - Firing Event mousedown (Current Target: HTMLElement for HtmlAnchor[<a class="menu" href="javascript: terms();" onmouseover="window.status='Manage Terms'; return true;" onmouseout="window.status=''; return true;">]);
19:35:02.815 [main] DEBUG c.g.htmlunit.html.HtmlElement - Firing Event focusin (Current Target: HTMLElement for HtmlAnchor[<a class="menu" href="javascript: terms();" onmouseover="window.status='Manage Terms'; return true;" onmouseout="window.status=''; return true;">]);
19:35:02.816 [main] DEBUG c.g.htmlunit.html.HtmlElement - Firing Event focus (Current Target: HTMLElement for HtmlAnchor[<a class="menu" href="javascript: terms();" onmouseover="window.status='Manage Terms'; return true;" onmouseout="window.status=''; return true;">]);
19:35:02.817 [main] DEBUG c.g.htmlunit.html.HtmlElement - Firing Event mouseup (Current Target: HTMLElement for HtmlAnchor[<a class="menu" href="javascript: terms();" onmouseover="window.status='Manage Terms'; return true;" onmouseout="window.status=''; return true;">]);
19:35:02.817 [main] DEBUG c.g.htmlunit.html.HtmlElement - Firing Event click (Current Target: HTMLElement for HtmlAnchor[<a class="menu" href="javascript: terms();" onmouseover="window.status='Manage Terms'; return true;" onmouseout="window.status=''; return true;">]);
19:35:02.818 [main] DEBUG c.g.htmlunit.html.HtmlAnchor - do click action in window '', using href 'javascript: terms();'
19:35:02.853 [main] DEBUG c.g.htmlunit.WebClient - Load response for POST http://localhost/schoolmate/index.php
19:35:02.854 [main] DEBUG o.a.h.c.protocol.RequestAddCookies - CookieSpec selected: mine
19:35:02.855 [main] DEBUG o.a.h.c.protocol.RequestAddCookies - Cookie [version: 0][name: PHPSESSID][value: qgniqsbqn10r0fpodm6d92v152][domain: localhost][path: /][expiry: null] match [localhost:80/schoolmate/index.php]
19:35:02.856 [main] DEBUG o.a.h.c.protocol.RequestAuthCache - Auth cache not set in the context
19:35:02.857 [main] DEBUG o.a.h.i.c.PoolingHttpClientConnectionManager - Connection request: [route: {}->http://localhost:80][total kept alive: 0; route allocated: 0 of 6; total allocated: 0 of 20]
19:35:02.858 [main] DEBUG o.a.h.i.c.PoolingHttpClientConnectionManager - Connection leased: [id: 2][route: {}->http://localhost:80][total kept alive: 0; route allocated: 1 of 6; total allocated: 1 of 20]
19:35:02.858 [main] DEBUG o.a.h.impl.execchain.MainClientExec - Opening connection {}->http://localhost:80
19:35:02.859 [main] DEBUG o.a.h.c.HttpClientConnectionManager - Connecting to localhost/127.0.0.1:80
19:35:02.863 [main] DEBUG o.a.h.impl.execchain.MainClientExec - Executing request POST /schoolmate/index.php HTTP/1.1
19:35:02.863 [main] DEBUG o.a.h.impl.execchain.MainClientExec - Target auth state: UNCHALLENGED
19:35:02.863 [main] DEBUG o.a.h.impl.execchain.MainClientExec - Proxy auth state: UNCHALLENGED
19:35:02.864 [main] DEBUG org.apache.http.headers - http-outgoing-2 >> POST /schoolmate/index.php HTTP/1.1
19:35:02.864 [main] DEBUG org.apache.http.headers - http-outgoing-2 >> Host: localhost
19:35:02.864 [main] DEBUG org.apache.http.headers - http-outgoing-2 >> User-Agent: Mozilla/5.0 (Windows NT 6.1; rv:24.0) Gecko/20100101 Firefox/24.0
19:35:02.864 [main] DEBUG org.apache.http.headers - http-outgoing-2 >> Accept: */*
19:35:02.864 [main] DEBUG org.apache.http.headers - http-outgoing-2 >> Referer: http://localhost/schoolmate/index.php
19:35:02.864 [main] DEBUG org.apache.http.headers - http-outgoing-2 >> Accept-Encoding: gzip, deflate
19:35:02.865 [main] DEBUG org.apache.http.headers - http-outgoing-2 >> Accept-Language: en-US
19:35:02.865 [main] DEBUG org.apache.http.headers - http-outgoing-2 >> Content-Length: 22
19:35:02.865 [main] DEBUG org.apache.http.headers - http-outgoing-2 >> Content-Type: application/x-www-form-urlencoded
19:35:02.865 [main] DEBUG org.apache.http.headers - http-outgoing-2 >> Connection: Keep-Alive
19:35:02.865 [main] DEBUG org.apache.http.headers - http-outgoing-2 >> Cookie: PHPSESSID=qgniqsbqn10r0fpodm6d92v152
19:35:02.865 [main] DEBUG org.apache.http.wire - http-outgoing-2 >> "POST /schoolmate/index.php HTTP/1.1[\r][\n]"
19:35:02.865 [main] DEBUG org.apache.http.wire - http-outgoing-2 >> "Host: localhost[\r][\n]"
19:35:02.865 [main] DEBUG org.apache.http.wire - http-outgoing-2 >> "User-Agent: Mozilla/5.0 (Windows NT 6.1; rv:24.0) Gecko/20100101 Firefox/24.0[\r][\n]"
19:35:02.865 [main] DEBUG org.apache.http.wire - http-outgoing-2 >> "Accept: */*[\r][\n]"
19:35:02.866 [main] DEBUG org.apache.http.wire - http-outgoing-2 >> "Referer: http://localhost/schoolmate/index.php[\r][\n]"
19:35:02.866 [main] DEBUG org.apache.http.wire - http-outgoing-2 >> "Accept-Encoding: gzip, deflate[\r][\n]"
19:35:02.866 [main] DEBUG org.apache.http.wire - http-outgoing-2 >> "Accept-Language: en-US[\r][\n]"
19:35:02.866 [main] DEBUG org.apache.http.wire - http-outgoing-2 >> "Content-Length: 22[\r][\n]"
19:35:02.866 [main] DEBUG org.apache.http.wire - http-outgoing-2 >> "Content-Type: application/x-www-form-urlencoded[\r][\n]"
19:35:02.866 [main] DEBUG org.apache.http.wire - http-outgoing-2 >> "Connection: Keep-Alive[\r][\n]"
19:35:02.866 [main] DEBUG org.apache.http.wire - http-outgoing-2 >> "Cookie: PHPSESSID=qgniqsbqn10r0fpodm6d92v152[\r][\n]"
19:35:02.866 [main] DEBUG org.apache.http.wire - http-outgoing-2 >> "[\r][\n]"
19:35:02.866 [main] DEBUG org.apache.http.wire - http-outgoing-2 >> "page2=6&logout=&page=1"
19:35:02.899 [main] DEBUG org.apache.http.wire - http-outgoing-2 << "HTTP/1.1 200 OK[\r][\n]"
19:35:02.899 [main] DEBUG org.apache.http.wire - http-outgoing-2 << "Date: Wed, 14 May 2014 17:35:02 GMT[\r][\n]"
19:35:02.900 [main] DEBUG org.apache.http.wire - http-outgoing-2 << "Server: Apache/2.4.6 (Ubuntu)[\r][\n]"
19:35:02.901 [main] DEBUG org.apache.http.wire - http-outgoing-2 << "X-Powered-By: PHP/5.5.3-1ubuntu2.2[\r][\n]"
19:35:02.901 [main] DEBUG org.apache.http.wire - http-outgoing-2 << "Expires: Thu, 19 Nov 1981 08:52:00 GMT[\r][\n]"
19:35:02.901 [main] DEBUG org.apache.http.wire - http-outgoing-2 << "Cache-Control: no-store, no-cache, must-revalidate, post-check=0, pre-check=0[\r][\n]"
19:35:02.901 [main] DEBUG org.apache.http.wire - http-outgoing-2 << "Pragma: no-cache[\r][\n]"
19:35:02.901 [main] DEBUG org.apache.http.wire - http-outgoing-2 << "Vary: Accept-Encoding[\r][\n]"
19:35:02.901 [main] DEBUG org.apache.http.wire - http-outgoing-2 << "Content-Encoding: gzip[\r][\n]"
19:35:02.901 [main] DEBUG org.apache.http.wire - http-outgoing-2 << "Content-Length: 2617[\r][\n]"
19:35:02.901 [main] DEBUG org.apache.http.wire - http-outgoing-2 << "Keep-Alive: timeout=5, max=100[\r][\n]"
19:35:02.901 [main] DEBUG org.apache.http.wire - http-outgoing-2 << "Connection: Keep-Alive[\r][\n]"
19:35:02.902 [main] DEBUG org.apache.http.wire - http-outgoing-2 << "Content-Type: text/html[\r][\n]"
19:35:02.902 [main] DEBUG org.apache.http.wire - http-outgoing-2 << "[\r][\n]"
19:35:02.902 [main] DEBUG org.apache.http.wire - http-outgoing-2 << "[0x1f][0x8b][0x8][0x0][0x0][0x0][0x0][0x0][0x0][0x3][0xed]Zks[0xdb][0xb8][0x15][0xfd],[0xfd][\n]"
19:35:02.902 [main] DEBUG org.apache.http.wire - http-outgoing-2 << "[0x8c];-[0x9d]t-[0x91]r[0xec][0xf5][0xea][0xd5][0x91][0x1d][0xa7][0xdd][0xc6]N2[0xeb][0xec][0x87][0x9d][0xed]N[0x7]"![0x91]k[0x92][0xe0][0x90][0xa0]e[0xb5][0xb3][0xff][0xbd][0x17]/[0x12][0xa4]([0x89][0x92][0x93]>fjy$[0x11][0x8f][0x8b][0x83][0x83][0x8b][0xfb][0x0]4[0xf6]Y[0x14]N[0xbb]h[0xec][0x13][0xec][0xf1]O[0x16][0xb0][0x90]L[0x1f]\[0x9f][0xd2][0xf0][0x1e]3[0x82][0xce][0x90]|@[0x1f]pD[0xc6]}Y[0xf][\r]3[0xb6][0xe][0x9]b[0xeb][0x84]LN[0x18]yf}7[0xcb]N[0xa6][0xdd].[0xea][0xbf]F[0xd7][0x1f][0xdf][0xfe][0x84]^[0xf7][0xbb]hN[0xbd]u[0x17][0xfd][0xb3][0x8b][0xd0][0x1c][0xbb][0x8f][0xcb][0x94][0xe6][0xb1]w[0xe6][0xd2][0x90][0xa6]C[0xf4][0xbb][0xf3][0xf3][0xcb][0xcb][0xef][0xbe][0x1b]u[0xd1]o[0xb2][0xd7][0xdd][0xf7][0x1f][0xde]?[0x88]nh[0xd6][P[0xca]H[\n]"
[...]
19:35:08.638 [main] DEBUG org.apache.http.wire - http-outgoing-7 << "Pragma: no-cache[\r][\n]"
19:35:08.638 [main] DEBUG org.apache.http.wire - http-outgoing-7 << "Vary: Accept-Encoding[\r][\n]"
19:35:08.638 [main] DEBUG org.apache.http.wire - http-outgoing-7 << "Content-Encoding: gzip[\r][\n]"
19:35:08.638 [main] DEBUG org.apache.http.wire - http-outgoing-7 << "Content-Length: 2645[\r][\n]"
19:35:08.638 [main] DEBUG org.apache.http.wire - http-outgoing-7 << "Keep-Alive: timeout=5, max=100[\r][\n]"
19:35:08.638 [main] DEBUG org.apache.http.wire - http-outgoing-7 << "Connection: Keep-Alive[\r][\n]"
19:35:08.638 [main] DEBUG org.apache.http.wire - http-outgoing-7 << "Content-Type: text/html[\r][\n]"
19:35:08.639 [main] DEBUG org.apache.http.wire - http-outgoing-7 << "[\r][\n]"
19:35:08.639 [main] DEBUG org.apache.http.wire - http-outgoing-7 << "[0x1f][0x8b][0x8][0x0][0x0][0x0][0x0][0x0][0x0][0x3][0xed]Zks[0xe3][0xb6][0x15][0xfd],[0xfd][\n]"
19:35:08.639 [main] DEBUG org.apache.http.wire - http-outgoing-7 << "[0x8c];-[0xbd][0xdb]X"[0xe5][0xb5][0xe3]H[0x96]2[0xb2][0xd7][0xdb][0xa6][0xbb][0xde][0xdd][0x89]7[0x1f]2i[0xa6][0x3][0x91][0x90][0xc8][0x98]$8$(Y[0xc9][0xe4][0xbf][0xf7][0xe2]E[0x82][0x14]%Q[0xf2]n[0xda][0xce][0xd4][0xf2]H"[0x1e][0x17][0x7][0x7][0x17][0xf7][0x1][0xe8][0xda]gQ8[0xe9][0xa2]k[0x9f]`[0x8f][0xb2][0x80][0x85]d[0xf2][0xe0][0xfa][0x94][0x86][0xf7][0x98][0x11]t[0x86][0xe4][0x3]z[0x8f]#r[0xdd][0x97][0xf5][0xd0]0c[0xeb][0x90] [0xb6]N[0xc8][0xf8][0x84][0x91]'[0xd6]w[0xb3][0xec]d[0xd2][0xed][0xa2][0xfe]Kt[0xf3][0xe1][0xf5][0x8f][0xe8]e[0xbf][0x8b]f[0xd4][w[0xd1]o][0x84]f[0xd8]}\[0xa4]4[0x8f][0xbd]3[0x97][0x86]4[0x1d][0xa2]?[0x9d][0x9f]_^~[0xf3][0xcd][0xa8][0x8b]~[0x97][0xbd][0xde]}[0xf7][0xfe][0xed][0x83][0xe8][0x86][0xa6][0xbd]9[0xa5][0x8c][0xa4][0xf0][0x95]wFhNcv6[0xc7]Q[0x10][0xae][0x87][0x8][0xa7][0x1][0xe]Gey[0x16][0xfc]J[0x86][0xc8][0xb1][0x13]f[0x14][0xae]H[0xb0][0xf0][0xd9][0x10][0xc5]4[0x8d]tk5r[0x16][0x84]K[0x92][0xca]"[0xe][0xfd][0xcc]#.M1[0xb]h<D[0x80][0x90][0xa4]a[0x10][0x13]^[0xcf][0x91][0x15]`[0x86]>]~)H[0xb3][0x10][0xf8][0x19]u;[0xad][0xe0]D$[0xce][0x5][0x8c]N[0x13][0x86][0x8e][0x9]`[0xc0][0x1]t*[0xa3][0xcf]h[0xe8]A[0x99]^[0x5]r[0xe9][0xe2]s[0xaf]i[0xe8][0x98]n[0x8c]jP[0xd0]8v}[0xfe][0x83][0xea][0xfc][0x1b][0x1][0xbc][0x81][0xbf][0x9b][0x9b]-[0xab]Q[0xc3][0x90][0xe0][0x5][0xa0][0x88][0xf4][0x1a]l[0x81][0xd0][0xb4][0x2][0xdb][0x16]@[0xa3][0xb8][0xb2][0xf9]K[0x14][0xb5][0x4]QU[0x87][0xcf][0x8]ez[0xcb]_[0xad][0xa0]d$$.#[0xde][0x97][0xe3][0xc5][0x16][0xcd]`[0x9a]t[0xb3][0x86][0xe8]?BR[0x13][0xae][0x80][0x91]([0xfb]/[0xe0]G[0xe0][0xf8]b[0xac]\[0xbc][0xe1][0xaf][0xb6]h[0xc0][0xe6]~[0x9a][0xde][0xbc][0xbb]SF[0x97][0xe1]YH[0xe4][0xde]n[0xb0][0xd6]o[0xc4]_[0xd1]W4[0xee][0xad]w6[0x97][0xbb][0xda]h[0xee][0xad]c[0x98][0xa6][0x1b][0x6][0x19][0xd3][0x93][0x9f][0xd1][0x14]`[0x15][0xdd].[0xae][0xf8]kd[0xd4][0xac][0x2][0x8f][0xf9]C[0xd4][0xb3][0xbf][0xbe][0xb8][0xbb]7+[0x84][0x3][0x2]cN[0xc3][0xc0][0x13][0xe5][0x9][0xf6][0xbc] ^[0x9c][0xa5][0x92][0x1e]'y[0xaa][0x14][0xcf](c4[0xda],[0xf][0xc9][0x1c]Z[0xdb][0xb5]RF[0x93][0xa2]P[0xce][0xc0][0xeb][0xcd][\n]"
19:35:08.644 [main] DEBUG org.apache.http.wire - http-outgoing-7 << "[0xd0];[0x9c]Y[0xd9]z[0xd9][0xaa][0xb9]Y[0x9b][0x92][0x84]`[0x0]#?[0xcf][0xd6][0xa6][0xb8][0xd5][0xe]i[0xf5][0xb5][0xf1]z8[0x8e][0xa1][0x85]K[0xc0]h[0x17]T[0xb][0x8d][0xc0]a[0xb0][0x0]e[0xf8]%[0xcf]X0_7[0x10]1[0xa8]3[0xa1][0xe8][0x1c][0x98]d[0xf4][0xa8][0xe7][0xed][0xc0]S[0xdf][0x9c]jP[0x17][0xc0]H[0xbf]+[0x85][0x90]%[0x89]wH[0xb9][0xb3][0xf9]k[0xaf][0x14][0x1e][0xb9][0x94][0x9b]i[0xaf]*[0x82][0xd2][0xff][0xfd]n[0xfa][0xfa][0xee]{[0xa5][0xf5][0xbe][0xa3][0xbb]V=[0x1a][0xb]"[0x92]mx[0xb4][0xc1][0xa0][0xd1][0xa3]K[0x97][0x86][0x9a][0xed][0xc2]v+[0xbe]sb[0xfe][0x0]\n[0x96][0x81][0x1d]m[0xf0][0xb7][0xcd][0xe8][0x9c][0xcb]=[0xe8][0x8e]B[0x2][0x8c][0xdd][0xfe][0xf0][0xf0][0xe9][0xc3]=[0xba]}7}x[0xd0][0xe6]B[0xa3][0x9b][0xd1][0xa7][0xbd]V[0xa0][0xd3][0xb8]g;[0xcd][[0xbc]S[0xb3][0x9]E[0x84][0xa2]4R[0xd8][0xc3][0xa7][0xda][0x1b]TGA[0xac]E9[0x17]e[0x91][0xaf]X[0xd0]e[0xaa][0xc9]9_[0x9d][0x8e][0xae][0x1c][0x88][0xa7][0xbd][0xe1][0x94][0xb0][0xc3][0x1d][0x93]*[0xbe]i[0xa0][0x88][0xdb][0xf3]yHW5[0xf]mp$9[0xfd][0x9f]`[0xea]H[0xa2][0x9a]4[0xa8][0x3][0xbc][0xb0][0xc0][0xc5][0xa1][0xae][0x88][0x2][0xcf][0xb]I[0x85]1[0x9c]3Z2[0xf6][0xc7][0x4][0xfe]r[0xac]5[0x9][0x1][0x1][0xc7][0xbd]}[0x8b][0x99][0xeb]?[0xb8][0xd8][0xc][0xa7][0xf5]0[0x87][0x5][0xd4][0xdd][0xeb][0xbe]X[0xe1][0x9]|[0xd1][0xa9]W[0xe6][0xa6]A[0xc2]P[0x88][0xe3]E[0xe]:3[0xb6][0xfe][0x81][0x97][0xf8]A[0x14]ZP[0x8f][0xe6]`[0xd0][0xb9] [0x14][0xd2][0x5][0xcd][0xd9][0xd4][0x83]5;}![0x91]{[0xd4][0xcd][0xb9][0xad][0xef]a^[0xda][0x93]-zK[0x1c][0xe6]d[0xec][0x8c]6[0xea][0xb3]|[0x16][0x5][0xec][0xf4]EAE![0xdb][\r]q[0x96][0x91]l[0x8b]\[0x1e][0xd5][\r][0x94]X[0xfb][0x10][0xb1][0x99][0xc8]![0xbf][0x8b][0xe7][0xb4][0x85][0xe4][0x83][0x0]g,[0xf7][0xa0]][0x1b][0xc4][0x83]C[0xe4]2[0x82]][0x9f][0xa4]m[0xe4][0x9e][0x1f]"[0xd7][0xf4][0xcc]m[0x84][0xbf]:[0x88][0xc][0x10][0x9b][0xb1]v[0xa8]/[0xe]c#[0x8d][0xda][0x8][0xbd]<Dh[0x9e][0xb5]C[0xea][0x1c][0xa4]j[0x9]N[0xdb][0xea][0xc3]A[\n]"
19:35:08.644 [main] DEBUG org.apache.http.wire - http-outgoing-7 << "[0x91][0x92]E[0xc0][0xb9]m#[0xf8] [0x1a]0c$[0xf6]0[0xe8]D[0x1b]][0xdb][0xcb][0x5][0x2][0xd3]"[0x8c][0x6]?[0x8c][0xb9][0xe6]'0[0x93]k[0x11]~[0x83]Q[0xe]C[0xe5][0x19][0xc6][0xb6]x[0xca][0x12][0xec][0xca]'[0xe9]I[0xe0][0x8b][0xb0][0xfa]c[0xcb][0xb1][0xed]?[HZ[0xfd][0xb1]ue[[0xe2]p([0x15][0xef][0x9e][0xb4][0x12]ckf[0xe9][0xe6][0xe0]$[0x84][0x8d][0xba][0xe][0xa2][0x5][0xca]Rwl[0xf5][0xfa]A[0x4][0xb8]3yb[0xd4][[0x4][0xf3]R[0xdc][0xd7][0x17][0x95][0x8e][0xa8][0xcf][0xc5][0xf6][0x99]W[0x97].$[0x1e][0x8e][0xfd][\n]"
19:35:08.645 [main] DEBUG org.apache.http.wire - http-outgoing-7 << "[0xa0][0xcb][0xae][0xa9][0xfc][0xa8][0x89]D[0xd7]^[0xb0][0xd4]E[0xa5][0xf][0xb0][0x90][0xf0]QcK:/kR9[0xf8][0x82].B[0x98][0x84][0xc9]?S[0xf5][0xc9][0xf1][0x15][0x13][0x90][0xe5]EiW[0xe3]o[0xa6][0xf5][\n]"
19:35:08.645 [main] DEBUG org.apache.http.wire - http-outgoing-7 << "[0x1e][\n]"
19:35:08.645 [main] DEBUG org.apache.http.wire - http-outgoing-7 << "[0xf4][0xd5]IU'\C[0xd6]m[0x9c][1[0xc8][0xb9]][0x8c][0xe1][0xd8][0x93]k[0x12]%[0xc][0x94]@#o[0xe8][0xe2][0xd8]F[0xe0]l[0xae][0x1d]Mx[0x80]#Vo[0xb7][0x9c]b[0xb8][0xad][0x82]Z[0x8][0xd9][0xb]F[0xe4]"M[0x82]$[0xed][0xdd][0x9d][0xbc][0x0]-h[0xa9][0x88][0x4]YJ[0x15]f[0xa9][0xfc][0x9c][0x83][0x1f]G[0x90][0x9e][0x82][0xdf][0x15][0xbb][\n]"
19:35:08.645 [main] DEBUG org.apache.http.wire - http-outgoing-7 << "[0xb4]AlO[0x1][0x0]R[0xe7][0xa7]^[0xe2]'[0x16][0x8a][0x8][0xf3])[0xa0][0xfa][0xf8][0xe1][0xe1][0x93][0xc5][0xd7][0x17][0xba]b=[0x14]?"[0x3]*R2[0x1f][[0xbf][0x80][0xf3][0x96][0xfb]pX[0xf1]~#[0xb][0xd1][0xf8][0x9e][0x82][0xed][0xe3][0x11][0xd0][0xf8]d[0x5][0xc2][0xe9][0xaa][0x97]1[0xcc]r[0x10]q[0x8f]c[0x98][0xac]>s[0xe5]] [0xbc][0xe0]8[0xac][0x11]X [0x96][0xa7]`[0x8b][0xd3][0x9c][0x8c]N[\n]"
19:35:08.645 [main] DEBUG org.apache.http.wire - http-outgoing-7 << ")9[0xdb][0x10]Ro[0xab]4[0xf9][0xba][0x8f][0x8b]9[0x17][0xf3][0xde][0xb]^[0x99][0xfe]v[0xb8]?[0xf1][0xc6][0xcf][0x82]*$[0x1c][0x87][0xd4][0xf0]~-Y[0xd6][0x1d][0x9e]G[0xae][0x96]r[0x1c][0xea]"[0xe2]j[0x87][0xf9]V6[0x16]b%[0xe3]8[0xbc][0xca]k[0xb7]C[0xfb]C[0xf6]\v[0x85][0x84]c5W[0x87]pm[0x95]W[0xb6][0xa6][0xfe]J!G[0xaa]p[0x11][0xcd][0xb6][0xd4]`[0xd5][0xfe]y[\n]"
19:35:08.646 [main] DEBUG org.apache.http.wire - http-outgoing-7 << "[0xac][0x84][0x1c][0x7][0xb9][0x8c][0x8b][0xf6]@[0xfe]^5,@C[0xbe][0x96]~[0x16]}[0x96][0x92]e[0x9a]u[0xdc]$[0xcc][0x18]l[0xcf]4[0xde][0x12][0x92][0xa0]i[0xd1][0xfe]Y[0xc0]K1[0xc7][0xc1].b[0xdd]v[0xda][0xf2]Q6[0x16]d%[0xe3]H[0x9a][0xab][0xc9]O;[0xd4]S[0xb3][0xd3][0xf3][0xe8]6%[0x1d]7[0x83]J[0xee][0xbd][0x7][0xff];[0xba]@[0x1f]rf[0x8d][0xe]@\[0x5][0xac]$[0x8][0xa8][0x2]_[0x10]'9[0x93][0xb7][0xae][0x96][0x1f]x[0xb0][0x8d],[0x15][0xb4][0x88]$[0xc1]B2K[0xb0].Ut[0xb3][0xbd][0xbd][0x9c][0xc8][0xde]f\l![0xd5][0xb1]&[0x9c]"[0xc1][0xca]j[0xb5][0xea]-(]@l[0xef][0xd2]hB[0x96]A[0x88][0xc2] ~[0xe4]X9[0xa7][0xc8][0x12]aj[0x9f][0x7]0[0x95][0xc0][0xf9][0x80][0x88][0xcf][0x88]=y[0xc4].NL[0x0]9[0x81]][0x93][0x9e][0xa9]P[0x99][0x1f][0xe8][0xb3][0x91]5[0xf9]K<[0xcb][0x92][0x91][0x8c][0xd3][0x1b][0xc6]ZY[\r][0xb1][0x9f][0xc][0xcd][[0x4][0xe0][0xce][0x96][0xbc]H<M[0xba][0x1d][0x11]uv[0xc4]x[0x95]Q[0xf6][0x9e][0xe9][0xf4][0xfb][0xe8]M[0x91]cS[0x14][0xe1]G[0x82][0xb2]<%[0x88][0xf9]DxZ[0xb4][0xc2][0xdc]RB[0x9d]G`[0xe2][0xb2][0x82][0x87]d[0xa7][0xd9][0xb][0xe8]m[0xe6][0x91]|d[0xf]3[0x9d]E[0xc2][0x4][0x83][0xf9])*rE[0x11][0xc7][0xa9][0xfb]9[0xfe]]&[0x94]h[0x82]l[0xc4];[0xf0][0xbc]s[0x89]S[0xe4][0xd2]x[0x1e][0xa4][0x11][0xf1][0xd0]X?=y-[0xc6][0x6]&[0x10][0x16][0x83][0x3][0x1b]a[0x8]IIV[0x81]U[0xc4]__[0xe9][0xa0][0xe6]+4[0xcb]C[0xa8][0xf]b[0xf8][0xca]p[0xea][0x5][0xbc][0xac]4[0xb6][0xf0]=[0xcb][0x80].[0xb1]![0xe1]![0xf6][0x94];[0x91][0xb6][0x1c][0xe6][0xed]c[0x86][0xa8][0xeb][0x2]%[0x1e][0xf2][0xf2][0x94]C[0x10]eb[0x6][0xe8][0x9f]1[0xfc]O[0x81][0xae]5[0xcd][0x5]o[0xdf][0x9e]@[0x16][0xdc][0xed][0xf0][0x89][0x1b][0x13][0x19][0x8b][0xfd][0x4][0xd3][0xec][0xc0]$7[0x18])[0xb2][0xe7][0xce][0xef][0x9c][0x7][0xf1]F[0xc2][0x8c](RpHRvj[0xfd][0x8]#Dy[0xc6][0x90]dP[0x13]Q,L[0xcf][0x12][0xf9][0xb7][0xe8][0xce][0xf][0xf8]v[0xac]-[0x8d][0xc3]5[0xbc]AR[0xeb][0x13][0xf7]qF[0x9f][0x90][0x8f]34#$F[0xfa][0xfa][0xb4][0xb6][0xb4][0xba]aq0[0xd7]rqa[0xe6]N[0xb1][0xba][[0xe7][0xdd]0[0xe9]v[0x9a][0xe3]hJ[\r][0x8e]\[0x1c][0xcb][0x9][0x12]/`b[0x96][0x82]',[0x18][0xb]"[0xc9][0x13]0[0xdd][0x11][0xa3][0xd5]{73[0xcc]E[0xe9]~[0xbb](~[0xe4][0xae][0x19]t[0xc7]}Dt[0x8e]|[0xba][0x2][0xd2][0xe3][0xb5][0xc1][0x1e][0x2][0xe7]%[0x1f]7([0xce][0x13][0xbe]w$[0xc7])][0x15]4[0xc3]w[0xd8][0x9][0xfc][0xfd][0xaf]h0R[0xc4][0xd7][0xa8][0x1][0xbc]B[0x83][0x82]f?[0xf7][0x94][0xfc]m[0xb4]o[0xac][0x11][0xba][0xc7][0xcc][0xef][0x9][0xdb]W[0x17]\o[0xfc][0x2]@8[0x8d][0xb][0xf6]yG93F[0xa9][0x9f]([0xf9][0xce][0xc4]L[0xf6][0xae][0xfb]P[0xd0]5[0xbc][0xa8][0xb2][0xaa][0xd5][0x13][0xb]m>_][0xd8]V[0xc5][0xce]Z[0xea]Y[Z[0xfe][0xac][0xc][0xb2]U=t[0xe2][0xef]F[0x92].[0xa0][0xb7]K[0xd2]k[0xe]n[0x96]3[0x6][0xf9][0xb4]vjS[0xcf][0xe3]n[0xfc]6[0xc][0xdc][0xc7][0xb1]U[0xa3][0xc6]<z[0xbb][0x1a]m[0xdb]A{[0xc7][0xb8][0x3][0x5]n7[0x88]3[0x18][0x99][0x9b]}[0xbf]hi[0x9a][0xb7][0xb][0x97][0xd6][0xa9]\[0xdc][0xb1]3*[0x1d][0x85][0x12]_F@[0xc6]i[0x9b][0xb9]B[0xf5][0xd5]+V[0xeb][0xca][0xd2][0xe][0xd6][0xb8][0xdb][0xd7][0xde]5[0xd5]u[0xf2][0x8a]V[0x17]{[0x85][0xaf][0x96]^[0x1a][0x8a]|[0x91][0xf6][0xeb][0x9f][0x98][0xf9]E[0xe9][0x3][0xf8][0xc][0x86]^[0x3][0xd6]J[0xf1][0x1d][0xf8][0x89]j!?[0xfe]1[0x6][0xa4][0xb0][0xa6][0xdc]![0x8b][0xd1]*[0xec]iru|#[0xe9][0xf9][0xe9]g#[0xc6])[0xa9]4m[0x82][0xc3][0xa3][0xbd][0xbe][\n]"
19:35:08.646 [main] DEBUG org.apache.http.wire - http-outgoing-7 << "-[0x94]d[0x7]<^[0xb5]`[0xd0][0xb7][0x9d][0xfe][0xc0][0x1e][0xd8][0xf5]b[0xf8]7[0x8b][0xb9]V[0x1b]g[0x87][0xfa][0x18][0xea][0xff]z[0xba]]Ok[0x8a][0xca]/[0xe1][0xe4][0xbd][0xde][0xd8][0x82][0xe0][0xc0][0x9a][0xbc]Db[0x88][0xc3][0x83][0x14][0x14][0xc4][0x88]'[0xed]E[0x95][0xc]Dx[0xe3][0xa0]<[0x13][0xc9]*[0x98][0x95][0x8c][0xe8]~<[0xb6][0x8d][0x19][0x8f][0xfe]4,[0x8e]K[0x1a]<H[0x93][0x16]dX[0x4][0xcb]F[0xd8]7[0xac][0xfb][0xd5][0x8d][0x89][0xdb][0xf5][0xf5][0xab]^[0xb0][0xd4]*i[0xcc][0xab][0xb][0xce][0xb6].[0xbd][0xde][0x1a][0xb5][0x1f]h[0xed][0xce]`[0xfe]F[0xb9][[0xe5]M[0x91][0xf3][0x8c]4[0xc6][0xe1]I[0x81][0xdc][0xf4][0xfc][0xe6]SQTW[0x98]j[0xe2]Q[0xd2][0xb2][0xa9]Z[0xd5][0x96][0xa5][0xfb][0xda][0xd7][0xb2])G[0xda][0xd1]\Rkf?[0xbb][0xdb][0x1b])[0xd5][0x1f][0x90]QUN[0xbe][0xd1][0xd6][0x1b][0x87][0x8b][0x81][0xdd][0xf2][0x8e]A[0x1f][0xe1][0x1b]W'[0x9b][0x19][0x8d]([0x94]G[0xef][0xca][0xf0][0x9a][0xd7]![0x86]E[0xeb][0xa8][0xba][0x8e][0xbe])1!"[0xc3][0xf6][0x97][0xe9][0xe0]r_>h[0x1c][0xff]Km[0xd2][0x8e]Dl[0xc4][0x1a]![0xbb]/[0x2][0xca][0xc][0xae][0xed][0x9d][0x84][0xd9][0xa5][0x19][0x9e][0xfc][0x85][0xd9]a[0x17]&[0xfb][0xa4][0x1d]rk[0xd2]V[0xe6][0x9e][[0x94][\n]"
19:35:08.646 [main] DEBUG org.apache.http.wire - http-outgoing-7 << "u[0x94][0xab]K<~[0x85]f[0x8b][il[0xd5]o[0xd7][0xca][0x19][0xc]l[0xa5][0x16][0xe5][0xbe][0x86][0x7][0xde]M[0x83][0x94][0xbf][0xe9][0xb0]&[0x1f][0xe9][0x8a][0xf0]D[0xee]f[\r][0x11]&[0x4][0x95][0xd0]d[0x2][0xda][0xf]N~A@[0xd0][0xbf]n[0xde]M[0xdf][0xbf][0xd5][0xa7].>c[0xc9][0xb0][0xdf][0xe7][0xbb]"I[0x1]?#8I[0xc0]u[0xc8][0xcc][0x90]o[0x11][0xab].[0xbf][0xfc][0xd9]zq[0xb8]c[0xd8][0x9a][0xe6][0xfd][0x2][0xdf][0xc4][0x1d])[0xff]"~[0xc][0xff]o[0xb8]X[0xc3]D[0x13]/[0x0][0x0]"
19:35:08.650 [main] DEBUG org.apache.http.headers - http-outgoing-7 << HTTP/1.1 200 OK
19:35:08.660 [main] DEBUG org.apache.http.headers - http-outgoing-7 << Date: Wed, 14 May 2014 17:35:08 GMT
19:35:08.660 [main] DEBUG org.apache.http.headers - http-outgoing-7 << Server: Apache/2.4.6 (Ubuntu)
19:35:08.660 [main] DEBUG org.apache.http.headers - http-outgoing-7 << X-Powered-By: PHP/5.5.3-1ubuntu2.2
19:35:08.660 [main] DEBUG org.apache.http.headers - http-outgoing-7 << Expires: Thu, 19 Nov 1981 08:52:00 GMT
19:35:08.660 [main] DEBUG org.apache.http.headers - http-outgoing-7 << Cache-Control: no-store, no-cache, must-revalidate, post-check=0, pre-check=0
19:35:08.661 [main] DEBUG org.apache.http.headers - http-outgoing-7 << Pragma: no-cache
19:35:08.661 [main] DEBUG org.apache.http.headers - http-outgoing-7 << Vary: Accept-Encoding
19:35:08.661 [main] DEBUG org.apache.http.headers - http-outgoing-7 << Content-Encoding: gzip
19:35:08.661 [main] DEBUG org.apache.http.headers - http-outgoing-7 << Content-Length: 2645
19:35:08.661 [main] DEBUG org.apache.http.headers - http-outgoing-7 << Keep-Alive: timeout=5, max=100
19:35:08.661 [main] DEBUG org.apache.http.headers - http-outgoing-7 << Connection: Keep-Alive
19:35:08.661 [main] DEBUG org.apache.http.headers - http-outgoing-7 << Content-Type: text/html
19:35:08.662 [main] DEBUG o.a.h.impl.execchain.MainClientExec - Connection can be kept alive for 5000 MILLISECONDS
19:35:08.720 [main] DEBUG o.a.h.i.c.PoolingHttpClientConnectionManager - Connection [id: 7][route: {}->http://localhost:80] can be kept alive for 5.0 seconds
19:35:08.720 [main] DEBUG o.a.h.i.c.PoolingHttpClientConnectionManager - Connection released: [id: 7][route: {}->http://localhost:80][total kept alive: 1; route allocated: 1 of 6; total allocated: 1 of 20]
19:35:08.722 [main] DEBUG c.g.htmlunit.html.HtmlElement - Firing Event unload (Current Target: HTMLElement for HtmlHtml[<html>]);
19:35:08.722 [main] DEBUG c.g.htmlunit.WebWindowImpl - setEnclosedPage: HtmlPage(http://localhost/schoolmate/index.php)@10178530
19:35:08.722 [main] DEBUG c.g.htmlunit.WebWindowImpl - destroyChildren
19:35:09.039 [main] DEBUG c.g.htmlunit.html.HtmlScript - Script node added: <script language="JavaScript">
//<![CDATA[

  function logoutAdmin()
  {
	document.admin.logout.value=1;
	document.admin.submit();
  }

  function classes()
  {
	document.admin.page2.value=0;
	document.admin.submit();
  }

  function schoolInfo()
  {
	document.admin.page2.value=1;
	document.admin.submit();
  }

  function students()
  {
	document.admin.page2.value=2;
	document.admin.submit();
  }

  function teachers()
  {
	document.admin.page2.value=3;
	document.admin.submit();
  }

  function announcements()
  {
	document.admin.page2.value=4;
	document.admin.submit();
  }

  function semesters()
  {
	document.admin.page2.value=5;
	document.admin.submit();
  }

  function terms()
  {
	document.admin.page2.value=6;
	document.admin.submit();
  }

  function users()
  {
	document.admin.page2.value=10;
	document.admin.submit();
  }

  function parents()
  {
	document.admin.page2.value=22;
	document.admin.submit();
  }

  function register()
  {
	document.admin.page2.value=26;
	document.admin.submit();
  }

  function attendance()
  {
	document.admin.page2.value=30;
	document.admin.submit();
  }
 
//]]]]><![CDATA[>
</script>

19:35:09.338 [Finalizer] DEBUG o.a.h.i.c.PoolingHttpClientConnectionManager - Connection manager is shutting down
19:35:09.378 [Finalizer] DEBUG o.a.h.i.c.DefaultManagedHttpClientConnection - http-outgoing-2: Close connection
19:35:09.444 [Finalizer] DEBUG o.a.h.i.c.DefaultManagedHttpClientConnection - http-outgoing-2: Close connection
19:35:09.445 [Finalizer] DEBUG o.a.h.i.c.PoolingHttpClientConnectionManager - Connection manager shut down
19:35:09.450 [main] DEBUG c.g.htmlunit.html.HtmlScript - Script node added: <script language="JavaScript">
//<![CDATA[

  // Function to make sure the user wants to delete the term(s) //
  function validate()
  {
   if( document.terms.selectterm.value > 0 )
   {
	var confirmed = confirm("Deleteing a term will also delete the semesters, classes, bulletins, tardies, attendance, assignments, and registrations that occured during that term. \n \nAre you sure?");

	if( confirmed == true )
	{
	 document.terms.submit();
	}
   }
   else
   {
	alert('You must select a term to delete.');
   }
  }


  // Function to make sure only one checkbox has been selected //
  function checkboxes()
  {
   if( document.terms.selectterm.value == 1 )
   {
	document.terms.submit();
   }
   else
   {
	if( document.terms.selectterm.value > 1 )
	{
	 alert('You can only edit one term at a time.');
	}
	else
	{
	 alert('You must select a term to edit.');
	}
   }
  }


  // Function to keep track of how many checkboxes are checked //
  function updateboxes(row)
  {
   row = row + 2;
   if(document.terms.elements[row].checked)
   {
	document.terms.selectterm.value = Math.round(document.terms.selectterm.value) + 1;
   }
   else
   {
	document.terms.selectterm.value = Math.round(document.terms.selectterm.value) - 1;
   }
  }
 
//]]]]><![CDATA[>
</script>

19:35:09.480 [Finalizer] DEBUG o.a.h.i.c.PoolingHttpClientConnectionManager - Connection manager is shutting down
19:35:09.480 [Finalizer] DEBUG o.a.h.i.c.DefaultManagedHttpClientConnection - http-outgoing-4: Close connection
19:35:09.512 [Finalizer] DEBUG o.a.h.i.c.DefaultManagedHttpClientConnection - http-outgoing-4: Close connection
19:35:09.512 [Finalizer] DEBUG o.a.h.i.c.PoolingHttpClientConnectionManager - Connection manager shut down
19:35:09.514 [Finalizer] DEBUG o.a.h.i.c.PoolingHttpClientConnectionManager - Connection manager is shutting down
19:35:09.514 [Finalizer] DEBUG o.a.h.i.c.DefaultManagedHttpClientConnection - http-outgoing-5: Close connection
19:35:09.538 [Finalizer] DEBUG o.a.h.i.c.DefaultManagedHttpClientConnection - http-outgoing-5: Close connection
19:35:09.538 [Finalizer] DEBUG o.a.h.i.c.PoolingHttpClientConnectionManager - Connection manager shut down
19:35:09.618 [Finalizer] DEBUG o.a.h.i.c.PoolingHttpClientConnectionManager - Connection manager is shutting down
19:35:09.618 [Finalizer] DEBUG o.a.h.i.c.DefaultManagedHttpClientConnection - http-outgoing-6: Close connection
19:35:09.634 [Finalizer] DEBUG o.a.h.i.c.DefaultManagedHttpClientConnection - http-outgoing-6: Close connection
19:35:09.634 [Finalizer] DEBUG o.a.h.i.c.PoolingHttpClientConnectionManager - Connection manager shut down
19:35:09.649 [Finalizer] DEBUG o.a.h.i.c.PoolingHttpClientConnectionManager - Connection manager is shutting down
19:35:09.650 [Finalizer] DEBUG o.a.h.i.c.DefaultManagedHttpClientConnection - http-outgoing-1: Close connection
19:35:09.677 [Finalizer] DEBUG o.a.h.i.c.DefaultManagedHttpClientConnection - http-outgoing-1: Close connection
19:35:09.677 [Finalizer] DEBUG o.a.h.i.c.PoolingHttpClientConnectionManager - Connection manager shut down
19:35:09.698 [main] DEBUG n.s.j.h.HtmlUnitTestingEngineImpl - Window "" changed : "SchoolMate - School Name" became "SchoolMate - School Name
19:35:09.698 [main] DEBUG c.g.htmlunit.html.HtmlElement - Firing Event DOMContentLoaded (Current Target: HTMLElement for HtmlHtml[<html>]);
19:35:09.699 [main] DEBUG c.g.htmlunit.html.HtmlElement - Firing Event load (Current Target: HTMLElement for HtmlHtml[<html>]);
]]></system-out>
  <system-err><![CDATA[]]></system-err>
</testsuite>
